<?xml version="1.0" encoding="UTF-8"?>
<coverage generated="1748783924604" clover="3.2.0">
  <project timestamp="1748783924604" name="All files">
    <metrics statements="3064" coveredstatements="889" conditionals="1875" coveredconditionals="351" methods="369" coveredmethods="109" elements="5308" coveredelements="1349" complexity="0" loc="3064" ncloc="3064" packages="5" files="21" classes="21"/>
    <package name="scripts">
      <metrics statements="73" coveredstatements="24" conditionals="16" coveredconditionals="3" methods="3" coveredmethods="1"/>
      <file name="fix-ratings-log.js" path="/home/david/Projects/CitizenRadio/scripts/fix-ratings-log.js">
        <metrics statements="73" coveredstatements="24" conditionals="16" coveredconditionals="3" methods="3" coveredmethods="1"/>
        <line num="1" count="1" type="stmt"/>
        <line num="2" count="1" type="stmt"/>
        <line num="3" count="1" type="stmt"/>
        <line num="6" count="1" type="stmt"/>
        <line num="9" count="1" type="stmt"/>
        <line num="10" count="1" type="stmt"/>
        <line num="16" count="1" type="stmt"/>
        <line num="18" count="1" type="stmt"/>
        <line num="20" count="1" type="cond" truecount="1" falsecount="1"/>
        <line num="21" count="0" type="stmt"/>
        <line num="22" count="0" type="stmt"/>
        <line num="26" count="1" type="stmt"/>
        <line num="27" count="1" type="stmt"/>
        <line num="28" count="1" type="stmt"/>
        <line num="30" count="0" type="stmt"/>
        <line num="34" count="1" type="stmt"/>
        <line num="35" count="1" type="stmt"/>
        <line num="38" count="1" type="stmt"/>
        <line num="41" count="1" type="cond" truecount="1" falsecount="1"/>
        <line num="42" count="0" type="stmt"/>
        <line num="43" count="0" type="stmt"/>
        <line num="47" count="1" type="stmt"/>
        <line num="48" count="1" type="stmt"/>
        <line num="49" count="1" type="stmt"/>
        <line num="52" count="1" type="stmt"/>
        <line num="53" count="1" type="stmt"/>
        <line num="55" count="1" type="stmt"/>
        <line num="57" count="0" type="stmt"/>
        <line num="60" count="0" type="stmt"/>
        <line num="63" count="0" type="stmt"/>
        <line num="66" count="0" type="stmt"/>
        <line num="69" count="0" type="stmt"/>
        <line num="72" count="0" type="cond" truecount="0" falsecount="2"/>
        <line num="73" count="0" type="cond" truecount="0" falsecount="2"/>
        <line num="75" count="0" type="cond" truecount="0" falsecount="2"/>
        <line num="76" count="0" type="stmt"/>
        <line num="77" count="0" type="stmt"/>
        <line num="80" count="0" type="stmt"/>
        <line num="81" count="0" type="stmt"/>
        <line num="82" count="0" type="stmt"/>
        <line num="85" count="0" type="stmt"/>
        <line num="86" count="0" type="stmt"/>
        <line num="88" count="0" type="stmt"/>
        <line num="90" count="0" type="stmt"/>
        <line num="93" count="0" type="stmt"/>
        <line num="95" count="0" type="stmt"/>
        <line num="96" count="0" type="cond" truecount="0" falsecount="4"/>
        <line num="97" count="0" type="stmt"/>
        <line num="99" count="0" type="stmt"/>
        <line num="100" count="0" type="stmt"/>
        <line num="103" count="0" type="stmt"/>
        <line num="104" count="0" type="stmt"/>
        <line num="106" count="0" type="stmt"/>
        <line num="108" count="0" type="stmt"/>
        <line num="112" count="0" type="stmt"/>
        <line num="116" count="0" type="stmt"/>
        <line num="117" count="0" type="stmt"/>
        <line num="118" count="0" type="stmt"/>
        <line num="119" count="0" type="stmt"/>
        <line num="121" count="0" type="stmt"/>
        <line num="125" count="0" type="stmt"/>
        <line num="128" count="0" type="stmt"/>
        <line num="129" count="0" type="stmt"/>
        <line num="130" count="0" type="stmt"/>
        <line num="131" count="0" type="stmt"/>
        <line num="132" count="0" type="stmt"/>
        <line num="134" count="0" type="stmt"/>
        <line num="135" count="0" type="stmt"/>
        <line num="141" count="1" type="cond" truecount="1" falsecount="1"/>
        <line num="142" count="0" type="stmt"/>
        <line num="143" count="0" type="stmt"/>
        <line num="144" count="0" type="stmt"/>
        <line num="148" count="1" type="stmt"/>
      </file>
    </package>
    <package name="src.core">
      <metrics statements="551" coveredstatements="222" conditionals="312" coveredconditionals="117" methods="71" coveredmethods="24"/>
      <file name="config.js" path="/home/david/Projects/CitizenRadio/src/core/config.js">
        <metrics statements="66" coveredstatements="50" conditionals="70" coveredconditionals="55" methods="3" coveredmethods="3"/>
        <line num="4" count="16" type="stmt"/>
        <line num="5" count="16" type="stmt"/>
        <line num="9" count="16" type="cond" truecount="1" falsecount="2"/>
        <line num="14" count="16" type="cond" truecount="1" falsecount="1"/>
        <line num="15" count="16" type="stmt"/>
        <line num="16" count="16" type="stmt"/>
        <line num="44" count="0" type="stmt"/>
        <line num="45" count="0" type="stmt"/>
        <line num="46" count="0" type="stmt"/>
        <line num="47" count="0" type="stmt"/>
        <line num="48" count="0" type="stmt"/>
        <line num="50" count="0" type="stmt"/>
        <line num="51" count="0" type="stmt"/>
        <line num="56" count="16" type="stmt"/>
        <line num="57" count="16" type="stmt"/>
        <line num="65" count="16" type="stmt"/>
        <line num="68" count="16" type="stmt"/>
        <line num="69" count="16" type="stmt"/>
        <line num="73" count="16" type="cond" truecount="4" falsecount="0"/>
        <line num="74" count="1" type="cond" truecount="1" falsecount="1"/>
        <line num="75" count="0" type="stmt"/>
        <line num="79" count="1" type="stmt"/>
        <line num="82" count="16" type="cond" truecount="2" falsecount="0"/>
        <line num="83" count="2" type="cond" truecount="1" falsecount="1"/>
        <line num="84" count="0" type="stmt"/>
        <line num="88" count="2" type="stmt"/>
        <line num="91" count="16" type="cond" truecount="5" falsecount="0"/>
        <line num="92" count="1" type="cond" truecount="1" falsecount="1"/>
        <line num="93" count="0" type="stmt"/>
        <line num="97" count="1" type="stmt"/>
        <line num="101" count="16" type="stmt"/>
        <line num="102" count="16" type="stmt"/>
        <line num="103" count="16" type="stmt"/>
        <line num="104" count="16" type="stmt"/>
        <line num="105" count="16" type="stmt"/>
        <line num="109" count="16" type="cond" truecount="3" falsecount="1"/>
        <line num="110" count="0" type="stmt"/>
        <line num="112" count="0" type="stmt"/>
        <line num="115" count="16" type="stmt"/>
        <line num="116" count="6" type="cond" truecount="5" falsecount="0"/>
        <line num="117" count="1" type="stmt"/>
        <line num="119" count="6" type="cond" truecount="4" falsecount="0"/>
        <line num="120" count="1" type="stmt"/>
        <line num="121" count="1" type="cond" truecount="3" falsecount="1"/>
        <line num="123" count="6" type="cond" truecount="4" falsecount="0"/>
        <line num="124" count="1" type="stmt"/>
        <line num="125" count="1" type="cond" truecount="3" falsecount="1"/>
        <line num="127" count="6" type="cond" truecount="1" falsecount="1"/>
        <line num="128" count="0" type="stmt"/>
        <line num="134" count="16" type="stmt"/>
        <line num="141" count="16" type="cond" truecount="2" falsecount="0"/>
        <line num="142" count="1" type="stmt"/>
        <line num="143" count="15" type="cond" truecount="1" falsecount="1"/>
        <line num="144" count="15" type="stmt"/>
        <line num="147" count="16" type="cond" truecount="2" falsecount="0"/>
        <line num="148" count="1" type="stmt"/>
        <line num="149" count="15" type="cond" truecount="1" falsecount="1"/>
        <line num="150" count="15" type="stmt"/>
        <line num="155" count="16" type="cond" truecount="1" falsecount="1"/>
        <line num="156" count="0" type="stmt"/>
        <line num="157" count="0" type="stmt"/>
        <line num="158" count="16" type="cond" truecount="1" falsecount="1"/>
        <line num="160" count="0" type="stmt"/>
        <line num="163" count="16" type="stmt"/>
        <line num="164" count="16" type="stmt"/>
        <line num="170" count="16" type="stmt"/>
      </file>
      <file name="orchestrator.js" path="/home/david/Projects/CitizenRadio/src/core/orchestrator.js">
        <metrics statements="155" coveredstatements="11" conditionals="92" coveredconditionals="0" methods="14" coveredmethods="0"/>
        <line num="1" count="9" type="stmt"/>
        <line num="2" count="9" type="stmt"/>
        <line num="3" count="9" type="stmt"/>
        <line num="4" count="9" type="stmt"/>
        <line num="5" count="9" type="stmt"/>
        <line num="6" count="9" type="stmt"/>
        <line num="7" count="9" type="stmt"/>
        <line num="8" count="9" type="stmt"/>
        <line num="9" count="9" type="stmt"/>
        <line num="10" count="9" type="stmt"/>
        <line num="11" count="9" type="stmt"/>
        <line num="12" count="0" type="stmt"/>
        <line num="13" count="0" type="stmt"/>
        <line num="14" count="0" type="stmt"/>
        <line num="16" count="0" type="stmt"/>
        <line num="17" count="0" type="stmt"/>
        <line num="18" count="0" type="cond" truecount="0" falsecount="2"/>
        <line num="19" count="0" type="stmt"/>
        <line num="22" count="0" type="stmt"/>
        <line num="35" count="0" type="cond" truecount="0" falsecount="2"/>
        <line num="36" count="0" type="stmt"/>
        <line num="37" count="0" type="stmt"/>
        <line num="38" count="0" type="stmt"/>
        <line num="39" count="0" type="cond" truecount="0" falsecount="2"/>
        <line num="40" count="0" type="stmt"/>
        <line num="41" count="0" type="stmt"/>
        <line num="42" count="0" type="stmt"/>
        <line num="45" count="0" type="stmt"/>
        <line num="47" count="0" type="stmt"/>
        <line num="48" count="0" type="stmt"/>
        <line num="55" count="0" type="stmt"/>
        <line num="56" count="0" type="cond" truecount="0" falsecount="4"/>
        <line num="57" count="0" type="stmt"/>
        <line num="59" count="0" type="cond" truecount="0" falsecount="2"/>
        <line num="62" count="0" type="stmt"/>
        <line num="64" count="0" type="stmt"/>
        <line num="65" count="0" type="cond" truecount="0" falsecount="2"/>
        <line num="67" count="0" type="stmt"/>
        <line num="68" count="0" type="cond" truecount="0" falsecount="4"/>
        <line num="71" count="0" type="stmt"/>
        <line num="75" count="0" type="stmt"/>
        <line num="79" count="0" type="stmt"/>
        <line num="81" count="0" type="stmt"/>
        <line num="83" count="0" type="cond" truecount="0" falsecount="2"/>
        <line num="84" count="0" type="stmt"/>
        <line num="85" count="0" type="cond" truecount="0" falsecount="4"/>
        <line num="86" count="0" type="stmt"/>
        <line num="87" count="0" type="stmt"/>
        <line num="89" count="0" type="cond" truecount="0" falsecount="4"/>
        <line num="90" count="0" type="stmt"/>
        <line num="91" count="0" type="stmt"/>
        <line num="97" count="0" type="cond" truecount="0" falsecount="2"/>
        <line num="99" count="0" type="stmt"/>
        <line num="100" count="0" type="cond" truecount="0" falsecount="2"/>
        <line num="102" count="0" type="stmt"/>
        <line num="106" count="0" type="stmt"/>
        <line num="108" count="0" type="cond" truecount="0" falsecount="2"/>
        <line num="110" count="0" type="cond" truecount="0" falsecount="2"/>
        <line num="111" count="0" type="stmt"/>
        <line num="113" count="0" type="stmt"/>
        <line num="117" count="0" type="stmt"/>
        <line num="119" count="0" type="stmt"/>
        <line num="122" count="0" type="cond" truecount="0" falsecount="2"/>
        <line num="123" count="0" type="stmt"/>
        <line num="126" count="0" type="stmt"/>
        <line num="127" count="0" type="stmt"/>
        <line num="131" count="0" type="stmt"/>
        <line num="133" count="0" type="stmt"/>
        <line num="135" count="0" type="cond" truecount="0" falsecount="4"/>
        <line num="136" count="0" type="stmt"/>
        <line num="137" count="0" type="stmt"/>
        <line num="138" count="0" type="stmt"/>
        <line num="141" count="0" type="cond" truecount="0" falsecount="2"/>
        <line num="142" count="0" type="stmt"/>
        <line num="144" count="0" type="stmt"/>
        <line num="148" count="0" type="stmt"/>
        <line num="152" count="0" type="stmt"/>
        <line num="157" count="0" type="stmt"/>
        <line num="158" count="0" type="stmt"/>
        <line num="160" count="0" type="cond" truecount="0" falsecount="4"/>
        <line num="162" count="0" type="cond" truecount="0" falsecount="4"/>
        <line num="163" count="0" type="stmt"/>
        <line num="167" count="0" type="stmt"/>
        <line num="173" count="0" type="stmt"/>
        <line num="174" count="0" type="stmt"/>
        <line num="177" count="0" type="cond" truecount="0" falsecount="2"/>
        <line num="178" count="0" type="stmt"/>
        <line num="179" count="0" type="stmt"/>
        <line num="183" count="0" type="cond" truecount="0" falsecount="4"/>
        <line num="185" count="0" type="stmt"/>
        <line num="188" count="0" type="stmt"/>
        <line num="191" count="0" type="stmt"/>
        <line num="193" count="0" type="stmt"/>
        <line num="194" count="0" type="cond" truecount="0" falsecount="2"/>
        <line num="199" count="0" type="cond" truecount="0" falsecount="4"/>
        <line num="200" count="0" type="stmt"/>
        <line num="205" count="0" type="stmt"/>
        <line num="210" count="0" type="cond" truecount="0" falsecount="2"/>
        <line num="212" count="0" type="stmt"/>
        <line num="216" count="0" type="stmt"/>
        <line num="220" count="0" type="stmt"/>
        <line num="223" count="0" type="stmt"/>
        <line num="225" count="0" type="stmt"/>
        <line num="229" count="0" type="stmt"/>
        <line num="231" count="0" type="stmt"/>
        <line num="233" count="0" type="cond" truecount="0" falsecount="2"/>
        <line num="234" count="0" type="stmt"/>
        <line num="235" count="0" type="stmt"/>
        <line num="238" count="0" type="stmt"/>
        <line num="241" count="0" type="cond" truecount="0" falsecount="4"/>
        <line num="243" count="0" type="stmt"/>
        <line num="244" count="0" type="stmt"/>
        <line num="246" count="0" type="stmt"/>
        <line num="247" count="0" type="stmt"/>
        <line num="251" count="0" type="cond" truecount="0" falsecount="2"/>
        <line num="252" count="0" type="stmt"/>
        <line num="256" count="0" type="cond" truecount="0" falsecount="4"/>
        <line num="257" count="0" type="stmt"/>
        <line num="262" count="0" type="stmt"/>
        <line num="265" count="0" type="cond" truecount="0" falsecount="2"/>
        <line num="266" count="0" type="stmt"/>
        <line num="267" count="0" type="stmt"/>
        <line num="268" count="0" type="stmt"/>
        <line num="269" count="0" type="stmt"/>
        <line num="270" count="0" type="stmt"/>
        <line num="272" count="0" type="stmt"/>
        <line num="274" count="0" type="stmt"/>
        <line num="275" count="0" type="stmt"/>
        <line num="280" count="0" type="stmt"/>
        <line num="284" count="0" type="cond" truecount="0" falsecount="4"/>
        <line num="285" count="0" type="stmt"/>
        <line num="286" count="0" type="stmt"/>
        <line num="287" count="0" type="stmt"/>
        <line num="294" count="0" type="stmt"/>
        <line num="295" count="0" type="stmt"/>
        <line num="296" count="0" type="stmt"/>
        <line num="297" count="0" type="stmt"/>
        <line num="298" count="0" type="stmt"/>
        <line num="299" count="0" type="cond" truecount="0" falsecount="2"/>
        <line num="300" count="0" type="stmt"/>
        <line num="301" count="0" type="cond" truecount="0" falsecount="2"/>
        <line num="302" count="0" type="stmt"/>
        <line num="306" count="0" type="stmt"/>
        <line num="309" count="0" type="cond" truecount="0" falsecount="2"/>
        <line num="310" count="0" type="stmt"/>
        <line num="314" count="0" type="stmt"/>
        <line num="315" count="0" type="stmt"/>
        <line num="318" count="0" type="stmt"/>
        <line num="319" count="0" type="stmt"/>
        <line num="320" count="0" type="stmt"/>
        <line num="322" count="0" type="stmt"/>
        <line num="327" count="0" type="stmt"/>
        <line num="335" count="0" type="stmt"/>
        <line num="343" count="0" type="stmt"/>
        <line num="349" count="0" type="stmt"/>
      </file>
      <file name="streamer.js" path="/home/david/Projects/CitizenRadio/src/core/streamer.js">
        <metrics statements="330" coveredstatements="161" conditionals="150" coveredconditionals="62" methods="54" coveredmethods="21"/>
        <line num="4" count="4" type="stmt"/>
        <line num="5" count="4" type="stmt"/>
        <line num="6" count="4" type="stmt"/>
        <line num="7" count="4" type="stmt"/>
        <line num="8" count="4" type="stmt"/>
        <line num="16" count="7" type="cond" truecount="2" falsecount="0"/>
        <line num="17" count="7" type="cond" truecount="2" falsecount="0"/>
        <line num="18" count="7" type="cond" truecount="2" falsecount="0"/>
        <line num="19" count="7" type="cond" truecount="2" falsecount="0"/>
        <line num="20" count="7" type="stmt"/>
        <line num="22" count="7" type="stmt"/>
        <line num="25" count="7" type="cond" truecount="1" falsecount="1"/>
        <line num="27" count="7" type="stmt"/>
        <line num="28" count="0" type="cond" truecount="0" falsecount="2"/>
        <line num="30" count="0" type="stmt"/>
        <line num="33" count="0" type="stmt"/>
        <line num="37" count="7" type="cond" truecount="1" falsecount="1"/>
        <line num="40" count="7" type="stmt"/>
        <line num="44" count="7" type="stmt"/>
        <line num="46" count="7" type="stmt"/>
        <line num="52" count="4" type="stmt"/>
        <line num="58" count="0" type="stmt"/>
        <line num="65" count="13" type="stmt"/>
        <line num="66" count="13" type="stmt"/>
        <line num="68" count="40" type="stmt"/>
        <line num="69" count="30" type="stmt"/>
        <line num="71" count="13" type="cond" truecount="2" falsecount="0"/>
        <line num="72" count="1" type="stmt"/>
        <line num="75" count="12" type="stmt"/>
        <line num="83" count="11" type="stmt"/>
        <line num="84" count="11" type="stmt"/>
        <line num="85" count="11" type="stmt"/>
        <line num="88" count="11" type="stmt"/>
        <line num="89" count="11" type="stmt"/>
        <line num="92" count="11" type="stmt"/>
        <line num="93" count="11" type="stmt"/>
        <line num="94" count="11" type="stmt"/>
        <line num="96" count="0" type="stmt"/>
        <line num="100" count="11" type="stmt"/>
        <line num="102" count="11" type="cond" truecount="2" falsecount="0"/>
        <line num="103" count="9" type="stmt"/>
        <line num="107" count="10" type="stmt"/>
        <line num="108" count="10" type="stmt"/>
        <line num="110" count="1" type="stmt"/>
        <line num="113" count="11" type="stmt"/>
        <line num="115" count="11" type="cond" truecount="2" falsecount="0"/>
        <line num="116" count="3" type="stmt"/>
        <line num="121" count="8" type="stmt"/>
        <line num="124" count="8" type="cond" truecount="2" falsecount="0"/>
        <line num="125" count="1" type="stmt"/>
        <line num="126" count="1" type="stmt"/>
        <line num="127" count="1" type="stmt"/>
        <line num="128" count="1" type="stmt"/>
        <line num="130" count="0" type="stmt"/>
        <line num="131" count="0" type="stmt"/>
        <line num="134" count="6" type="stmt"/>
        <line num="139" count="7" type="stmt"/>
        <line num="167" count="7" type="stmt"/>
        <line num="169" count="7" type="stmt"/>
        <line num="170" count="0" type="stmt"/>
        <line num="174" count="0" type="cond" truecount="0" falsecount="4"/>
        <line num="175" count="0" type="stmt"/>
        <line num="178" count="0" type="stmt"/>
        <line num="179" count="0" type="stmt"/>
        <line num="181" count="0" type="stmt"/>
        <line num="184" count="0" type="stmt"/>
        <line num="190" count="7" type="stmt"/>
        <line num="191" count="0" type="stmt"/>
        <line num="195" count="0" type="cond" truecount="0" falsecount="4"/>
        <line num="196" count="0" type="stmt"/>
        <line num="199" count="0" type="stmt"/>
        <line num="200" count="0" type="stmt"/>
        <line num="202" count="0" type="stmt"/>
        <line num="205" count="0" type="stmt"/>
        <line num="211" count="7" type="stmt"/>
        <line num="214" count="7" type="stmt"/>
        <line num="284" count="7" type="stmt"/>
        <line num="287" count="7" type="stmt"/>
        <line num="288" count="0" type="stmt"/>
        <line num="292" count="0" type="cond" truecount="0" falsecount="4"/>
        <line num="293" count="0" type="stmt"/>
        <line num="296" count="0" type="stmt"/>
        <line num="297" count="0" type="stmt"/>
        <line num="299" count="0" type="stmt"/>
        <line num="302" count="0" type="stmt"/>
        <line num="308" count="7" type="stmt"/>
        <line num="309" count="0" type="stmt"/>
        <line num="313" count="0" type="cond" truecount="0" falsecount="4"/>
        <line num="314" count="0" type="stmt"/>
        <line num="317" count="0" type="stmt"/>
        <line num="318" count="0" type="stmt"/>
        <line num="320" count="0" type="stmt"/>
        <line num="323" count="0" type="stmt"/>
        <line num="330" count="7" type="stmt"/>
        <line num="331" count="7" type="stmt"/>
        <line num="333" count="7" type="cond" truecount="1" falsecount="1"/>
        <line num="334" count="0" type="stmt"/>
        <line num="339" count="7" type="stmt"/>
        <line num="342" count="7" type="stmt"/>
        <line num="343" count="0" type="cond" truecount="0" falsecount="4"/>
        <line num="344" count="0" type="stmt"/>
        <line num="346" count="0" type="stmt"/>
        <line num="350" count="4" type="stmt"/>
        <line num="351" count="4" type="stmt"/>
        <line num="361" count="2" type="stmt"/>
        <line num="362" count="2" type="stmt"/>
        <line num="380" count="2" type="stmt"/>
        <line num="381" count="2" type="stmt"/>
        <line num="385" count="2" type="stmt"/>
        <line num="386" count="2" type="cond" truecount="2" falsecount="0"/>
        <line num="389" count="1" type="stmt"/>
        <line num="390" count="1" type="stmt"/>
        <line num="391" count="0" type="stmt"/>
        <line num="394" count="1" type="stmt"/>
        <line num="397" count="2" type="stmt"/>
        <line num="406" count="3" type="cond" truecount="1" falsecount="1"/>
        <line num="407" count="0" type="stmt"/>
        <line num="408" count="0" type="stmt"/>
        <line num="409" count="0" type="stmt"/>
        <line num="412" count="0" type="cond" truecount="0" falsecount="2"/>
        <line num="413" count="0" type="stmt"/>
        <line num="414" count="0" type="stmt"/>
        <line num="418" count="0" type="stmt"/>
        <line num="420" count="0" type="stmt"/>
        <line num="421" count="0" type="stmt"/>
        <line num="426" count="3" type="cond" truecount="3" falsecount="1"/>
        <line num="427" count="0" type="stmt"/>
        <line num="428" count="0" type="stmt"/>
        <line num="429" count="0" type="stmt"/>
        <line num="432" count="0" type="cond" truecount="0" falsecount="4"/>
        <line num="433" count="0" type="stmt"/>
        <line num="434" count="0" type="stmt"/>
        <line num="438" count="0" type="stmt"/>
        <line num="440" count="0" type="stmt"/>
        <line num="441" count="0" type="stmt"/>
        <line num="446" count="3" type="stmt"/>
        <line num="447" count="3" type="cond" truecount="1" falsecount="1"/>
        <line num="448" count="0" type="stmt"/>
        <line num="449" count="0" type="stmt"/>
        <line num="450" count="0" type="stmt"/>
        <line num="453" count="0" type="cond" truecount="0" falsecount="2"/>
        <line num="454" count="0" type="stmt"/>
        <line num="455" count="0" type="stmt"/>
        <line num="459" count="0" type="stmt"/>
        <line num="461" count="0" type="stmt"/>
        <line num="462" count="0" type="stmt"/>
        <line num="466" count="3" type="stmt"/>
        <line num="469" count="3" type="stmt"/>
        <line num="470" count="3" type="stmt"/>
        <line num="472" count="3" type="stmt"/>
        <line num="496" count="3" type="stmt"/>
        <line num="499" count="3" type="stmt"/>
        <line num="501" count="3" type="stmt"/>
        <line num="505" count="3" type="stmt"/>
        <line num="507" count="4" type="cond" truecount="2" falsecount="0"/>
        <line num="508" count="3" type="stmt"/>
        <line num="509" count="3" type="stmt"/>
        <line num="513" count="4" type="cond" truecount="4" falsecount="1"/>
        <line num="514" count="4" type="stmt"/>
        <line num="518" count="4" type="cond" truecount="2" falsecount="0"/>
        <line num="519" count="3" type="stmt"/>
        <line num="521" count="3" type="cond" truecount="1" falsecount="1"/>
        <line num="522" count="3" type="stmt"/>
        <line num="526" count="3" type="cond" truecount="4" falsecount="1"/>
        <line num="527" count="0" type="stmt"/>
        <line num="530" count="3" type="stmt"/>
        <line num="532" count="0" type="stmt"/>
        <line num="538" count="3" type="stmt"/>
        <line num="539" count="2" type="cond" truecount="1" falsecount="1"/>
        <line num="540" count="2" type="stmt"/>
        <line num="542" count="2" type="stmt"/>
        <line num="545" count="2" type="stmt"/>
        <line num="548" count="2" type="cond" truecount="3" falsecount="1"/>
        <line num="549" count="2" type="stmt"/>
        <line num="550" count="2" type="stmt"/>
        <line num="552" count="0" type="stmt"/>
        <line num="557" count="2" type="stmt"/>
        <line num="559" count="0" type="cond" truecount="0" falsecount="8"/>
        <line num="565" count="0" type="stmt"/>
        <line num="568" count="0" type="stmt"/>
        <line num="570" count="0" type="stmt"/>
        <line num="572" count="0" type="stmt"/>
        <line num="574" count="0" type="stmt"/>
        <line num="577" count="0" type="stmt"/>
        <line num="578" count="0" type="stmt"/>
        <line num="581" count="0" type="stmt"/>
        <line num="587" count="3" type="stmt"/>
        <line num="588" count="1" type="stmt"/>
        <line num="591" count="3" type="stmt"/>
        <line num="592" count="1" type="cond" truecount="1" falsecount="1"/>
        <line num="593" count="1" type="cond" truecount="1" falsecount="1"/>
        <line num="594" count="1" type="stmt"/>
        <line num="595" count="1" type="stmt"/>
        <line num="597" count="0" type="stmt"/>
        <line num="603" count="3" type="stmt"/>
        <line num="605" count="3" type="cond" truecount="3" falsecount="1"/>
        <line num="606" count="0" type="stmt"/>
        <line num="610" count="3" type="stmt"/>
        <line num="613" count="3" type="cond" truecount="3" falsecount="1"/>
        <line num="614" count="3" type="stmt"/>
        <line num="618" count="3" type="cond" truecount="3" falsecount="1"/>
        <line num="619" count="3" type="stmt"/>
        <line num="623" count="3" type="stmt"/>
        <line num="624" count="1" type="stmt"/>
        <line num="629" count="3" type="stmt"/>
        <line num="630" count="3" type="cond" truecount="1" falsecount="1"/>
        <line num="631" count="3" type="stmt"/>
        <line num="632" count="0" type="stmt"/>
        <line num="633" count="0" type="cond" truecount="0" falsecount="4"/>
        <line num="634" count="0" type="stmt"/>
        <line num="635" count="0" type="cond" truecount="0" falsecount="2"/>
        <line num="637" count="0" type="stmt"/>
        <line num="643" count="3" type="stmt"/>
        <line num="646" count="3" type="stmt"/>
        <line num="647" count="0" type="stmt"/>
        <line num="649" count="3" type="stmt"/>
        <line num="654" count="3" type="stmt"/>
        <line num="657" count="3" type="stmt"/>
        <line num="658" count="1" type="stmt"/>
        <line num="663" count="0" type="stmt"/>
        <line num="666" count="0" type="cond" truecount="0" falsecount="4"/>
        <line num="667" count="0" type="stmt"/>
        <line num="668" count="0" type="stmt"/>
        <line num="670" count="0" type="stmt"/>
        <line num="675" count="0" type="stmt"/>
        <line num="678" count="0" type="stmt"/>
        <line num="680" count="0" type="stmt"/>
        <line num="682" count="0" type="stmt"/>
        <line num="685" count="0" type="stmt"/>
        <line num="686" count="0" type="stmt"/>
        <line num="697" count="2" type="stmt"/>
        <line num="700" count="2" type="stmt"/>
        <line num="701" count="2" type="stmt"/>
        <line num="703" count="2" type="cond" truecount="1" falsecount="1"/>
        <line num="704" count="2" type="stmt"/>
        <line num="705" count="2" type="stmt"/>
        <line num="706" count="2" type="stmt"/>
        <line num="708" count="1" type="stmt"/>
        <line num="710" count="2" type="stmt"/>
        <line num="713" count="2" type="cond" truecount="3" falsecount="1"/>
        <line num="714" count="2" type="stmt"/>
        <line num="715" count="2" type="stmt"/>
        <line num="716" count="2" type="stmt"/>
        <line num="718" count="1" type="stmt"/>
        <line num="720" count="2" type="stmt"/>
        <line num="723" count="2" type="cond" truecount="3" falsecount="1"/>
        <line num="724" count="2" type="stmt"/>
        <line num="725" count="2" type="stmt"/>
        <line num="726" count="2" type="stmt"/>
        <line num="728" count="0" type="stmt"/>
        <line num="730" count="2" type="stmt"/>
        <line num="734" count="2" type="stmt"/>
        <line num="737" count="2" type="stmt"/>
        <line num="739" count="2" type="stmt"/>
        <line num="740" count="2" type="stmt"/>
        <line num="741" count="2" type="stmt"/>
        <line num="742" count="2" type="stmt"/>
        <line num="745" count="0" type="stmt"/>
        <line num="748" count="2" type="stmt"/>
        <line num="749" count="2" type="stmt"/>
        <line num="751" count="0" type="stmt"/>
        <line num="752" count="0" type="stmt"/>
        <line num="761" count="0" type="cond" truecount="0" falsecount="2"/>
        <line num="763" count="0" type="stmt"/>
        <line num="764" count="0" type="stmt"/>
        <line num="767" count="0" type="stmt"/>
        <line num="769" count="0" type="stmt"/>
        <line num="771" count="0" type="cond" truecount="0" falsecount="2"/>
        <line num="772" count="0" type="stmt"/>
        <line num="773" count="0" type="stmt"/>
        <line num="774" count="0" type="stmt"/>
        <line num="776" count="0" type="stmt"/>
        <line num="780" count="0" type="cond" truecount="0" falsecount="4"/>
        <line num="781" count="0" type="stmt"/>
        <line num="782" count="0" type="stmt"/>
        <line num="783" count="0" type="stmt"/>
        <line num="785" count="0" type="stmt"/>
        <line num="789" count="0" type="cond" truecount="0" falsecount="4"/>
        <line num="790" count="0" type="stmt"/>
        <line num="791" count="0" type="stmt"/>
        <line num="792" count="0" type="stmt"/>
        <line num="794" count="0" type="stmt"/>
        <line num="799" count="0" type="stmt"/>
        <line num="802" count="0" type="stmt"/>
        <line num="803" count="0" type="stmt"/>
        <line num="805" count="0" type="cond" truecount="0" falsecount="2"/>
        <line num="806" count="0" type="stmt"/>
        <line num="807" count="0" type="stmt"/>
        <line num="811" count="0" type="stmt"/>
        <line num="812" count="0" type="stmt"/>
        <line num="814" count="0" type="stmt"/>
        <line num="819" count="0" type="stmt"/>
        <line num="821" count="0" type="stmt"/>
        <line num="822" count="0" type="stmt"/>
        <line num="825" count="0" type="stmt"/>
        <line num="829" count="0" type="stmt"/>
        <line num="832" count="0" type="stmt"/>
        <line num="835" count="0" type="cond" truecount="0" falsecount="2"/>
        <line num="836" count="0" type="stmt"/>
        <line num="839" count="0" type="stmt"/>
        <line num="842" count="0" type="stmt"/>
        <line num="844" count="0" type="stmt"/>
        <line num="845" count="0" type="stmt"/>
        <line num="847" count="0" type="stmt"/>
        <line num="850" count="0" type="stmt"/>
        <line num="851" count="0" type="stmt"/>
        <line num="854" count="0" type="stmt"/>
        <line num="857" count="0" type="stmt"/>
        <line num="860" count="0" type="stmt"/>
        <line num="861" count="0" type="cond" truecount="0" falsecount="2"/>
        <line num="862" count="0" type="stmt"/>
        <line num="863" count="0" type="stmt"/>
        <line num="866" count="0" type="stmt"/>
        <line num="867" count="0" type="stmt"/>
        <line num="870" count="0" type="stmt"/>
        <line num="872" count="0" type="cond" truecount="0" falsecount="2"/>
        <line num="873" count="0" type="stmt"/>
        <line num="876" count="0" type="stmt"/>
        <line num="879" count="0" type="stmt"/>
        <line num="881" count="0" type="stmt"/>
        <line num="882" count="0" type="stmt"/>
        <line num="884" count="0" type="stmt"/>
        <line num="886" count="0" type="stmt"/>
        <line num="889" count="0" type="stmt"/>
        <line num="898" count="0" type="stmt"/>
        <line num="902" count="0" type="stmt"/>
        <line num="903" count="0" type="stmt"/>
        <line num="905" count="0" type="stmt"/>
        <line num="906" count="0" type="stmt"/>
        <line num="910" count="4" type="stmt"/>
      </file>
    </package>
    <package name="src.managers">
      <metrics statements="1168" coveredstatements="303" conditionals="711" coveredconditionals="117" methods="157" coveredmethods="48"/>
      <file name="analyticsEngine.js" path="/home/david/Projects/CitizenRadio/src/managers/analyticsEngine.js">
        <metrics statements="114" coveredstatements="11" conditionals="55" coveredconditionals="2" methods="24" coveredmethods="1"/>
        <line num="8" count="2" type="stmt"/>
        <line num="9" count="2" type="stmt"/>
        <line num="10" count="2" type="stmt"/>
        <line num="11" count="2" type="stmt"/>
        <line num="14" count="2" type="stmt"/>
        <line num="20" count="2" type="cond" truecount="2" falsecount="0"/>
        <line num="21" count="1" type="stmt"/>
        <line num="42" count="1" type="stmt"/>
        <line num="43" count="1" type="stmt"/>
        <line num="52" count="0" type="stmt"/>
        <line num="53" count="0" type="cond" truecount="0" falsecount="2"/>
        <line num="54" count="0" type="stmt"/>
        <line num="57" count="0" type="stmt"/>
        <line num="58" count="0" type="stmt"/>
        <line num="60" count="0" type="stmt"/>
        <line num="61" count="0" type="stmt"/>
        <line num="71" count="0" type="stmt"/>
        <line num="72" count="0" type="stmt"/>
        <line num="73" count="0" type="stmt"/>
        <line num="75" count="0" type="stmt"/>
        <line num="76" count="0" type="stmt"/>
        <line num="85" count="0" type="stmt"/>
        <line num="86" count="0" type="stmt"/>
        <line num="88" count="0" type="cond" truecount="0" falsecount="4"/>
        <line num="89" count="0" type="stmt"/>
        <line num="90" count="0" type="stmt"/>
        <line num="94" count="0" type="stmt"/>
        <line num="97" count="0" type="stmt"/>
        <line num="104" count="0" type="stmt"/>
        <line num="106" count="0" type="stmt"/>
        <line num="107" count="0" type="cond" truecount="0" falsecount="2"/>
        <line num="108" count="0" type="cond" truecount="0" falsecount="2"/>
        <line num="111" count="0" type="cond" truecount="0" falsecount="2"/>
        <line num="112" count="0" type="stmt"/>
        <line num="121" count="0" type="stmt"/>
        <line num="123" count="0" type="stmt"/>
        <line num="126" count="0" type="stmt"/>
        <line num="129" count="0" type="stmt"/>
        <line num="133" count="0" type="stmt"/>
        <line num="136" count="0" type="stmt"/>
        <line num="139" count="0" type="stmt"/>
        <line num="141" count="0" type="stmt"/>
        <line num="151" count="0" type="stmt"/>
        <line num="152" count="0" type="stmt"/>
        <line num="154" count="0" type="stmt"/>
        <line num="155" count="0" type="stmt"/>
        <line num="156" count="0" type="stmt"/>
        <line num="159" count="0" type="stmt"/>
        <line num="162" count="0" type="stmt"/>
        <line num="163" count="0" type="stmt"/>
        <line num="164" count="0" type="stmt"/>
        <line num="165" count="0" type="stmt"/>
        <line num="168" count="0" type="stmt"/>
        <line num="171" count="0" type="stmt"/>
        <line num="172" count="0" type="stmt"/>
        <line num="174" count="0" type="stmt"/>
        <line num="176" count="0" type="cond" truecount="0" falsecount="2"/>
        <line num="177" count="0" type="stmt"/>
        <line num="179" count="0" type="cond" truecount="0" falsecount="2"/>
        <line num="180" count="0" type="stmt"/>
        <line num="186" count="0" type="cond" truecount="0" falsecount="2"/>
        <line num="187" count="0" type="stmt"/>
        <line num="198" count="0" type="stmt"/>
        <line num="199" count="0" type="stmt"/>
        <line num="209" count="0" type="stmt"/>
        <line num="210" count="0" type="stmt"/>
        <line num="213" count="0" type="stmt"/>
        <line num="214" count="0" type="stmt"/>
        <line num="217" count="0" type="stmt"/>
        <line num="218" count="0" type="cond" truecount="0" falsecount="4"/>
        <line num="221" count="0" type="stmt"/>
        <line num="223" count="0" type="stmt"/>
        <line num="224" count="0" type="stmt"/>
        <line num="225" count="0" type="stmt"/>
        <line num="227" count="0" type="cond" truecount="0" falsecount="2"/>
        <line num="228" count="0" type="stmt"/>
        <line num="234" count="0" type="stmt"/>
        <line num="235" count="0" type="stmt"/>
        <line num="239" count="0" type="stmt"/>
        <line num="240" count="0" type="stmt"/>
        <line num="241" count="0" type="stmt"/>
        <line num="245" count="0" type="stmt"/>
        <line num="248" count="0" type="stmt"/>
        <line num="249" count="0" type="stmt"/>
        <line num="250" count="0" type="stmt"/>
        <line num="251" count="0" type="stmt"/>
        <line num="252" count="0" type="stmt"/>
        <line num="255" count="0" type="stmt"/>
        <line num="256" count="0" type="stmt"/>
        <line num="258" count="0" type="stmt"/>
        <line num="259" count="0" type="cond" truecount="0" falsecount="2"/>
        <line num="260" count="0" type="stmt"/>
        <line num="261" count="0" type="stmt"/>
        <line num="265" count="0" type="cond" truecount="0" falsecount="2"/>
        <line num="266" count="0" type="stmt"/>
        <line num="278" count="0" type="stmt"/>
        <line num="279" count="0" type="cond" truecount="0" falsecount="4"/>
        <line num="281" count="0" type="stmt"/>
        <line num="291" count="0" type="stmt"/>
        <line num="292" count="0" type="cond" truecount="0" falsecount="4"/>
        <line num="294" count="0" type="stmt"/>
        <line num="303" count="0" type="stmt"/>
        <line num="304" count="0" type="cond" truecount="0" falsecount="4"/>
        <line num="307" count="0" type="cond" truecount="0" falsecount="2"/>
        <line num="308" count="0" type="stmt"/>
        <line num="309" count="0" type="stmt"/>
        <line num="310" count="0" type="stmt"/>
        <line num="314" count="0" type="stmt"/>
        <line num="323" count="0" type="stmt"/>
        <line num="324" count="0" type="cond" truecount="0" falsecount="5"/>
        <line num="325" count="0" type="stmt"/>
        <line num="328" count="0" type="stmt"/>
        <line num="332" count="2" type="stmt"/>
        <line num="334" count="2" type="stmt"/>
      </file>
      <file name="engagementMonitor.js" path="/home/david/Projects/CitizenRadio/src/managers/engagementMonitor.js">
        <metrics statements="69" coveredstatements="9" conditionals="35" coveredconditionals="0" methods="16" coveredmethods="0"/>
        <line num="8" count="9" type="stmt"/>
        <line num="11" count="9" type="stmt"/>
        <line num="14" count="9" type="stmt"/>
        <line num="15" count="9" type="stmt"/>
        <line num="16" count="9" type="stmt"/>
        <line num="17" count="9" type="stmt"/>
        <line num="18" count="9" type="stmt"/>
        <line num="21" count="9" type="stmt"/>
        <line num="37" count="0" type="cond" truecount="0" falsecount="2"/>
        <line num="49" count="0" type="cond" truecount="0" falsecount="2"/>
        <line num="50" count="0" type="stmt"/>
        <line num="54" count="0" type="cond" truecount="0" falsecount="5"/>
        <line num="55" count="0" type="stmt"/>
        <line num="59" count="0" type="stmt"/>
        <line num="62" count="0" type="stmt"/>
        <line num="63" count="0" type="cond" truecount="0" falsecount="2"/>
        <line num="64" count="0" type="stmt"/>
        <line num="68" count="0" type="stmt"/>
        <line num="78" count="0" type="stmt"/>
        <line num="80" count="0" type="stmt"/>
        <line num="89" count="0" type="stmt"/>
        <line num="92" count="0" type="stmt"/>
        <line num="95" count="0" type="stmt"/>
        <line num="96" count="0" type="cond" truecount="0" falsecount="2"/>
        <line num="97" count="0" type="stmt"/>
        <line num="101" count="0" type="stmt"/>
        <line num="108" count="0" type="stmt"/>
        <line num="109" count="0" type="stmt"/>
        <line num="111" count="0" type="stmt"/>
        <line num="112" count="0" type="stmt"/>
        <line num="113" count="0" type="stmt"/>
        <line num="114" count="0" type="stmt"/>
        <line num="124" count="0" type="stmt"/>
        <line num="125" count="0" type="stmt"/>
        <line num="128" count="0" type="stmt"/>
        <line num="131" count="0" type="stmt"/>
        <line num="132" count="0" type="cond" truecount="0" falsecount="2"/>
        <line num="133" count="0" type="stmt"/>
        <line num="138" count="0" type="cond" truecount="0" falsecount="2"/>
        <line num="139" count="0" type="stmt"/>
        <line num="140" count="0" type="stmt"/>
        <line num="141" count="0" type="stmt"/>
        <line num="146" count="0" type="stmt"/>
        <line num="147" count="0" type="stmt"/>
        <line num="150" count="0" type="stmt"/>
        <line num="153" count="0" type="stmt"/>
        <line num="161" count="0" type="stmt"/>
        <line num="162" count="0" type="stmt"/>
        <line num="171" count="0" type="cond" truecount="0" falsecount="4"/>
        <line num="172" count="0" type="stmt"/>
        <line num="173" count="0" type="stmt"/>
        <line num="175" count="0" type="stmt"/>
        <line num="184" count="0" type="cond" truecount="0" falsecount="2"/>
        <line num="185" count="0" type="stmt"/>
        <line num="189" count="0" type="stmt"/>
        <line num="190" count="0" type="cond" truecount="0" falsecount="2"/>
        <line num="191" count="0" type="stmt"/>
        <line num="195" count="0" type="stmt"/>
        <line num="196" count="0" type="stmt"/>
        <line num="205" count="0" type="cond" truecount="0" falsecount="2"/>
        <line num="206" count="0" type="stmt"/>
        <line num="210" count="0" type="stmt"/>
        <line num="212" count="0" type="cond" truecount="0" falsecount="2"/>
        <line num="214" count="0" type="stmt"/>
        <line num="215" count="0" type="cond" truecount="0" falsecount="2"/>
        <line num="217" count="0" type="stmt"/>
        <line num="220" count="0" type="stmt"/>
        <line num="227" count="0" type="stmt"/>
        <line num="230" count="9" type="stmt"/>
      </file>
      <file name="overlayManager.js" path="/home/david/Projects/CitizenRadio/src/managers/overlayManager.js">
        <metrics statements="173" coveredstatements="9" conditionals="62" coveredconditionals="0" methods="7" coveredmethods="0"/>
        <line num="7" count="9" type="stmt"/>
        <line num="8" count="9" type="stmt"/>
        <line num="9" count="9" type="stmt"/>
        <line num="10" count="9" type="stmt"/>
        <line num="11" count="9" type="stmt"/>
        <line num="12" count="9" type="stmt"/>
        <line num="13" count="9" type="stmt"/>
        <line num="16" count="9" type="stmt"/>
        <line num="17" count="9" type="stmt"/>
        <line num="18" count="0" type="stmt"/>
        <line num="21" count="0" type="stmt"/>
        <line num="35" count="0" type="stmt"/>
        <line num="38" count="0" type="stmt"/>
        <line num="39" count="0" type="stmt"/>
        <line num="43" count="0" type="stmt"/>
        <line num="46" count="0" type="stmt"/>
        <line num="49" count="0" type="stmt"/>
        <line num="50" count="0" type="stmt"/>
        <line num="51" count="0" type="stmt"/>
        <line num="53" count="0" type="stmt"/>
        <line num="54" count="0" type="stmt"/>
        <line num="55" count="0" type="stmt"/>
        <line num="57" count="0" type="cond" truecount="0" falsecount="4"/>
        <line num="59" count="0" type="cond" truecount="0" falsecount="2"/>
        <line num="60" count="0" type="stmt"/>
        <line num="61" count="0" type="stmt"/>
        <line num="63" count="0" type="stmt"/>
        <line num="64" count="0" type="stmt"/>
        <line num="65" count="0" type="cond" truecount="0" falsecount="4"/>
        <line num="67" count="0" type="cond" truecount="0" falsecount="2"/>
        <line num="68" count="0" type="stmt"/>
        <line num="69" count="0" type="stmt"/>
        <line num="71" count="0" type="stmt"/>
        <line num="72" count="0" type="stmt"/>
        <line num="75" count="0" type="stmt"/>
        <line num="80" count="0" type="cond" truecount="0" falsecount="2"/>
        <line num="81" count="0" type="stmt"/>
        <line num="85" count="0" type="stmt"/>
        <line num="86" count="0" type="stmt"/>
        <line num="87" count="0" type="cond" truecount="0" falsecount="2"/>
        <line num="89" count="0" type="stmt"/>
        <line num="90" count="0" type="cond" truecount="0" falsecount="2"/>
        <line num="92" count="0" type="stmt"/>
        <line num="93" count="0" type="stmt"/>
        <line num="94" count="0" type="stmt"/>
        <line num="95" count="0" type="stmt"/>
        <line num="96" count="0" type="stmt"/>
        <line num="98" count="0" type="stmt"/>
        <line num="100" count="0" type="stmt"/>
        <line num="101" count="0" type="stmt"/>
        <line num="102" count="0" type="stmt"/>
        <line num="106" count="0" type="stmt"/>
        <line num="107" count="0" type="stmt"/>
        <line num="108" count="0" type="stmt"/>
        <line num="112" count="0" type="stmt"/>
        <line num="115" count="0" type="stmt"/>
        <line num="116" count="0" type="stmt"/>
        <line num="119" count="0" type="stmt"/>
        <line num="124" count="0" type="stmt"/>
        <line num="125" count="0" type="stmt"/>
        <line num="136" count="0" type="cond" truecount="0" falsecount="2"/>
        <line num="137" count="0" type="cond" truecount="0" falsecount="3"/>
        <line num="140" count="0" type="cond" truecount="0" falsecount="4"/>
        <line num="145" count="0" type="cond" truecount="0" falsecount="2"/>
        <line num="146" count="0" type="stmt"/>
        <line num="151" count="0" type="stmt"/>
        <line num="152" count="0" type="cond" truecount="0" falsecount="2"/>
        <line num="153" count="0" type="stmt"/>
        <line num="155" count="0" type="stmt"/>
        <line num="158" count="0" type="cond" truecount="0" falsecount="4"/>
        <line num="160" count="0" type="stmt"/>
        <line num="162" count="0" type="stmt"/>
        <line num="163" count="0" type="cond" truecount="0" falsecount="2"/>
        <line num="166" count="0" type="cond" truecount="0" falsecount="2"/>
        <line num="167" count="0" type="stmt"/>
        <line num="172" count="0" type="cond" truecount="0" falsecount="2"/>
        <line num="173" count="0" type="stmt"/>
        <line num="176" count="0" type="stmt"/>
        <line num="178" count="0" type="stmt"/>
        <line num="179" count="0" type="cond" truecount="0" falsecount="2"/>
        <line num="180" count="0" type="stmt"/>
        <line num="182" count="0" type="stmt"/>
        <line num="185" count="0" type="stmt"/>
        <line num="188" count="0" type="stmt"/>
        <line num="194" count="0" type="stmt"/>
        <line num="197" count="0" type="stmt"/>
        <line num="198" count="0" type="stmt"/>
        <line num="199" count="0" type="stmt"/>
        <line num="202" count="0" type="stmt"/>
        <line num="203" count="0" type="stmt"/>
        <line num="205" count="0" type="stmt"/>
        <line num="206" count="0" type="stmt"/>
        <line num="207" count="0" type="stmt"/>
        <line num="208" count="0" type="stmt"/>
        <line num="211" count="0" type="stmt"/>
        <line num="212" count="0" type="stmt"/>
        <line num="213" count="0" type="stmt"/>
        <line num="216" count="0" type="stmt"/>
        <line num="217" count="0" type="stmt"/>
        <line num="218" count="0" type="stmt"/>
        <line num="229" count="0" type="cond" truecount="0" falsecount="4"/>
        <line num="230" count="0" type="stmt"/>
        <line num="233" count="0" type="stmt"/>
        <line num="234" count="0" type="stmt"/>
        <line num="236" count="0" type="stmt"/>
        <line num="238" count="0" type="stmt"/>
        <line num="241" count="0" type="stmt"/>
        <line num="242" count="0" type="stmt"/>
        <line num="245" count="0" type="stmt"/>
        <line num="246" count="0" type="stmt"/>
        <line num="247" count="0" type="stmt"/>
        <line num="250" count="0" type="stmt"/>
        <line num="251" count="0" type="stmt"/>
        <line num="253" count="0" type="stmt"/>
        <line num="257" count="0" type="stmt"/>
        <line num="258" count="0" type="cond" truecount="0" falsecount="2"/>
        <line num="260" count="0" type="stmt"/>
        <line num="261" count="0" type="stmt"/>
        <line num="265" count="0" type="cond" truecount="0" falsecount="2"/>
        <line num="266" count="0" type="stmt"/>
        <line num="268" count="0" type="stmt"/>
        <line num="269" count="0" type="stmt"/>
        <line num="270" count="0" type="stmt"/>
        <line num="272" count="0" type="stmt"/>
        <line num="274" count="0" type="stmt"/>
        <line num="275" count="0" type="stmt"/>
        <line num="276" count="0" type="stmt"/>
        <line num="279" count="0" type="stmt"/>
        <line num="280" count="0" type="stmt"/>
        <line num="283" count="0" type="stmt"/>
        <line num="286" count="0" type="cond" truecount="0" falsecount="2"/>
        <line num="289" count="0" type="stmt"/>
        <line num="290" count="0" type="stmt"/>
        <line num="292" count="0" type="stmt"/>
        <line num="293" count="0" type="stmt"/>
        <line num="296" count="0" type="stmt"/>
        <line num="300" count="0" type="stmt"/>
        <line num="302" count="0" type="stmt"/>
        <line num="303" count="0" type="stmt"/>
        <line num="306" count="0" type="stmt"/>
        <line num="307" count="0" type="stmt"/>
        <line num="310" count="0" type="stmt"/>
        <line num="314" count="0" type="stmt"/>
        <line num="317" count="0" type="stmt"/>
        <line num="320" count="0" type="stmt"/>
        <line num="323" count="0" type="cond" truecount="0" falsecount="2"/>
        <line num="324" count="0" type="stmt"/>
        <line num="329" count="0" type="stmt"/>
        <line num="330" count="0" type="cond" truecount="0" falsecount="4"/>
        <line num="332" count="0" type="stmt"/>
        <line num="333" count="0" type="stmt"/>
        <line num="334" count="0" type="stmt"/>
        <line num="338" count="0" type="stmt"/>
        <line num="342" count="0" type="cond" truecount="0" falsecount="2"/>
        <line num="348" count="0" type="stmt"/>
        <line num="350" count="0" type="stmt"/>
        <line num="351" count="0" type="stmt"/>
        <line num="353" count="0" type="stmt"/>
        <line num="355" count="0" type="stmt"/>
        <line num="356" count="0" type="stmt"/>
        <line num="358" count="0" type="stmt"/>
        <line num="361" count="0" type="stmt"/>
        <line num="367" count="0" type="stmt"/>
        <line num="370" count="0" type="stmt"/>
        <line num="373" count="0" type="stmt"/>
        <line num="377" count="0" type="stmt"/>
        <line num="380" count="0" type="stmt"/>
        <line num="382" count="0" type="stmt"/>
        <line num="383" count="0" type="stmt"/>
        <line num="387" count="0" type="stmt"/>
        <line num="388" count="0" type="stmt"/>
        <line num="389" count="0" type="stmt"/>
        <line num="394" count="0" type="stmt"/>
      </file>
      <file name="playLogManager.js" path="/home/david/Projects/CitizenRadio/src/managers/playLogManager.js">
        <metrics statements="41" coveredstatements="30" conditionals="26" coveredconditionals="16" methods="11" coveredmethods="8"/>
        <line num="4" count="14" type="stmt"/>
        <line num="5" count="14" type="stmt"/>
        <line num="7" count="14" type="stmt"/>
        <line num="8" count="14" type="stmt"/>
        <line num="9" count="14" type="stmt"/>
        <line num="15" count="14" type="stmt"/>
        <line num="16" count="14" type="cond" truecount="2" falsecount="0"/>
        <line num="17" count="1" type="stmt"/>
        <line num="18" count="1" type="cond" truecount="1" falsecount="1"/>
        <line num="19" count="1" type="stmt"/>
        <line num="22" count="14" type="stmt"/>
        <line num="27" count="14" type="cond" truecount="2" falsecount="0"/>
        <line num="28" count="13" type="stmt"/>
        <line num="29" count="13" type="stmt"/>
        <line num="39" count="14" type="stmt"/>
        <line num="41" count="0" type="stmt"/>
        <line num="43" count="0" type="stmt"/>
        <line num="58" count="14" type="stmt"/>
        <line num="72" count="2" type="stmt"/>
        <line num="78" count="2" type="stmt"/>
        <line num="80" count="2" type="stmt"/>
        <line num="85" count="2" type="stmt"/>
        <line num="88" count="2" type="stmt"/>
        <line num="89" count="2" type="cond" truecount="1" falsecount="1"/>
        <line num="91" count="0" type="stmt"/>
        <line num="97" count="4" type="stmt"/>
        <line num="98" count="4" type="cond" truecount="1" falsecount="1"/>
        <line num="99" count="0" type="stmt"/>
        <line num="100" count="0" type="cond" truecount="0" falsecount="2"/>
        <line num="101" count="0" type="stmt"/>
        <line num="105" count="0" type="stmt"/>
        <line num="106" count="0" type="stmt"/>
        <line num="108" count="0" type="stmt"/>
        <line num="113" count="0" type="stmt"/>
        <line num="114" count="0" type="stmt"/>
        <line num="120" count="1" type="cond" truecount="0" falsecount="2"/>
        <line num="125" count="3" type="stmt"/>
        <line num="126" count="3" type="cond" truecount="2" falsecount="0"/>
        <line num="131" count="1" type="stmt"/>
        <line num="133" count="1" type="cond" truecount="2" falsecount="0"/>
        <line num="138" count="14" type="stmt"/>
      </file>
      <file name="ratingsManager.js" path="/home/david/Projects/CitizenRadio/src/managers/ratingsManager.js">
        <metrics statements="374" coveredstatements="98" conditionals="203" coveredconditionals="35" methods="47" coveredmethods="17"/>
        <line num="2" count="7" type="stmt"/>
        <line num="3" count="7" type="stmt"/>
        <line num="4" count="7" type="stmt"/>
        <line num="5" count="7" type="stmt"/>
        <line num="7" count="7" type="stmt"/>
        <line num="8" count="7" type="stmt"/>
        <line num="9" count="7" type="stmt"/>
        <line num="10" count="7" type="stmt"/>
        <line num="12" count="7" type="stmt"/>
        <line num="15" count="7" type="stmt"/>
        <line num="18" count="7" type="stmt"/>
        <line num="21" count="7" type="stmt"/>
        <line num="24" count="7" type="stmt"/>
        <line num="27" count="7" type="stmt"/>
        <line num="36" count="7" type="stmt"/>
        <line num="37" count="7" type="cond" truecount="2" falsecount="0"/>
        <line num="38" count="4" type="stmt"/>
        <line num="42" count="7" type="cond" truecount="2" falsecount="0"/>
        <line num="43" count="4" type="stmt"/>
        <line num="44" count="0" type="stmt"/>
        <line num="48" count="3" type="cond" truecount="1" falsecount="1"/>
        <line num="49" count="0" type="stmt"/>
        <line num="50" count="0" type="stmt"/>
        <line num="54" count="3" type="cond" truecount="1" falsecount="1"/>
        <line num="55" count="0" type="stmt"/>
        <line num="56" count="0" type="stmt"/>
        <line num="60" count="3" type="stmt"/>
        <line num="61" count="3" type="stmt"/>
        <line num="62" count="3" type="stmt"/>
        <line num="66" count="7" type="stmt"/>
        <line num="67" count="0" type="stmt"/>
        <line num="71" count="7" type="stmt"/>
        <line num="72" count="7" type="stmt"/>
        <line num="73" count="7" type="stmt"/>
        <line num="74" count="5" type="stmt"/>
        <line num="77" count="0" type="stmt"/>
        <line num="83" count="0" type="stmt"/>
        <line num="86" count="0" type="stmt"/>
        <line num="87" count="0" type="cond" truecount="0" falsecount="2"/>
        <line num="88" count="0" type="stmt"/>
        <line num="89" count="0" type="stmt"/>
        <line num="93" count="0" type="stmt"/>
        <line num="95" count="0" type="stmt"/>
        <line num="96" count="0" type="stmt"/>
        <line num="98" count="0" type="stmt"/>
        <line num="99" count="0" type="stmt"/>
        <line num="108" count="2" type="stmt"/>
        <line num="109" count="2" type="stmt"/>
        <line num="110" count="2" type="stmt"/>
        <line num="112" count="1" type="stmt"/>
        <line num="114" count="0" type="stmt"/>
        <line num="115" count="0" type="stmt"/>
        <line num="125" count="7" type="cond" truecount="1" falsecount="1"/>
        <line num="126" count="7" type="stmt"/>
        <line num="127" count="7" type="stmt"/>
        <line num="128" count="7" type="stmt"/>
        <line num="136" count="2" type="stmt"/>
        <line num="141" count="2" type="stmt"/>
        <line num="145" count="2" type="stmt"/>
        <line num="147" count="1" type="stmt"/>
        <line num="151" count="7" type="stmt"/>
        <line num="165" count="7" type="stmt"/>
        <line num="175" count="5" type="stmt"/>
        <line num="177" count="5" type="stmt"/>
        <line num="180" count="5" type="cond" truecount="4" falsecount="1"/>
        <line num="181" count="5" type="stmt"/>
        <line num="185" count="0" type="stmt"/>
        <line num="186" count="0" type="stmt"/>
        <line num="188" count="0" type="stmt"/>
        <line num="191" count="0" type="stmt"/>
        <line num="192" count="0" type="stmt"/>
        <line num="193" count="0" type="stmt"/>
        <line num="194" count="0" type="stmt"/>
        <line num="197" count="0" type="stmt"/>
        <line num="198" count="0" type="stmt"/>
        <line num="199" count="0" type="cond" truecount="0" falsecount="5"/>
        <line num="200" count="0" type="stmt"/>
        <line num="201" count="0" type="stmt"/>
        <line num="204" count="0" type="stmt"/>
        <line num="207" count="0" type="stmt"/>
        <line num="211" count="0" type="stmt"/>
        <line num="221" count="4" type="stmt"/>
        <line num="223" count="4" type="stmt"/>
        <line num="225" count="0" type="cond" truecount="0" falsecount="2"/>
        <line num="226" count="0" type="stmt"/>
        <line num="228" count="0" type="stmt"/>
        <line num="231" count="0" type="stmt"/>
        <line num="233" count="0" type="stmt"/>
        <line num="236" count="0" type="stmt"/>
        <line num="237" count="0" type="stmt"/>
        <line num="240" count="0" type="stmt"/>
        <line num="241" count="0" type="stmt"/>
        <line num="244" count="0" type="stmt"/>
        <line num="245" count="0" type="stmt"/>
        <line num="246" count="0" type="stmt"/>
        <line num="248" count="0" type="stmt"/>
        <line num="249" count="0" type="stmt"/>
        <line num="261" count="2" type="cond" truecount="1" falsecount="1"/>
        <line num="264" count="2" type="cond" truecount="1" falsecount="2"/>
        <line num="269" count="2" type="stmt"/>
        <line num="272" count="2" type="stmt"/>
        <line num="273" count="2" type="stmt"/>
        <line num="276" count="2" type="cond" truecount="1" falsecount="1"/>
        <line num="277" count="0" type="stmt"/>
        <line num="280" count="2" type="stmt"/>
        <line num="281" count="2" type="cond" truecount="1" falsecount="1"/>
        <line num="284" count="2" type="stmt"/>
        <line num="289" count="36" type="cond" truecount="2" falsecount="0"/>
        <line num="290" count="1" type="stmt"/>
        <line num="298" count="1" type="stmt"/>
        <line num="301" count="1" type="cond" truecount="1" falsecount="1"/>
        <line num="302" count="0" type="stmt"/>
        <line num="305" count="1" type="stmt"/>
        <line num="309" count="1" type="stmt"/>
        <line num="318" count="0" type="cond" truecount="0" falsecount="2"/>
        <line num="321" count="0" type="stmt"/>
        <line num="329" count="0" type="stmt"/>
        <line num="333" count="7" type="stmt"/>
        <line num="334" count="7" type="stmt"/>
        <line num="343" count="0" type="stmt"/>
        <line num="346" count="0" type="cond" truecount="0" falsecount="2"/>
        <line num="347" count="0" type="cond" truecount="0" falsecount="2"/>
        <line num="350" count="0" type="cond" truecount="0" falsecount="2"/>
        <line num="352" count="0" type="cond" truecount="0" falsecount="2"/>
        <line num="355" count="0" type="cond" truecount="0" falsecount="4"/>
        <line num="356" count="0" type="stmt"/>
        <line num="357" count="0" type="stmt"/>
        <line num="364" count="0" type="stmt"/>
        <line num="366" count="0" type="cond" truecount="0" falsecount="2"/>
        <line num="367" count="0" type="stmt"/>
        <line num="375" count="0" type="cond" truecount="0" falsecount="4"/>
        <line num="376" count="0" type="stmt"/>
        <line num="378" count="0" type="cond" truecount="0" falsecount="4"/>
        <line num="379" count="0" type="stmt"/>
        <line num="380" count="0" type="stmt"/>
        <line num="387" count="0" type="stmt"/>
        <line num="396" count="10" type="cond" truecount="2" falsecount="0"/>
        <line num="397" count="7" type="stmt"/>
        <line num="398" count="7" type="stmt"/>
        <line num="401" count="10" type="stmt"/>
        <line num="409" count="9" type="stmt"/>
        <line num="423" count="2" type="stmt"/>
        <line num="425" count="2" type="cond" truecount="1" falsecount="1"/>
        <line num="426" count="2" type="stmt"/>
        <line num="434" count="0" type="stmt"/>
        <line num="435" count="0" type="cond" truecount="0" falsecount="3"/>
        <line num="440" count="0" type="cond" truecount="0" falsecount="2"/>
        <line num="441" count="0" type="stmt"/>
        <line num="442" count="0" type="stmt"/>
        <line num="446" count="0" type="stmt"/>
        <line num="449" count="0" type="stmt"/>
        <line num="450" count="0" type="stmt"/>
        <line num="451" count="0" type="stmt"/>
        <line num="452" count="0" type="stmt"/>
        <line num="455" count="2" type="stmt"/>
        <line num="458" count="0" type="stmt"/>
        <line num="461" count="0" type="cond" truecount="0" falsecount="2"/>
        <line num="462" count="0" type="cond" truecount="0" falsecount="2"/>
        <line num="465" count="0" type="stmt"/>
        <line num="466" count="0" type="stmt"/>
        <line num="468" count="0" type="cond" truecount="0" falsecount="5"/>
        <line num="471" count="0" type="cond" truecount="0" falsecount="2"/>
        <line num="472" count="0" type="stmt"/>
        <line num="474" count="0" type="stmt"/>
        <line num="478" count="0" type="stmt"/>
        <line num="480" count="0" type="cond" truecount="0" falsecount="2"/>
        <line num="482" count="0" type="stmt"/>
        <line num="486" count="0" type="stmt"/>
        <line num="487" count="0" type="cond" truecount="0" falsecount="2"/>
        <line num="489" count="0" type="stmt"/>
        <line num="499" count="4" type="cond" truecount="2" falsecount="0"/>
        <line num="500" count="1" type="cond" truecount="1" falsecount="1"/>
        <line num="504" count="3" type="cond" truecount="1" falsecount="1"/>
        <line num="505" count="3" type="cond" truecount="1" falsecount="1"/>
        <line num="506" count="3" type="stmt"/>
        <line num="514" count="1" type="stmt"/>
        <line num="515" count="1" type="stmt"/>
        <line num="517" count="0" type="stmt"/>
        <line num="518" count="0" type="stmt"/>
        <line num="528" count="1" type="stmt"/>
        <line num="530" count="1" type="stmt"/>
        <line num="533" count="1" type="stmt"/>
        <line num="536" count="1" type="stmt"/>
        <line num="538" count="1" type="cond" truecount="1" falsecount="1"/>
        <line num="539" count="0" type="stmt"/>
        <line num="544" count="1" type="stmt"/>
        <line num="545" count="1" type="cond" truecount="1" falsecount="1"/>
        <line num="546" count="0" type="stmt"/>
        <line num="550" count="1" type="stmt"/>
        <line num="552" count="0" type="stmt"/>
        <line num="553" count="0" type="stmt"/>
        <line num="555" count="0" type="stmt"/>
        <line num="556" count="0" type="stmt"/>
        <line num="565" count="0" type="stmt"/>
        <line num="566" count="0" type="stmt"/>
        <line num="568" count="0" type="stmt"/>
        <line num="569" count="0" type="stmt"/>
        <line num="579" count="0" type="stmt"/>
        <line num="581" count="0" type="stmt"/>
        <line num="584" count="0" type="stmt"/>
        <line num="585" count="0" type="cond" truecount="0" falsecount="4"/>
        <line num="591" count="0" type="cond" truecount="0" falsecount="2"/>
        <line num="592" count="0" type="stmt"/>
        <line num="593" count="0" type="stmt"/>
        <line num="597" count="0" type="stmt"/>
        <line num="599" count="0" type="stmt"/>
        <line num="600" count="0" type="stmt"/>
        <line num="602" count="0" type="stmt"/>
        <line num="603" count="0" type="stmt"/>
        <line num="614" count="0" type="stmt"/>
        <line num="616" count="0" type="stmt"/>
        <line num="619" count="0" type="stmt"/>
        <line num="620" count="0" type="stmt"/>
        <line num="623" count="0" type="stmt"/>
        <line num="624" count="0" type="stmt"/>
        <line num="625" count="0" type="stmt"/>
        <line num="628" count="0" type="stmt"/>
        <line num="631" count="0" type="stmt"/>
        <line num="633" count="0" type="stmt"/>
        <line num="634" count="0" type="stmt"/>
        <line num="636" count="0" type="stmt"/>
        <line num="637" count="0" type="stmt"/>
        <line num="646" count="6" type="cond" truecount="1" falsecount="1"/>
        <line num="647" count="6" type="cond" truecount="1" falsecount="1"/>
        <line num="648" count="0" type="stmt"/>
        <line num="649" count="0" type="stmt"/>
        <line num="658" count="6" type="stmt"/>
        <line num="662" count="1" type="stmt"/>
        <line num="665" count="0" type="stmt"/>
        <line num="666" count="0" type="stmt"/>
        <line num="668" count="0" type="stmt"/>
        <line num="670" count="0" type="stmt"/>
        <line num="671" count="0" type="cond" truecount="0" falsecount="4"/>
        <line num="672" count="0" type="stmt"/>
        <line num="675" count="0" type="stmt"/>
        <line num="676" count="0" type="cond" truecount="0" falsecount="2"/>
        <line num="678" count="0" type="stmt"/>
        <line num="681" count="0" type="cond" truecount="0" falsecount="6"/>
        <line num="692" count="0" type="cond" truecount="0" falsecount="3"/>
        <line num="696" count="0" type="cond" truecount="0" falsecount="2"/>
        <line num="699" count="0" type="stmt"/>
        <line num="700" count="0" type="cond" truecount="0" falsecount="2"/>
        <line num="703" count="0" type="stmt"/>
        <line num="704" count="0" type="stmt"/>
        <line num="706" count="0" type="stmt"/>
        <line num="709" count="0" type="stmt"/>
        <line num="710" count="0" type="cond" truecount="0" falsecount="2"/>
        <line num="713" count="0" type="stmt"/>
        <line num="714" count="0" type="stmt"/>
        <line num="718" count="0" type="stmt"/>
        <line num="719" count="0" type="stmt"/>
        <line num="726" count="0" type="stmt"/>
        <line num="729" count="0" type="stmt"/>
        <line num="732" count="0" type="stmt"/>
        <line num="735" count="0" type="cond" truecount="0" falsecount="4"/>
        <line num="736" count="0" type="stmt"/>
        <line num="742" count="0" type="stmt"/>
        <line num="746" count="0" type="stmt"/>
        <line num="747" count="0" type="stmt"/>
        <line num="748" count="0" type="stmt"/>
        <line num="752" count="0" type="cond" truecount="0" falsecount="2"/>
        <line num="753" count="0" type="stmt"/>
        <line num="758" count="0" type="cond" truecount="0" falsecount="2"/>
        <line num="760" count="0" type="stmt"/>
        <line num="763" count="0" type="stmt"/>
        <line num="773" count="0" type="stmt"/>
        <line num="775" count="0" type="stmt"/>
        <line num="776" count="0" type="cond" truecount="0" falsecount="4"/>
        <line num="777" count="0" type="stmt"/>
        <line num="781" count="0" type="stmt"/>
        <line num="782" count="0" type="cond" truecount="0" falsecount="4"/>
        <line num="783" count="0" type="stmt"/>
        <line num="787" count="0" type="stmt"/>
        <line num="788" count="0" type="stmt"/>
        <line num="789" count="0" type="stmt"/>
        <line num="791" count="0" type="cond" truecount="0" falsecount="2"/>
        <line num="795" count="0" type="stmt"/>
        <line num="796" count="0" type="stmt"/>
        <line num="797" count="0" type="stmt"/>
        <line num="798" count="0" type="stmt"/>
        <line num="800" count="0" type="cond" truecount="0" falsecount="4"/>
        <line num="801" count="0" type="stmt"/>
        <line num="804" count="0" type="stmt"/>
        <line num="811" count="0" type="stmt"/>
        <line num="812" count="0" type="stmt"/>
        <line num="823" count="1" type="cond" truecount="1" falsecount="1"/>
        <line num="825" count="0" type="stmt"/>
        <line num="827" count="0" type="cond" truecount="0" falsecount="2"/>
        <line num="828" count="0" type="stmt"/>
        <line num="832" count="0" type="cond" truecount="0" falsecount="2"/>
        <line num="833" count="0" type="stmt"/>
        <line num="834" count="0" type="stmt"/>
        <line num="836" count="0" type="cond" truecount="0" falsecount="2"/>
        <line num="837" count="0" type="stmt"/>
        <line num="841" count="0" type="stmt"/>
        <line num="845" count="1" type="stmt"/>
        <line num="846" count="1" type="cond" truecount="2" falsecount="0"/>
        <line num="856" count="0" type="stmt"/>
        <line num="857" count="0" type="cond" truecount="0" falsecount="4"/>
        <line num="858" count="0" type="stmt"/>
        <line num="859" count="0" type="stmt"/>
        <line num="863" count="0" type="stmt"/>
        <line num="864" count="0" type="cond" truecount="0" falsecount="4"/>
        <line num="865" count="0" type="stmt"/>
        <line num="866" count="0" type="stmt"/>
        <line num="870" count="0" type="cond" truecount="0" falsecount="2"/>
        <line num="873" count="0" type="stmt"/>
        <line num="874" count="0" type="cond" truecount="0" falsecount="2"/>
        <line num="875" count="0" type="stmt"/>
        <line num="876" count="0" type="stmt"/>
        <line num="878" count="0" type="cond" truecount="0" falsecount="2"/>
        <line num="882" count="0" type="cond" truecount="0" falsecount="2"/>
        <line num="883" count="0" type="cond" truecount="0" falsecount="2"/>
        <line num="884" count="0" type="cond" truecount="0" falsecount="2"/>
        <line num="887" count="0" type="stmt"/>
        <line num="888" count="0" type="stmt"/>
        <line num="889" count="0" type="stmt"/>
        <line num="894" count="0" type="cond" truecount="0" falsecount="4"/>
        <line num="896" count="0" type="stmt"/>
        <line num="897" count="0" type="stmt"/>
        <line num="898" count="0" type="stmt"/>
        <line num="899" count="0" type="stmt"/>
        <line num="900" count="0" type="stmt"/>
        <line num="903" count="0" type="stmt"/>
        <line num="904" count="0" type="stmt"/>
        <line num="905" count="0" type="stmt"/>
        <line num="909" count="0" type="stmt"/>
        <line num="917" count="0" type="stmt"/>
        <line num="920" count="0" type="stmt"/>
        <line num="921" count="0" type="cond" truecount="0" falsecount="4"/>
        <line num="923" count="0" type="stmt"/>
        <line num="927" count="0" type="cond" truecount="0" falsecount="2"/>
        <line num="930" count="0" type="stmt"/>
        <line num="931" count="0" type="stmt"/>
        <line num="932" count="0" type="stmt"/>
        <line num="935" count="0" type="cond" truecount="0" falsecount="2"/>
        <line num="936" count="0" type="stmt"/>
        <line num="938" count="0" type="stmt"/>
        <line num="946" count="0" type="stmt"/>
        <line num="947" count="0" type="stmt"/>
        <line num="948" count="0" type="stmt"/>
        <line num="949" count="0" type="stmt"/>
        <line num="952" count="0" type="stmt"/>
        <line num="954" count="0" type="cond" truecount="0" falsecount="2"/>
        <line num="955" count="0" type="stmt"/>
        <line num="956" count="0" type="stmt"/>
        <line num="957" count="0" type="stmt"/>
        <line num="959" count="0" type="stmt"/>
        <line num="960" count="0" type="stmt"/>
        <line num="963" count="0" type="stmt"/>
        <line num="964" count="0" type="stmt"/>
        <line num="975" count="0" type="stmt"/>
        <line num="977" count="0" type="stmt"/>
        <line num="986" count="0" type="stmt"/>
        <line num="988" count="0" type="stmt"/>
        <line num="989" count="0" type="stmt"/>
        <line num="999" count="0" type="stmt"/>
        <line num="1000" count="0" type="stmt"/>
        <line num="1002" count="0" type="cond" truecount="0" falsecount="2"/>
        <line num="1003" count="0" type="stmt"/>
        <line num="1004" count="0" type="stmt"/>
        <line num="1008" count="0" type="stmt"/>
        <line num="1011" count="0" type="stmt"/>
        <line num="1020" count="0" type="stmt"/>
        <line num="1022" count="0" type="stmt"/>
        <line num="1023" count="0" type="stmt"/>
        <line num="1025" count="0" type="stmt"/>
        <line num="1026" count="0" type="stmt"/>
        <line num="1035" count="0" type="stmt"/>
        <line num="1044" count="0" type="stmt"/>
        <line num="1045" count="0" type="stmt"/>
        <line num="1046" count="0" type="stmt"/>
        <line num="1048" count="0" type="stmt"/>
        <line num="1052" count="7" type="stmt"/>
      </file>
      <file name="segueManager.js" path="/home/david/Projects/CitizenRadio/src/managers/segueManager.js">
        <metrics statements="257" coveredstatements="37" conditionals="247" coveredconditionals="12" methods="30" coveredmethods="4"/>
        <line num="5" count="1" type="stmt"/>
        <line num="6" count="1" type="stmt"/>
        <line num="7" count="1" type="stmt"/>
        <line num="8" count="1" type="stmt"/>
        <line num="9" count="1" type="stmt"/>
        <line num="12" count="1" type="stmt"/>
        <line num="13" count="1" type="stmt"/>
        <line num="16" count="1" type="stmt"/>
        <line num="17" count="1" type="stmt"/>
        <line num="20" count="1" type="stmt"/>
        <line num="23" count="1" type="stmt"/>
        <line num="24" count="1" type="cond" truecount="1" falsecount="1"/>
        <line num="25" count="0" type="stmt"/>
        <line num="28" count="0" type="stmt"/>
        <line num="32" count="3" type="cond" truecount="4" falsecount="0"/>
        <line num="33" count="1" type="stmt"/>
        <line num="34" count="1" type="stmt"/>
        <line num="36" count="1" type="stmt"/>
        <line num="38" count="1" type="cond" truecount="3" falsecount="1"/>
        <line num="39" count="1" type="stmt"/>
        <line num="45" count="0" type="stmt"/>
        <line num="48" count="0" type="stmt"/>
        <line num="51" count="0" type="stmt"/>
        <line num="67" count="0" type="stmt"/>
        <line num="73" count="3" type="cond" truecount="1" falsecount="1"/>
        <line num="78" count="0" type="stmt"/>
        <line num="84" count="0" type="stmt"/>
        <line num="85" count="0" type="stmt"/>
        <line num="90" count="3" type="stmt"/>
        <line num="91" count="3" type="stmt"/>
        <line num="94" count="1" type="stmt"/>
        <line num="101" count="1" type="stmt"/>
        <line num="102" count="1" type="stmt"/>
        <line num="105" count="1" type="stmt"/>
        <line num="106" count="3" type="stmt"/>
        <line num="107" count="3" type="stmt"/>
        <line num="110" count="1" type="stmt"/>
        <line num="117" count="0" type="stmt"/>
        <line num="119" count="0" type="cond" truecount="0" falsecount="2"/>
        <line num="120" count="0" type="stmt"/>
        <line num="121" count="0" type="stmt"/>
        <line num="126" count="0" type="stmt"/>
        <line num="129" count="0" type="stmt"/>
        <line num="130" count="0" type="stmt"/>
        <line num="131" count="0" type="stmt"/>
        <line num="137" count="0" type="cond" truecount="0" falsecount="2"/>
        <line num="140" count="0" type="cond" truecount="0" falsecount="2"/>
        <line num="142" count="0" type="cond" truecount="0" falsecount="4"/>
[...]
        <line num="797" count="0" type="stmt"/>
        <line num="798" count="0" type="stmt"/>
        <line num="802" count="8" type="stmt"/>
      </file>
      <file name="index.js" path="/home/david/Projects/CitizenRadio/src/utils/index.js">
        <metrics statements="147" coveredstatements="120" conditionals="95" coveredconditionals="65" methods="19" coveredmethods="16"/>
        <line num="1" count="9" type="stmt"/>
        <line num="2" count="9" type="stmt"/>
        <line num="3" count="9" type="stmt"/>
        <line num="4" count="9" type="stmt"/>
        <line num="5" count="9" type="stmt"/>
        <line num="6" count="9" type="stmt"/>
        <line num="7" count="9" type="stmt"/>
        <line num="15" count="5" type="stmt"/>
        <line num="18" count="5" type="cond" truecount="2" falsecount="0"/>
        <line num="19" count="1" type="stmt"/>
        <line num="20" count="1" type="stmt"/>
        <line num="21" count="1" type="stmt"/>
        <line num="24" count="4" type="stmt"/>
        <line num="30" count="4" type="stmt"/>
        <line num="31" count="4" type="stmt"/>
        <line num="37" count="3" type="stmt"/>
        <line num="38" count="3" type="cond" truecount="2" falsecount="0"/>
        <line num="39" count="1" type="stmt"/>
        <line num="40" count="1" type="stmt"/>
        <line num="42" count="2" type="stmt"/>
        <line num="45" count="1" type="cond" truecount="1" falsecount="1"/>
        <line num="46" count="1" type="stmt"/>
        <line num="49" count="0" type="stmt"/>
        <line num="54" count="3" type="stmt"/>
        <line num="55" count="3" type="stmt"/>
        <line num="64" count="2" type="stmt"/>
        <line num="65" count="2" type="cond" truecount="4" falsecount="0"/>
        <line num="66" count="1" type="stmt"/>
        <line num="67" count="1" type="stmt"/>
        <line num="69" count="1" type="stmt"/>
        <line num="72" count="1" type="stmt"/>
        <line num="75" count="2" type="stmt"/>
        <line num="80" count="10" type="cond" truecount="1" falsecount="1"/>
        <line num="81" count="0" type="stmt"/>
        <line num="82" count="0" type="stmt"/>
        <line num="84" count="10" type="stmt"/>
        <line num="88" count="5" type="stmt"/>
        <line num="89" count="5" type="cond" truecount="1" falsecount="1"/>
        <line num="90" count="5" type="stmt"/>
        <line num="91" count="1" type="cond" truecount="1" falsecount="1"/>
        <line num="95" count="9" type="stmt"/>
        <line num="96" count="9" type="stmt"/>
        <line num="97" count="9" type="stmt"/>
        <line num="98" count="9" type="stmt"/>
        <line num="99" count="9" type="stmt"/>
        <line num="100" count="9" type="stmt"/>
        <line num="101" count="9" type="stmt"/>
        <line num="112" count="9" type="stmt"/>
        <line num="113" count="9" type="cond" truecount="4" falsecount="0"/>
        <line num="114" count="2" type="stmt"/>
        <line num="115" count="2" type="cond" truecount="1" falsecount="1"/>
        <line num="117" count="7" type="cond" truecount="4" falsecount="0"/>
        <line num="119" count="5" type="stmt"/>
        <line num="120" count="5" type="cond" truecount="1" falsecount="1"/>
        <line num="122" count="5" type="stmt"/>
        <line num="123" count="1" type="cond" truecount="1" falsecount="1"/>
        <line num="125" count="1" type="stmt"/>
        <line num="126" count="1" type="stmt"/>
        <line num="127" count="1" type="cond" truecount="1" falsecount="1"/>
        <line num="129" count="1" type="stmt"/>
        <line num="130" count="1" type="cond" truecount="2" falsecount="0"/>
        <line num="133" count="1" type="cond" truecount="2" falsecount="0"/>
        <line num="134" count="1" type="stmt"/>
        <line num="140" count="1" type="stmt"/>
        <line num="141" count="1" type="cond" truecount="1" falsecount="1"/>
        <line num="143" count="1" type="cond" truecount="1" falsecount="1"/>
        <line num="144" count="1" type="stmt"/>
        <line num="145" count="1" type="stmt"/>
        <line num="148" count="0" type="stmt"/>
        <line num="149" count="0" type="cond" truecount="0" falsecount="2"/>
        <line num="150" count="0" type="cond" truecount="0" falsecount="2"/>
        <line num="151" count="0" type="stmt"/>
        <line num="159" count="1" type="stmt"/>
        <line num="162" count="0" type="stmt"/>
        <line num="167" count="0" type="cond" truecount="0" falsecount="2"/>
        <line num="168" count="0" type="stmt"/>
        <line num="169" count="0" type="cond" truecount="0" falsecount="2"/>
        <line num="170" count="0" type="stmt"/>
        <line num="172" count="0" type="stmt"/>
        <line num="173" count="0" type="cond" truecount="0" falsecount="2"/>
        <line num="174" count="0" type="stmt"/>
        <line num="175" count="0" type="stmt"/>
        <line num="177" count="0" type="stmt"/>
        <line num="180" count="0" type="stmt"/>
        <line num="184" count="7" type="stmt"/>
        <line num="185" count="7" type="stmt"/>
        <line num="189" count="7" type="stmt"/>
        <line num="190" count="7" type="stmt"/>
        <line num="191" count="7" type="stmt"/>
        <line num="192" count="7" type="stmt"/>
        <line num="193" count="7" type="cond" truecount="1" falsecount="1"/>
        <line num="198" count="2" type="stmt"/>
        <line num="199" count="2" type="stmt"/>
        <line num="200" count="2" type="stmt"/>
        <line num="201" count="1" type="stmt"/>
        <line num="202" count="1" type="cond" truecount="1" falsecount="1"/>
        <line num="204" count="2" type="stmt"/>
        <line num="205" count="2" type="stmt"/>
        <line num="210" count="2" type="stmt"/>
        <line num="211" count="2" type="cond" truecount="3" falsecount="1"/>
        <line num="212" count="0" type="stmt"/>
        <line num="213" count="0" type="stmt"/>
        <line num="215" count="2" type="stmt"/>
        <line num="216" count="2" type="cond" truecount="1" falsecount="1"/>
        <line num="217" count="0" type="stmt"/>
        <line num="218" count="0" type="stmt"/>
        <line num="223" count="3" type="stmt"/>
        <line num="228" count="5" type="cond" truecount="2" falsecount="0"/>
        <line num="229" count="1" type="stmt"/>
        <line num="230" count="1" type="stmt"/>
        <line num="234" count="4" type="stmt"/>
        <line num="235" count="4" type="cond" truecount="2" falsecount="0"/>
        <line num="236" count="1" type="stmt"/>
        <line num="237" count="1" type="stmt"/>
        <line num="241" count="3" type="stmt"/>
        <line num="242" count="3" type="cond" truecount="2" falsecount="0"/>
        <line num="243" count="1" type="stmt"/>
        <line num="244" count="1" type="stmt"/>
        <line num="248" count="2" type="stmt"/>
        <line num="262" count="2" type="cond" truecount="2" falsecount="0"/>
        <line num="263" count="1" type="stmt"/>
        <line num="274" count="2" type="stmt"/>
        <line num="281" count="2" type="cond" truecount="2" falsecount="0"/>
        <line num="282" count="1" type="stmt"/>
        <line num="283" count="1" type="stmt"/>
        <line num="286" count="1" type="stmt"/>
        <line num="289" count="1" type="stmt"/>
        <line num="290" count="2" type="cond" truecount="1" falsecount="1"/>
        <line num="291" count="2" type="stmt"/>
        <line num="292" count="2" type="stmt"/>
        <line num="293" count="2" type="stmt"/>
        <line num="295" count="0" type="stmt"/>
        <line num="301" count="1" type="stmt"/>
        <line num="304" count="1" type="stmt"/>
        <line num="305" count="1" type="cond" truecount="1" falsecount="1"/>
        <line num="306" count="1" type="stmt"/>
        <line num="307" count="1" type="stmt"/>
        <line num="308" count="2" type="cond" truecount="1" falsecount="1"/>
        <line num="309" count="2" type="stmt"/>
        <line num="310" count="2" type="stmt"/>
        <line num="311" count="2" type="stmt"/>
        <line num="313" count="0" type="stmt"/>
        <line num="319" count="1" type="stmt"/>
        <line num="323" count="0" type="stmt"/>
        <line num="325" count="0" type="stmt"/>
        <line num="326" count="0" type="stmt"/>
        <line num="330" count="9" type="stmt"/>
      </file>
      <file name="sentimentAnalyzer.js" path="/home/david/Projects/CitizenRadio/src/utils/sentimentAnalyzer.js">
        <metrics statements="135" coveredstatements="9" conditionals="108" coveredconditionals="0" methods="15" coveredmethods="0"/>
        <line num="11" count="7" type="stmt"/>
        <line num="12" count="7" type="stmt"/>
        <line num="15" count="7" type="stmt"/>
        <line num="22" count="7" type="stmt"/>
        <line num="29" count="7" type="stmt"/>
        <line num="36" count="7" type="stmt"/>
        <line num="52" count="0" type="cond" truecount="0" falsecount="5"/>
        <line num="53" count="0" type="stmt"/>
        <line num="61" count="0" type="stmt"/>
        <line num="62" count="0" type="stmt"/>
        <line num="63" count="0" type="stmt"/>
        <line num="64" count="0" type="stmt"/>
        <line num="67" count="0" type="stmt"/>
        <line num="68" count="0" type="stmt"/>
        <line num="69" count="0" type="stmt"/>
        <line num="78" count="0" type="stmt"/>
        <line num="79" count="0" type="cond" truecount="0" falsecount="3"/>
        <line num="80" count="0" type="cond" truecount="0" falsecount="2"/>
        <line num="83" count="0" type="stmt"/>
        <line num="84" count="0" type="stmt"/>
        <line num="85" count="0" type="stmt"/>
        <line num="88" count="0" type="stmt"/>
        <line num="89" count="0" type="cond" truecount="0" falsecount="2"/>
        <line num="90" count="0" type="stmt"/>
        <line num="91" count="0" type="stmt"/>
        <line num="96" count="0" type="stmt"/>
        <line num="97" count="0" type="cond" truecount="0" falsecount="2"/>
        <line num="98" count="0" type="stmt"/>
        <line num="99" count="0" type="stmt"/>
        <line num="104" count="0" type="cond" truecount="0" falsecount="4"/>
        <line num="105" count="0" type="stmt"/>
        <line num="106" count="0" type="cond" truecount="0" falsecount="2"/>
        <line num="107" count="0" type="stmt"/>
        <line num="113" count="0" type="cond" truecount="0" falsecount="2"/>
        <line num="114" count="0" type="stmt"/>
        <line num="115" count="0" type="cond" truecount="0" falsecount="2"/>
        <line num="116" count="0" type="stmt"/>
        <line num="118" count="0" type="stmt"/>
        <line num="122" count="0" type="stmt"/>
        <line num="125" count="0" type="stmt"/>
        <line num="126" count="0" type="stmt"/>
        <line num="128" count="0" type="stmt"/>
        <line num="129" count="0" type="cond" truecount="0" falsecount="2"/>
        <line num="130" count="0" type="stmt"/>
        <line num="134" count="0" type="cond" truecount="0" falsecount="2"/>
        <line num="135" count="0" type="stmt"/>
        <line num="137" count="0" type="cond" truecount="0" falsecount="2"/>
        <line num="138" count="0" type="stmt"/>
        <line num="139" count="0" type="cond" truecount="0" falsecount="2"/>
        <line num="140" count="0" type="stmt"/>
        <line num="142" count="0" type="stmt"/>
        <line num="149" count="0" type="stmt"/>
        <line num="150" count="0" type="cond" truecount="0" falsecount="2"/>
        <line num="153" count="0" type="cond" truecount="0" falsecount="2"/>
        <line num="154" count="0" type="stmt"/>
        <line num="155" count="0" type="cond" truecount="0" falsecount="2"/>
        <line num="156" count="0" type="stmt"/>
        <line num="157" count="0" type="cond" truecount="0" falsecount="2"/>
        <line num="158" count="0" type="stmt"/>
        <line num="159" count="0" type="cond" truecount="0" falsecount="2"/>
        <line num="160" count="0" type="stmt"/>
        <line num="162" count="0" type="stmt"/>
        <line num="166" count="0" type="stmt"/>
        <line num="169" count="0" type="stmt"/>
        <line num="170" count="0" type="stmt"/>
        <line num="171" count="0" type="cond" truecount="0" falsecount="2"/>
        <line num="172" count="0" type="stmt"/>
        <line num="185" count="0" type="stmt"/>
        <line num="207" count="0" type="stmt"/>
        <line num="208" count="0" type="cond" truecount="0" falsecount="2"/>
        <line num="210" count="0" type="stmt"/>
        <line num="213" count="0" type="stmt"/>
        <line num="214" count="0" type="stmt"/>
        <line num="216" count="0" type="cond" truecount="0" falsecount="2"/>
        <line num="217" count="0" type="stmt"/>
        <line num="218" count="0" type="cond" truecount="0" falsecount="2"/>
        <line num="219" count="0" type="stmt"/>
        <line num="220" count="0" type="cond" truecount="0" falsecount="4"/>
        <line num="221" count="0" type="stmt"/>
        <line num="222" count="0" type="cond" truecount="0" falsecount="2"/>
        <line num="223" count="0" type="stmt"/>
        <line num="224" count="0" type="cond" truecount="0" falsecount="2"/>
        <line num="225" count="0" type="stmt"/>
        <line num="227" count="0" type="stmt"/>
        <line num="231" count="0" type="stmt"/>
        <line num="232" count="0" type="stmt"/>
        <line num="234" count="0" type="cond" truecount="0" falsecount="2"/>
        <line num="235" count="0" type="stmt"/>
        <line num="236" count="0" type="stmt"/>
        <line num="238" count="0" type="cond" truecount="0" falsecount="2"/>
        <line num="239" count="0" type="stmt"/>
        <line num="240" count="0" type="cond" truecount="0" falsecount="2"/>
        <line num="241" count="0" type="stmt"/>
        <line num="247" count="0" type="cond" truecount="0" falsecount="2"/>
        <line num="248" count="0" type="cond" truecount="0" falsecount="2"/>
        <line num="249" count="0" type="stmt"/>
        <line num="250" count="0" type="cond" truecount="0" falsecount="2"/>
        <line num="251" count="0" type="stmt"/>
        <line num="253" count="0" type="stmt"/>
        <line num="254" count="0" type="stmt"/>
        <line num="258" count="0" type="stmt"/>
        <line num="267" count="0" type="cond" truecount="0" falsecount="5"/>
        <line num="268" count="0" type="stmt"/>
        <line num="276" count="0" type="stmt"/>
        <line num="278" count="0" type="stmt"/>
        <line num="281" count="0" type="stmt"/>
        <line num="282" count="0" type="stmt"/>
        <line num="292" count="0" type="stmt"/>
        <line num="305" count="0" type="stmt"/>
        <line num="322" count="0" type="stmt"/>
        <line num="325" count="0" type="stmt"/>
        <line num="326" count="0" type="cond" truecount="0" falsecount="2"/>
        <line num="327" count="0" type="cond" truecount="0" falsecount="2"/>
        <line num="328" count="0" type="cond" truecount="0" falsecount="2"/>
        <line num="329" count="0" type="cond" truecount="0" falsecount="2"/>
        <line num="333" count="0" type="stmt"/>
        <line num="334" count="0" type="cond" truecount="0" falsecount="2"/>
        <line num="335" count="0" type="cond" truecount="0" falsecount="2"/>
        <line num="336" count="0" type="cond" truecount="0" falsecount="2"/>
        <line num="337" count="0" type="cond" truecount="0" falsecount="2"/>
        <line num="340" count="0" type="stmt"/>
        <line num="353" count="0" type="stmt"/>
        <line num="356" count="0" type="stmt"/>
        <line num="357" count="0" type="stmt"/>
        <line num="368" count="0" type="stmt"/>
        <line num="370" count="0" type="cond" truecount="0" falsecount="2"/>
        <line num="371" count="0" type="stmt"/>
        <line num="372" count="0" type="stmt"/>
        <line num="374" count="0" type="stmt"/>
        <line num="375" count="0" type="stmt"/>
        <line num="379" count="0" type="stmt"/>
        <line num="385" count="7" type="stmt"/>
        <line num="386" count="7" type="stmt"/>
        <line num="387" count="0" type="stmt"/>
        <line num="390" count="7" type="stmt"/>
      </file>
      <file name="ttsHelper.js" path="/home/david/Projects/CitizenRadio/src/utils/ttsHelper.js">
        <metrics statements="66" coveredstatements="13" conditionals="22" coveredconditionals="0" methods="5" coveredmethods="0"/>
        <line num="1" count="4" type="stmt"/>
        <line num="2" count="4" type="stmt"/>
        <line num="3" count="4" type="stmt"/>
        <line num="4" count="4" type="stmt"/>
        <line num="5" count="4" type="stmt"/>
        <line num="8" count="4" type="stmt"/>
        <line num="10" count="0" type="cond" truecount="0" falsecount="2"/>
        <line num="11" count="0" type="stmt"/>
        <line num="13" count="0" type="stmt"/>
        <line num="16" count="4" type="stmt"/>
        <line num="17" count="4" type="stmt"/>
        <line num="18" count="4" type="stmt"/>
        <line num="21" count="4" type="stmt"/>
        <line num="22" count="4" type="stmt"/>
        <line num="25" count="4" type="stmt"/>
        <line num="38" count="0" type="stmt"/>
        <line num="40" count="0" type="stmt"/>
        <line num="43" count="0" type="cond" truecount="0" falsecount="2"/>
        <line num="44" count="0" type="stmt"/>
        <line num="45" count="0" type="stmt"/>
        <line num="48" count="0" type="cond" truecount="0" falsecount="2"/>
        <line num="49" count="0" type="stmt"/>
        <line num="50" count="0" type="stmt"/>
        <line num="51" count="0" type="stmt"/>
        <line num="55" count="0" type="stmt"/>
        <line num="56" count="0" type="cond" truecount="0" falsecount="2"/>
        <line num="57" count="0" type="stmt"/>
        <line num="59" count="0" type="stmt"/>
        <line num="60" count="0" type="cond" truecount="0" falsecount="2"/>
        <line num="62" count="0" type="stmt"/>
        <line num="63" count="0" type="stmt"/>
        <line num="65" count="0" type="stmt"/>
        <line num="66" count="0" type="stmt"/>
        <line num="69" count="0" type="stmt"/>
        <line num="73" count="0" type="stmt"/>
        <line num="76" count="0" type="cond" truecount="0" falsecount="4"/>
        <line num="77" count="0" type="stmt"/>
        <line num="78" count="0" type="cond" truecount="0" falsecount="2"/>
        <line num="79" count="0" type="stmt"/>
        <line num="80" count="0" type="cond" truecount="0" falsecount="2"/>
        <line num="81" count="0" type="stmt"/>
        <line num="86" count="0" type="stmt"/>
        <line num="93" count="0" type="stmt"/>
        <line num="96" count="0" type="stmt"/>
        <line num="97" count="0" type="stmt"/>
        <line num="101" count="0" type="stmt"/>
        <line num="107" count="0" type="stmt"/>
        <line num="108" count="0" type="stmt"/>
        <line num="109" count="0" type="stmt"/>
        <line num="110" count="0" type="cond" truecount="0" falsecount="2"/>
        <line num="112" count="0" type="stmt"/>
        <line num="113" count="0" type="stmt"/>
        <line num="116" count="0" type="stmt"/>
        <line num="120" count="0" type="stmt"/>
        <line num="121" count="0" type="stmt"/>
        <line num="123" count="0" type="cond" truecount="0" falsecount="2"/>
        <line num="125" count="0" type="stmt"/>
        <line num="127" count="0" type="stmt"/>
        <line num="133" count="0" type="stmt"/>
        <line num="134" count="0" type="stmt"/>
        <line num="135" count="0" type="stmt"/>
        <line num="136" count="0" type="stmt"/>
        <line num="137" count="0" type="stmt"/>
        <line num="139" count="0" type="stmt"/>
        <line num="140" count="0" type="stmt"/>
        <line num="145" count="4" type="stmt"/>
      </file>
    </package>
  </project>
</coverage>
