{"/home/david/Projects/CitizenRadio/scripts/fix-ratings-log.js": {"path":"/home/david/Projects/CitizenRadio/scripts/fix-ratings-log.js","statementMap":{"0":{"start":{"line":1,"column":11},"end":{"line":1,"column":33}},"1":{"start":{"line":2,"column":15},"end":{"line":2,"column":28}},"2":{"start":{"line":3,"column":13},"end":{"line":3,"column":28}},"3":{"start":{"line":6,"column":18},"end":{"line":6,"column":51}},"4":{"start":{"line":9,"column":19},"end":{"line":9,"column":62}},"5":{"start":{"line":10,"column":19},"end":{"line":10,"column":69}},"6":{"start":{"line":16,"column":2},"end":{"line":16,"column":68}},"7":{"start":{"line":18,"column":2},"end":{"line":137,"column":3}},"8":{"start":{"line":20,"column":4},"end":{"line":23,"column":5}},"9":{"start":{"line":21,"column":6},"end":{"line":21,"column":69}},"10":{"start":{"line":22,"column":6},"end":{"line":22,"column":13}},"11":{"start":{"line":26,"column":4},"end":{"line":31,"column":5}},"12":{"start":{"line":27,"column":6},"end":{"line":27,"column":48}},"13":{"start":{"line":28,"column":6},"end":{"line":28,"column":66}},"14":{"start":{"line":30,"column":6},"end":{"line":30,"column":83}},"15":{"start":{"line":34,"column":15},"end":{"line":34,"column":52}},"16":{"start":{"line":35,"column":4},"end":{"line":35,"column":77}},"17":{"start":{"line":38,"column":4},"end":{"line":38,"column":59}},"18":{"start":{"line":41,"column":4},"end":{"line":44,"column":5}},"19":{"start":{"line":42,"column":6},"end":{"line":42,"column":79}},"20":{"start":{"line":43,"column":6},"end":{"line":43,"column":53}},"21":{"start":{"line":47,"column":4},"end":{"line":123,"column":5}},"22":{"start":{"line":48,"column":25},"end":{"line":48,"column":41}},"23":{"start":{"line":49,"column":6},"end":{"line":49,"column":74}},"24":{"start":{"line":52,"column":6},"end":{"line":52,"column":82}},"25":{"start":{"line":53,"column":6},"end":{"line":53,"column":83}},"26":{"start":{"line":55,"column":6},"end":{"line":55,"column":24}},"27":{"start":{"line":57,"column":6},"end":{"line":57,"column":73}},"28":{"start":{"line":60,"column":22},"end":{"line":60,"column":26}},"29":{"start":{"line":63,"column":6},"end":{"line":63,"column":58}},"30":{"start":{"line":66,"column":6},"end":{"line":66,"column":84}},"31":{"start":{"line":69,"column":6},"end":{"line":69,"column":80}},"32":{"start":{"line":72,"column":25},"end":{"line":72,"column":62}},"33":{"start":{"line":73,"column":26},"end":{"line":73,"column":63}},"34":{"start":{"line":75,"column":6},"end":{"line":78,"column":7}},"35":{"start":{"line":76,"column":8},"end":{"line":76,"column":94}},"36":{"start":{"line":77,"column":8},"end":{"line":77,"column":58}},"37":{"start":{"line":80,"column":6},"end":{"line":122,"column":7}},"38":{"start":{"line":81,"column":27},"end":{"line":81,"column":48}},"39":{"start":{"line":82,"column":8},"end":{"line":82,"column":74}},"40":{"start":{"line":85,"column":8},"end":{"line":85,"column":84}},"41":{"start":{"line":86,"column":8},"end":{"line":86,"column":70}},"42":{"start":{"line":88,"column":8},"end":{"line":88,"column":26}},"43":{"start":{"line":90,"column":8},"end":{"line":90,"column":86}},"44":{"start":{"line":93,"column":8},"end":{"line":113,"column":9}},"45":{"start":{"line":95,"column":24},"end":{"line":95,"column":47}},"46":{"start":{"line":96,"column":10},"end":{"line":110,"column":11}},"47":{"start":{"line":97,"column":12},"end":{"line":109,"column":13}},"48":{"start":{"line":99,"column":36},"end":{"line":99,"column":56}},"49":{"start":{"line":100,"column":14},"end":{"line":100,"column":83}},"50":{"start":{"line":103,"column":14},"end":{"line":103,"column":93}},"51":{"start":{"line":104,"column":14},"end":{"line":104,"column":80}},"52":{"start":{"line":106,"column":14},"end":{"line":106,"column":35}},"53":{"start":{"line":108,"column":14},"end":{"line":108,"column":103}},"54":{"start":{"line":112,"column":10},"end":{"line":112,"column":92}},"55":{"start":{"line":116,"column":8},"end":{"line":116,"column":100}},"56":{"start":{"line":117,"column":28},"end":{"line":117,"column":30}},"57":{"start":{"line":118,"column":8},"end":{"line":118,"column":85}},"58":{"start":{"line":119,"column":8},"end":{"line":119,"column":72}},"59":{"start":{"line":121,"column":8},"end":{"line":121,"column":27}},"60":{"start":{"line":125,"column":4},"end":{"line":125,"column":67}},"61":{"start":{"line":128,"column":4},"end":{"line":136,"column":5}},"62":{"start":{"line":129,"column":6},"end":{"line":129,"column":90}},"63":{"start":{"line":130,"column":28},"end":{"line":130,"column":76}},"64":{"start":{"line":131,"column":6},"end":{"line":131,"column":69}},"65":{"start":{"line":132,"column":6},"end":{"line":132,"column":27}},"66":{"start":{"line":134,"column":6},"end":{"line":134,"column":84}},"67":{"start":{"line":135,"column":6},"end":{"line":135,"column":16}},"68":{"start":{"line":141,"column":0},"end":{"line":145,"column":1}},"69":{"start":{"line":142,"column":2},"end":{"line":144,"column":86}},"70":{"start":{"line":143,"column":16},"end":{"line":143,"column":77}},"71":{"start":{"line":144,"column":18},"end":{"line":144,"column":84}},"72":{"start":{"line":148,"column":0},"end":{"line":150,"column":2}}},"fnMap":{"0":{"name":"fixRatingsLog","decl":{"start":{"line":15,"column":15},"end":{"line":15,"column":28}},"loc":{"start":{"line":15,"column":31},"end":{"line":138,"column":1}},"line":15},"1":{"name":"(anonymous_1)","decl":{"start":{"line":143,"column":10},"end":{"line":143,"column":11}},"loc":{"start":{"line":143,"column":16},"end":{"line":143,"column":77}},"line":143},"2":{"name":"(anonymous_2)","decl":{"start":{"line":144,"column":11},"end":{"line":144,"column":12}},"loc":{"start":{"line":144,"column":18},"end":{"line":144,"column":84}},"line":144}},"branchMap":{"0":{"loc":{"start":{"line":20,"column":4},"end":{"line":23,"column":5}},"type":"if","locations":[{"start":{"line":20,"column":4},"end":{"line":23,"column":5}},{"start":{},"end":{}}],"line":20},"1":{"loc":{"start":{"line":41,"column":4},"end":{"line":44,"column":5}},"type":"if","locations":[{"start":{"line":41,"column":4},"end":{"line":44,"column":5}},{"start":{},"end":{}}],"line":41},"2":{"loc":{"start":{"line":72,"column":26},"end":{"line":72,"column":54}},"type":"binary-expr","locations":[{"start":{"line":72,"column":26},"end":{"line":72,"column":48}},{"start":{"line":72,"column":52},"end":{"line":72,"column":54}}],"line":72},"3":{"loc":{"start":{"line":73,"column":27},"end":{"line":73,"column":55}},"type":"binary-expr","locations":[{"start":{"line":73,"column":27},"end":{"line":73,"column":49}},{"start":{"line":73,"column":53},"end":{"line":73,"column":55}}],"line":73},"4":{"loc":{"start":{"line":75,"column":6},"end":{"line":78,"column":7}},"type":"if","locations":[{"start":{"line":75,"column":6},"end":{"line":78,"column":7}},{"start":{},"end":{}}],"line":75},"5":{"loc":{"start":{"line":96,"column":10},"end":{"line":110,"column":11}},"type":"if","locations":[{"start":{"line":96,"column":10},"end":{"line":110,"column":11}},{"start":{},"end":{}}],"line":96},"6":{"loc":{"start":{"line":96,"column":14},"end":{"line":96,"column":31}},"type":"binary-expr","locations":[{"start":{"line":96,"column":14},"end":{"line":96,"column":19}},{"start":{"line":96,"column":23},"end":{"line":96,"column":31}}],"line":96},"7":{"loc":{"start":{"line":141,"column":0},"end":{"line":145,"column":1}},"type":"if","locations":[{"start":{"line":141,"column":0},"end":{"line":145,"column":1}},{"start":{},"end":{}}],"line":141}},"s":{"0":1,"1":1,"2":1,"3":1,"4":1,"5":1,"6":1,"7":1,"8":1,"9":0,"10":0,"11":1,"12":1,"13":1,"14":0,"15":1,"16":1,"17":1,"18":1,"19":0,"20":0,"21":1,"22":1,"23":1,"24":1,"25":1,"26":1,"27":0,"28":0,"29":0,"30":0,"31":0,"32":0,"33":0,"34":0,"35":0,"36":0,"37":0,"38":0,"39":0,"40":0,"41":0,"42":0,"43":0,"44":0,"45":0,"46":0,"47":0,"48":0,"49":0,"50":0,"51":0,"52":0,"53":0,"54":0,"55":0,"56":0,"57":0,"58":0,"59":0,"60":0,"61":0,"62":0,"63":0,"64":0,"65":0,"66":0,"67":0,"68":1,"69":0,"70":0,"71":0,"72":1},"f":{"0":1,"1":0,"2":0},"b":{"0":[0,1],"1":[0,1],"2":[0,0],"3":[0,0],"4":[0,0],"5":[0,0],"6":[0,0],"7":[0,1]},"_coverageSchema":"1a1c01bbd47fc00a2c39e90264f33305004495a9","hash":"db7962272a94255098600b76e93cac2a5b93f77b"}
,"/home/david/Projects/CitizenRadio/src/core/config.js": {"path":"/home/david/Projects/CitizenRadio/src/core/config.js","statementMap":{"0":{"start":{"line":4,"column":11},"end":{"line":4,"column":24}},"1":{"start":{"line":5,"column":13},"end":{"line":5,"column":28}},"2":{"start":{"line":9,"column":30},"end":{"line":11,"column":79}},"3":{"start":{"line":14,"column":4},"end":{"line":53,"column":5}},"4":{"start":{"line":15,"column":8},"end":{"line":15,"column":56}},"5":{"start":{"line":16,"column":8},"end":{"line":40,"column":10}},"6":{"start":{"line":44,"column":8},"end":{"line":52,"column":9}},"7":{"start":{"line":45,"column":31},"end":{"line":45,"column":80}},"8":{"start":{"line":46,"column":27},"end":{"line":46,"column":75}},"9":{"start":{"line":47,"column":12},"end":{"line":47,"column":82}},"10":{"start":{"line":48,"column":12},"end":{"line":48,"column":26}},"11":{"start":{"line":50,"column":12},"end":{"line":50,"column":85}},"12":{"start":{"line":51,"column":12},"end":{"line":51,"column":28}},"13":{"start":{"line":56,"column":21},"end":{"line":56,"column":50}},"14":{"start":{"line":57,"column":20},"end":{"line":64,"column":1}},"15":{"start":{"line":65,"column":18},"end":{"line":65,"column":71}},"16":{"start":{"line":65,"column":26},"end":{"line":65,"column":71}},"17":{"start":{"line":68,"column":19},"end":{"line":68,"column":74}},"18":{"start":{"line":68,"column":27},"end":{"line":68,"column":74}},"19":{"start":{"line":69,"column":23},"end":{"line":69,"column":42}},"20":{"start":{"line":73,"column":0},"end":{"line":80,"column":1}},"21":{"start":{"line":74,"column":4},"end":{"line":76,"column":5}},"22":{"start":{"line":75,"column":8},"end":{"line":75,"column":36}},"23":{"start":{"line":79,"column":4},"end":{"line":79,"column":47}},"24":{"start":{"line":82,"column":0},"end":{"line":89,"column":1}},"25":{"start":{"line":83,"column":4},"end":{"line":87,"column":5}},"26":{"start":{"line":84,"column":8},"end":{"line":86,"column":10}},"27":{"start":{"line":88,"column":4},"end":{"line":88,"column":70}},"28":{"start":{"line":91,"column":0},"end":{"line":98,"column":1}},"29":{"start":{"line":92,"column":4},"end":{"line":96,"column":5}},"30":{"start":{"line":93,"column":8},"end":{"line":95,"column":10}},"31":{"start":{"line":97,"column":4},"end":{"line":97,"column":49}},"32":{"start":{"line":101,"column":13},"end":{"line":101,"column":34}},"33":{"start":{"line":102,"column":17},"end":{"line":102,"column":21}},"34":{"start":{"line":103,"column":21},"end":{"line":103,"column":25}},"35":{"start":{"line":104,"column":20},"end":{"line":104,"column":24}},"36":{"start":{"line":105,"column":20},"end":{"line":105,"column":24}},"37":{"start":{"line":109,"column":0},"end":{"line":113,"column":1}},"38":{"start":{"line":110,"column":4},"end":{"line":110,"column":25}},"39":{"start":{"line":112,"column":4},"end":{"line":112,"column":17}},"40":{"start":{"line":115,"column":0},"end":{"line":130,"column":1}},"41":{"start":{"line":115,"column":13},"end":{"line":115,"column":14}},"42":{"start":{"line":116,"column":4},"end":{"line":118,"column":5}},"43":{"start":{"line":117,"column":8},"end":{"line":117,"column":33}},"44":{"start":{"line":119,"column":4},"end":{"line":122,"column":5}},"45":{"start":{"line":120,"column":18},"end":{"line":120,"column":41}},"46":{"start":{"line":121,"column":8},"end":{"line":121,"column":52}},"47":{"start":{"line":121,"column":33},"end":{"line":121,"column":52}},"48":{"start":{"line":123,"column":4},"end":{"line":126,"column":5}},"49":{"start":{"line":124,"column":18},"end":{"line":124,"column":29}},"50":{"start":{"line":125,"column":8},"end":{"line":125,"column":62}},"51":{"start":{"line":125,"column":44},"end":{"line":125,"column":62}},"52":{"start":{"line":127,"column":4},"end":{"line":129,"column":5}},"53":{"start":{"line":128,"column":8},"end":{"line":128,"column":32}},"54":{"start":{"line":134,"column":0},"end":{"line":139,"column":2}},"55":{"start":{"line":141,"column":0},"end":{"line":145,"column":1}},"56":{"start":{"line":142,"column":4},"end":{"line":142,"column":48}},"57":{"start":{"line":143,"column":7},"end":{"line":145,"column":1}},"58":{"start":{"line":144,"column":4},"end":{"line":144,"column":38}},"59":{"start":{"line":147,"column":0},"end":{"line":151,"column":1}},"60":{"start":{"line":148,"column":4},"end":{"line":148,"column":46}},"61":{"start":{"line":149,"column":7},"end":{"line":151,"column":1}},"62":{"start":{"line":150,"column":4},"end":{"line":150,"column":40}},"63":{"start":{"line":155,"column":0},"end":{"line":165,"column":1}},"64":{"start":{"line":156,"column":4},"end":{"line":156,"column":78}},"65":{"start":{"line":157,"column":4},"end":{"line":157,"column":46}},"66":{"start":{"line":158,"column":7},"end":{"line":165,"column":1}},"67":{"start":{"line":160,"column":4},"end":{"line":160,"column":83}},"68":{"start":{"line":163,"column":4},"end":{"line":163,"column":42}},"69":{"start":{"line":164,"column":4},"end":{"line":164,"column":59}},"70":{"start":{"line":170,"column":0},"end":{"line":170,"column":72}}},"fnMap":{"0":{"name":"loadStationConfig","decl":{"start":{"line":7,"column":9},"end":{"line":7,"column":26}},"loc":{"start":{"line":7,"column":29},"end":{"line":54,"column":1}},"line":7},"1":{"name":"(anonymous_1)","decl":{"start":{"line":65,"column":18},"end":{"line":65,"column":19}},"loc":{"start":{"line":65,"column":26},"end":{"line":65,"column":71}},"line":65},"2":{"name":"(anonymous_2)","decl":{"start":{"line":68,"column":19},"end":{"line":68,"column":20}},"loc":{"start":{"line":68,"column":27},"end":{"line":68,"column":74}},"line":68}},"branchMap":{"0":{"loc":{"start":{"line":9,"column":30},"end":{"line":11,"column":79}},"type":"binary-expr","locations":[{"start":{"line":9,"column":30},"end":{"line":9,"column":61}},{"start":{"line":10,"column":29},"end":{"line":10,"column":69}},{"start":{"line":11,"column":29},"end":{"line":11,"column":79}}],"line":9},"1":{"loc":{"start":{"line":14,"column":4},"end":{"line":53,"column":5}},"type":"if","locations":[{"start":{"line":14,"column":4},"end":{"line":53,"column":5}},{"start":{"line":42,"column":9},"end":{"line":53,"column":5}}],"line":14},"2":{"loc":{"start":{"line":73,"column":0},"end":{"line":80,"column":1}},"type":"if","locations":[{"start":{"line":73,"column":0},"end":{"line":80,"column":1}},{"start":{},"end":{}}],"line":73},"3":{"loc":{"start":{"line":73,"column":4},"end":{"line":73,"column":63}},"type":"binary-expr","locations":[{"start":{"line":73,"column":4},"end":{"line":73,"column":31}},{"start":{"line":73,"column":35},"end":{"line":73,"column":63}}],"line":73},"4":{"loc":{"start":{"line":74,"column":4},"end":{"line":76,"column":5}},"type":"if","locations":[{"start":{"line":74,"column":4},"end":{"line":76,"column":5}},{"start":{},"end":{}}],"line":74},"5":{"loc":{"start":{"line":82,"column":0},"end":{"line":89,"column":1}},"type":"if","locations":[{"start":{"line":82,"column":0},"end":{"line":89,"column":1}},{"start":{},"end":{}}],"line":82},"6":{"loc":{"start":{"line":83,"column":4},"end":{"line":87,"column":5}},"type":"if","locations":[{"start":{"line":83,"column":4},"end":{"line":87,"column":5}},{"start":{},"end":{}}],"line":83},"7":{"loc":{"start":{"line":91,"column":0},"end":{"line":98,"column":1}},"type":"if","locations":[{"start":{"line":91,"column":0},"end":{"line":98,"column":1}},{"start":{},"end":{}}],"line":91},"8":{"loc":{"start":{"line":91,"column":4},"end":{"line":91,"column":106}},"type":"binary-expr","locations":[{"start":{"line":91,"column":4},"end":{"line":91,"column":33}},{"start":{"line":91,"column":37},"end":{"line":91,"column":70}},{"start":{"line":91,"column":74},"end":{"line":91,"column":106}}],"line":91},"9":{"loc":{"start":{"line":92,"column":4},"end":{"line":96,"column":5}},"type":"if","locations":[{"start":{"line":92,"column":4},"end":{"line":96,"column":5}},{"start":{},"end":{}}],"line":92},"10":{"loc":{"start":{"line":109,"column":0},"end":{"line":113,"column":1}},"type":"if","locations":[{"start":{"line":109,"column":0},"end":{"line":113,"column":1}},{"start":{},"end":{}}],"line":109},"11":{"loc":{"start":{"line":109,"column":4},"end":{"line":109,"column":48}},"type":"binary-expr","locations":[{"start":{"line":109,"column":4},"end":{"line":109,"column":19}},{"start":{"line":109,"column":23},"end":{"line":109,"column":48}}],"line":109},"12":{"loc":{"start":{"line":116,"column":4},"end":{"line":118,"column":5}},"type":"if","locations":[{"start":{"line":116,"column":4},"end":{"line":118,"column":5}},{"start":{},"end":{}}],"line":116},"13":{"loc":{"start":{"line":116,"column":8},"end":{"line":116,"column":70}},"type":"binary-expr","locations":[{"start":{"line":116,"column":9},"end":{"line":116,"column":30}},{"start":{"line":116,"column":34},"end":{"line":116,"column":54}},{"start":{"line":116,"column":59},"end":{"line":116,"column":70}}],"line":116},"14":{"loc":{"start":{"line":119,"column":4},"end":{"line":122,"column":5}},"type":"if","locations":[{"start":{"line":119,"column":4},"end":{"line":122,"column":5}},{"start":{},"end":{}}],"line":119},"15":{"loc":{"start":{"line":119,"column":8},"end":{"line":119,"column":59}},"type":"binary-expr","locations":[{"start":{"line":119,"column":8},"end":{"line":119,"column":30}},{"start":{"line":119,"column":34},"end":{"line":119,"column":59}}],"line":119},"16":{"loc":{"start":{"line":121,"column":8},"end":{"line":121,"column":52}},"type":"if","locations":[{"start":{"line":121,"column":8},"end":{"line":121,"column":52}},{"start":{},"end":{}}],"line":121},"17":{"loc":{"start":{"line":121,"column":12},"end":{"line":121,"column":31}},"type":"binary-expr","locations":[{"start":{"line":121,"column":12},"end":{"line":121,"column":21}},{"start":{"line":121,"column":25},"end":{"line":121,"column":31}}],"line":121},"18":{"loc":{"start":{"line":123,"column":4},"end":{"line":126,"column":5}},"type":"if","locations":[{"start":{"line":123,"column":4},"end":{"line":126,"column":5}},{"start":{},"end":{}}],"line":123},"19":{"loc":{"start":{"line":123,"column":8},"end":{"line":123,"column":64}},"type":"binary-expr","locations":[{"start":{"line":123,"column":8},"end":{"line":123,"column":35}},{"start":{"line":123,"column":39},"end":{"line":123,"column":64}}],"line":123},"20":{"loc":{"start":{"line":125,"column":8},"end":{"line":125,"column":62}},"type":"if","locations":[{"start":{"line":125,"column":8},"end":{"line":125,"column":62}},{"start":{},"end":{}}],"line":125},"21":{"loc":{"start":{"line":125,"column":12},"end":{"line":125,"column":42}},"type":"binary-expr","locations":[{"start":{"line":125,"column":12},"end":{"line":125,"column":25}},{"start":{"line":125,"column":29},"end":{"line":125,"column":42}}],"line":125},"22":{"loc":{"start":{"line":127,"column":4},"end":{"line":129,"column":5}},"type":"if","locations":[{"start":{"line":127,"column":4},"end":{"line":129,"column":5}},{"start":{},"end":{}}],"line":127},"23":{"loc":{"start":{"line":135,"column":8},"end":{"line":135,"column":36}},"type":"binary-expr","locations":[{"start":{"line":135,"column":8},"end":{"line":135,"column":30}},{"start":{"line":135,"column":34},"end":{"line":135,"column":36}}],"line":135},"24":{"loc":{"start":{"line":136,"column":13},"end":{"line":136,"column":98}},"type":"binary-expr","locations":[{"start":{"line":136,"column":13},"end":{"line":136,"column":23}},{"start":{"line":136,"column":27},"end":{"line":136,"column":55}},{"start":{"line":136,"column":59},"end":{"line":136,"column":90}},{"start":{"line":136,"column":94},"end":{"line":136,"column":98}}],"line":136},"25":{"loc":{"start":{"line":138,"column":24},"end":{"line":138,"column":104}},"type":"binary-expr","locations":[{"start":{"line":138,"column":24},"end":{"line":138,"column":35}},{"start":{"line":138,"column":39},"end":{"line":138,"column":68}},{"start":{"line":138,"column":72},"end":{"line":138,"column":104}}],"line":138},"26":{"loc":{"start":{"line":141,"column":0},"end":{"line":145,"column":1}},"type":"if","locations":[{"start":{"line":141,"column":0},"end":{"line":145,"column":1}},{"start":{"line":143,"column":7},"end":{"line":145,"column":1}}],"line":141},"27":{"loc":{"start":{"line":143,"column":7},"end":{"line":145,"column":1}},"type":"if","locations":[{"start":{"line":143,"column":7},"end":{"line":145,"column":1}},{"start":{},"end":{}}],"line":143},"28":{"loc":{"start":{"line":147,"column":0},"end":{"line":151,"column":1}},"type":"if","locations":[{"start":{"line":147,"column":0},"end":{"line":151,"column":1}},{"start":{"line":149,"column":7},"end":{"line":151,"column":1}}],"line":147},"29":{"loc":{"start":{"line":149,"column":7},"end":{"line":151,"column":1}},"type":"if","locations":[{"start":{"line":149,"column":7},"end":{"line":151,"column":1}},{"start":{},"end":{}}],"line":149},"30":{"loc":{"start":{"line":155,"column":0},"end":{"line":165,"column":1}},"type":"if","locations":[{"start":{"line":155,"column":0},"end":{"line":165,"column":1}},{"start":{"line":158,"column":7},"end":{"line":165,"column":1}}],"line":155},"31":{"loc":{"start":{"line":158,"column":7},"end":{"line":165,"column":1}},"type":"if","locations":[{"start":{"line":158,"column":7},"end":{"line":165,"column":1}},{"start":{"line":161,"column":7},"end":{"line":165,"column":1}}],"line":158}},"s":{"0":16,"1":16,"2":16,"3":16,"4":16,"5":16,"6":0,"7":0,"8":0,"9":0,"10":0,"11":0,"12":0,"13":16,"14":16,"15":16,"16":4,"17":16,"18":1,"19":16,"20":16,"21":1,"22":0,"23":1,"24":16,"25":2,"26":0,"27":2,"28":16,"29":1,"30":0,"31":1,"32":16,"33":16,"34":16,"35":16,"36":16,"37":16,"38":0,"39":0,"40":16,"41":16,"42":6,"43":1,"44":6,"45":1,"46":1,"47":1,"48":6,"49":1,"50":1,"51":1,"52":6,"53":0,"54":16,"55":16,"56":1,"57":15,"58":15,"59":16,"60":1,"61":15,"62":15,"63":16,"64":0,"65":0,"66":16,"67":0,"68":16,"69":16,"70":16},"f":{"0":16,"1":4,"2":1},"b":{"0":[16,0,0],"1":[16,0],"2":[1,15],"3":[16,2],"4":[0,1],"5":[2,14],"6":[0,2],"7":[1,15],"8":[16,1,1],"9":[0,1],"10":[0,16],"11":[16,1],"12":[1,5],"13":[6,5,1],"14":[1,5],"15":[6,1],"16":[1,0],"17":[1,1],"18":[1,5],"19":[6,1],"20":[1,0],"21":[1,1],"22":[0,6],"23":[16,0],"24":[16,15,14,14],"25":[16,15,14],"26":[1,15],"27":[15,0],"28":[1,15],"29":[15,0],"30":[0,16],"31":[0,16]},"_coverageSchema":"1a1c01bbd47fc00a2c39e90264f33305004495a9","hash":"b396bc14366a911a0c8148de9cfdd624bae325e3"}
,"/home/david/Projects/CitizenRadio/src/core/orchestrator.js": {"path":"/home/david/Projects/CitizenRadio/src/core/orchestrator.js","statementMap":{"0":{"start":{"line":1,"column":11},"end":{"line":1,"column":24}},"1":{"start":{"line":2,"column":13},"end":{"line":2,"column":28}},"2":{"start":{"line":3,"column":26},"end":{"line":3,"column":61}},"3":{"start":{"line":4,"column":40},"end":{"line":4,"column":77}},"4":{"start":{"line":5,"column":21},"end":{"line":5,"column":56}},"5":{"start":{"line":6,"column":54},"end":{"line":6,"column":75}},"6":{"start":{"line":7,"column":38},"end":{"line":7,"column":57}},"7":{"start":{"line":8,"column":14},"end":{"line":8,"column":30}},"8":{"start":{"line":9,"column":22},"end":{"line":9,"column":59}},"9":{"start":{"line":10,"column":26},"end":{"line":10,"column":66}},"10":{"start":{"line":11,"column":23},"end":{"line":11,"column":60}},"11":{"start":{"line":12,"column":77},"end":{"line":12,"column":96}},"12":{"start":{"line":13,"column":28},"end":{"line":13,"column":70}},"13":{"start":{"line":14,"column":24},"end":{"line":14,"column":59}},"14":{"start":{"line":16,"column":17},"end":{"line":16,"column":22}},"15":{"start":{"line":17,"column":25},"end":{"line":17,"column":30}},"16":{"start":{"line":18,"column":24},"end":{"line":18,"column":63}},"17":{"start":{"line":19,"column":19},"end":{"line":19,"column":23}},"18":{"start":{"line":22,"column":24},"end":{"line":27,"column":2}},"19":{"start":{"line":35,"column":4},"end":{"line":35,"column":52}},"20":{"start":{"line":35,"column":27},"end":{"line":35,"column":52}},"21":{"start":{"line":36,"column":4},"end":{"line":46,"column":5}},"22":{"start":{"line":37,"column":8},"end":{"line":37,"column":67}},"23":{"start":{"line":38,"column":26},"end":{"line":38,"column":50}},"24":{"start":{"line":39,"column":8},"end":{"line":43,"column":9}},"25":{"start":{"line":40,"column":12},"end":{"line":40,"column":59}},"26":{"start":{"line":41,"column":12},"end":{"line":41,"column":42}},"27":{"start":{"line":42,"column":12},"end":{"line":42,"column":37}},"28":{"start":{"line":45,"column":8},"end":{"line":45,"column":65}},"29":{"start":{"line":47,"column":4},"end":{"line":47,"column":58}},"30":{"start":{"line":48,"column":4},"end":{"line":48,"column":16}},"31":{"start":{"line":55,"column":20},"end":{"line":55,"column":58}},"32":{"start":{"line":56,"column":47},"end":{"line":56,"column":80}},"33":{"start":{"line":57,"column":28},"end":{"line":57,"column":71}},"34":{"start":{"line":59,"column":21},"end":{"line":61,"column":14}},"35":{"start":{"line":62,"column":22},"end":{"line":62,"column":32}},"36":{"start":{"line":64,"column":16},"end":{"line":64,"column":44}},"37":{"start":{"line":65,"column":4},"end":{"line":65,"column":61}},"38":{"start":{"line":65,"column":13},"end":{"line":65,"column":61}},"39":{"start":{"line":67,"column":4},"end":{"line":67,"column":76}},"40":{"start":{"line":68,"column":4},"end":{"line":68,"column":129}},"41":{"start":{"line":71,"column":4},"end":{"line":73,"column":7}},"42":{"start":{"line":75,"column":4},"end":{"line":75,"column":36}},"43":{"start":{"line":79,"column":34},"end":{"line":79,"column":38}},"44":{"start":{"line":81,"column":4},"end":{"line":289,"column":5}},"45":{"start":{"line":83,"column":8},"end":{"line":93,"column":9}},"46":{"start":{"line":84,"column":28},"end":{"line":84,"column":50}},"47":{"start":{"line":85,"column":12},"end":{"line":88,"column":13}},"48":{"start":{"line":86,"column":16},"end":{"line":86,"column":63}},"49":{"start":{"line":87,"column":16},"end":{"line":87,"column":22}},"50":{"start":{"line":89,"column":12},"end":{"line":92,"column":13}},"51":{"start":{"line":90,"column":16},"end":{"line":90,"column":76}},"52":{"start":{"line":91,"column":16},"end":{"line":91,"column":42}},"53":{"start":{"line":97,"column":8},"end":{"line":103,"column":9}},"54":{"start":{"line":99,"column":12},"end":{"line":99,"column":97}},"55":{"start":{"line":100,"column":15},"end":{"line":103,"column":9}},"56":{"start":{"line":102,"column":12},"end":{"line":102,"column":100}},"57":{"start":{"line":106,"column":26},"end":{"line":106,"column":52}},"58":{"start":{"line":108,"column":8},"end":{"line":128,"column":9}},"59":{"start":{"line":110,"column":12},"end":{"line":114,"column":13}},"60":{"start":{"line":111,"column":38},"end":{"line":111,"column":39}},"61":{"start":{"line":113,"column":16},"end":{"line":113,"column":34}},"62":{"start":{"line":117,"column":33},"end":{"line":117,"column":105}},"63":{"start":{"line":119,"column":12},"end":{"line":119,"column":131}},"64":{"start":{"line":122,"column":12},"end":{"line":124,"column":13}},"65":{"start":{"line":123,"column":16},"end":{"line":123,"column":130}},"66":{"start":{"line":126,"column":12},"end":{"line":126,"column":76}},"67":{"start":{"line":126,"column":41},"end":{"line":126,"column":74}},"68":{"start":{"line":127,"column":12},"end":{"line":127,"column":21}},"69":{"start":{"line":131,"column":8},"end":{"line":131,"column":28}},"70":{"start":{"line":133,"column":8},"end":{"line":281,"column":9}},"71":{"start":{"line":135,"column":12},"end":{"line":154,"column":13}},"72":{"start":{"line":136,"column":16},"end":{"line":153,"column":17}},"73":{"start":{"line":137,"column":38},"end":{"line":137,"column":62}},"74":{"start":{"line":138,"column":20},"end":{"line":138,"column":114}},"75":{"start":{"line":141,"column":20},"end":{"line":145,"column":21}},"76":{"start":{"line":142,"column":24},"end":{"line":142,"column":52}},"77":{"start":{"line":144,"column":24},"end":{"line":144,"column":50}},"78":{"start":{"line":148,"column":20},"end":{"line":148,"column":91}},"79":{"start":{"line":152,"column":20},"end":{"line":152,"column":68}},"80":{"start":{"line":157,"column":12},"end":{"line":278,"column":13}},"81":{"start":{"line":158,"column":33},"end":{"line":158,"column":81}},"82":{"start":{"line":160,"column":16},"end":{"line":208,"column":17}},"83":{"start":{"line":162,"column":20},"end":{"line":165,"column":21}},"84":{"start":{"line":163,"column":24},"end":{"line":163,"column":58}},"85":{"start":{"line":167,"column":20},"end":{"line":172,"column":23}},"86":{"start":{"line":173,"column":40},"end":{"line":173,"column":73}},"87":{"start":{"line":174,"column":20},"end":{"line":174,"column":110}},"88":{"start":{"line":177,"column":20},"end":{"line":180,"column":21}},"89":{"start":{"line":178,"column":24},"end":{"line":178,"column":63}},"90":{"start":{"line":179,"column":24},"end":{"line":179,"column":55}},"91":{"start":{"line":183,"column":20},"end":{"line":207,"column":21}},"92":{"start":{"line":185,"column":42},"end":{"line":185,"column":82}},"93":{"start":{"line":188,"column":24},"end":{"line":188,"column":56}},"94":{"start":{"line":191,"column":24},"end":{"line":206,"column":60}},"95":{"start":{"line":193,"column":42},"end":{"line":193,"column":82}},"96":{"start":{"line":194,"column":28},"end":{"line":202,"column":29}},"97":{"start":{"line":199,"column":32},"end":{"line":201,"column":33}},"98":{"start":{"line":200,"column":36},"end":{"line":200,"column":96}},"99":{"start":{"line":205,"column":28},"end":{"line":205,"column":40}},"100":{"start":{"line":210,"column":16},"end":{"line":226,"column":17}},"101":{"start":{"line":212,"column":42},"end":{"line":212,"column":72}},"102":{"start":{"line":216,"column":20},"end":{"line":216,"column":76}},"103":{"start":{"line":216,"column":49},"end":{"line":216,"column":74}},"104":{"start":{"line":220,"column":20},"end":{"line":220,"column":86}},"105":{"start":{"line":223,"column":20},"end":{"line":223,"column":40}},"106":{"start":{"line":225,"column":20},"end":{"line":225,"column":55}},"107":{"start":{"line":229,"column":16},"end":{"line":229,"column":53}},"108":{"start":{"line":231,"column":16},"end":{"line":239,"column":17}},"109":{"start":{"line":233,"column":20},"end":{"line":236,"column":21}},"110":{"start":{"line":234,"column":24},"end":{"line":234,"column":80}},"111":{"start":{"line":235,"column":24},"end":{"line":235,"column":113}},"112":{"start":{"line":238,"column":20},"end":{"line":238,"column":126}},"113":{"start":{"line":241,"column":16},"end":{"line":260,"column":17}},"114":{"start":{"line":243,"column":38},"end":{"line":243,"column":78}},"115":{"start":{"line":244,"column":20},"end":{"line":244,"column":52}},"116":{"start":{"line":246,"column":38},"end":{"line":246,"column":72}},"117":{"start":{"line":247,"column":34},"end":{"line":247,"column":74}},"118":{"start":{"line":251,"column":20},"end":{"line":253,"column":21}},"119":{"start":{"line":252,"column":24},"end":{"line":252,"column":91}},"120":{"start":{"line":256,"column":20},"end":{"line":259,"column":21}},"121":{"start":{"line":257,"column":24},"end":{"line":257,"column":58}},"122":{"start":{"line":262,"column":16},"end":{"line":262,"column":103}},"123":{"start":{"line":265,"column":16},"end":{"line":277,"column":17}},"124":{"start":{"line":266,"column":20},"end":{"line":276,"column":21}},"125":{"start":{"line":267,"column":24},"end":{"line":267,"column":86}},"126":{"start":{"line":268,"column":61},"end":{"line":268,"column":82}},"127":{"start":{"line":269,"column":24},"end":{"line":269,"column":57}},"128":{"start":{"line":270,"column":24},"end":{"line":270,"column":99}},"129":{"start":{"line":272,"column":24},"end":{"line":272,"column":93}},"130":{"start":{"line":274,"column":24},"end":{"line":274,"column":80}},"131":{"start":{"line":275,"column":24},"end":{"line":275,"column":80}},"132":{"start":{"line":275,"column":53},"end":{"line":275,"column":78}},"133":{"start":{"line":280,"column":12},"end":{"line":280,"column":64}},"134":{"start":{"line":284,"column":8},"end":{"line":288,"column":9}},"135":{"start":{"line":285,"column":12},"end":{"line":285,"column":63}},"136":{"start":{"line":286,"column":12},"end":{"line":286,"column":30}},"137":{"start":{"line":287,"column":12},"end":{"line":287,"column":18}},"138":{"start":{"line":294,"column":18},"end":{"line":294,"column":33}},"139":{"start":{"line":295,"column":19},"end":{"line":295,"column":39}},"140":{"start":{"line":296,"column":20},"end":{"line":296,"column":71}},"141":{"start":{"line":296,"column":51},"end":{"line":296,"column":70}},"142":{"start":{"line":297,"column":21},"end":{"line":297,"column":74}},"143":{"start":{"line":297,"column":53},"end":{"line":297,"column":73}},"144":{"start":{"line":298,"column":16},"end":{"line":298,"column":78}},"145":{"start":{"line":298,"column":54},"end":{"line":298,"column":77}},"146":{"start":{"line":299,"column":4},"end":{"line":299,"column":33}},"147":{"start":{"line":299,"column":21},"end":{"line":299,"column":33}},"148":{"start":{"line":300,"column":19},"end":{"line":300,"column":62}},"149":{"start":{"line":301,"column":17},"end":{"line":301,"column":52}},"150":{"start":{"line":302,"column":4},"end":{"line":302,"column":38}},"151":{"start":{"line":306,"column":4},"end":{"line":306,"column":22}},"152":{"start":{"line":309,"column":4},"end":{"line":311,"column":5}},"153":{"start":{"line":310,"column":8},"end":{"line":310,"column":31}},"154":{"start":{"line":314,"column":4},"end":{"line":314,"column":30}},"155":{"start":{"line":315,"column":4},"end":{"line":315,"column":75}},"156":{"start":{"line":318,"column":4},"end":{"line":323,"column":5}},"157":{"start":{"line":319,"column":30},"end":{"line":319,"column":67}},"158":{"start":{"line":320,"column":8},"end":{"line":320,"column":46}},"159":{"start":{"line":322,"column":8},"end":{"line":322,"column":72}},"160":{"start":{"line":327,"column":4},"end":{"line":327,"column":30}},"161":{"start":{"line":335,"column":4},"end":{"line":335,"column":24}},"162":{"start":{"line":343,"column":4},"end":{"line":346,"column":6}},"163":{"start":{"line":349,"column":0},"end":{"line":356,"column":2}}},"fnMap":{"0":{"name":"getPersistentVideoId","decl":{"start":{"line":34,"column":15},"end":{"line":34,"column":35}},"loc":{"start":{"line":34,"column":38},"end":{"line":49,"column":1}},"line":34},"1":{"name":"playbackLoop","decl":{"start":{"line":54,"column":15},"end":{"line":54,"column":27}},"loc":{"start":{"line":54,"column":30},"end":{"line":290,"column":1}},"line":54},"2":{"name":"(anonymous_2)","decl":{"start":{"line":126,"column":30},"end":{"line":126,"column":31}},"loc":{"start":{"line":126,"column":41},"end":{"line":126,"column":74}},"line":126},"3":{"name":"(anonymous_3)","decl":{"start":{"line":191,"column":57},"end":{"line":191,"column":58}},"loc":{"start":{"line":191,"column":69},"end":{"line":206,"column":25}},"line":191},"4":{"name":"(anonymous_4)","decl":{"start":{"line":216,"column":38},"end":{"line":216,"column":39}},"loc":{"start":{"line":216,"column":49},"end":{"line":216,"column":74}},"line":216},"5":{"name":"(anonymous_5)","decl":{"start":{"line":275,"column":42},"end":{"line":275,"column":43}},"loc":{"start":{"line":275,"column":53},"end":{"line":275,"column":78}},"line":275},"6":{"name":"pickNextTrackWithPodcasts","decl":{"start":{"line":293,"column":15},"end":{"line":293,"column":40}},"loc":{"start":{"line":293,"column":43},"end":{"line":303,"column":1}},"line":293},"7":{"name":"(anonymous_7)","decl":{"start":{"line":296,"column":46},"end":{"line":296,"column":47}},"loc":{"start":{"line":296,"column":51},"end":{"line":296,"column":70}},"line":296},"8":{"name":"(anonymous_8)","decl":{"start":{"line":297,"column":48},"end":{"line":297,"column":49}},"loc":{"start":{"line":297,"column":53},"end":{"line":297,"column":73}},"line":297},"9":{"name":"(anonymous_9)","decl":{"start":{"line":298,"column":49},"end":{"line":298,"column":50}},"loc":{"start":{"line":298,"column":54},"end":{"line":298,"column":77}},"line":298},"10":{"name":"stopPlayback","decl":{"start":{"line":305,"column":15},"end":{"line":305,"column":27}},"loc":{"start":{"line":305,"column":30},"end":{"line":324,"column":1}},"line":305},"11":{"name":"requestStop","decl":{"start":{"line":326,"column":9},"end":{"line":326,"column":20}},"loc":{"start":{"line":326,"column":23},"end":{"line":328,"column":1}},"line":326},"12":{"name":"getContentQueue","decl":{"start":{"line":334,"column":9},"end":{"line":334,"column":24}},"loc":{"start":{"line":334,"column":27},"end":{"line":336,"column":1}},"line":334},"13":{"name":"getPollingInfo","decl":{"start":{"line":342,"column":9},"end":{"line":342,"column":23}},"loc":{"start":{"line":342,"column":26},"end":{"line":347,"column":1}},"line":342}},"branchMap":{"0":{"loc":{"start":{"line":18,"column":24},"end":{"line":18,"column":63}},"type":"binary-expr","locations":[{"start":{"line":18,"column":24},"end":{"line":18,"column":55}},{"start":{"line":18,"column":59},"end":{"line":18,"column":63}}],"line":18},"1":{"loc":{"start":{"line":23,"column":22},"end":{"line":23,"column":76}},"type":"binary-expr","locations":[{"start":{"line":23,"column":22},"end":{"line":23,"column":71}},{"start":{"line":23,"column":75},"end":{"line":23,"column":76}}],"line":23},"2":{"loc":{"start":{"line":35,"column":4},"end":{"line":35,"column":52}},"type":"if","locations":[{"start":{"line":35,"column":4},"end":{"line":35,"column":52}},{"start":{},"end":{}}],"line":35},"3":{"loc":{"start":{"line":39,"column":8},"end":{"line":43,"column":9}},"type":"if","locations":[{"start":{"line":39,"column":8},"end":{"line":43,"column":9}},{"start":{},"end":{}}],"line":39},"4":{"loc":{"start":{"line":56,"column":12},"end":{"line":56,"column":28}},"type":"default-arg","locations":[{"start":{"line":56,"column":26},"end":{"line":56,"column":28}}],"line":56},"5":{"loc":{"start":{"line":56,"column":30},"end":{"line":56,"column":42}},"type":"default-arg","locations":[{"start":{"line":56,"column":40},"end":{"line":56,"column":42}}],"line":56},"6":{"loc":{"start":{"line":56,"column":47},"end":{"line":56,"column":80}},"type":"binary-expr","locations":[{"start":{"line":56,"column":47},"end":{"line":56,"column":74}},{"start":{"line":56,"column":78},"end":{"line":56,"column":80}}],"line":56},"7":{"loc":{"start":{"line":59,"column":21},"end":{"line":61,"column":14}},"type":"cond-expr","locations":[{"start":{"line":60,"column":10},"end":{"line":60,"column":50}},{"start":{"line":61,"column":10},"end":{"line":61,"column":14}}],"line":59},"8":{"loc":{"start":{"line":65,"column":4},"end":{"line":65,"column":61}},"type":"if","locations":[{"start":{"line":65,"column":4},"end":{"line":65,"column":61}},{"start":{},"end":{}}],"line":65},"9":{"loc":{"start":{"line":68,"column":44},"end":{"line":68,"column":77}},"type":"binary-expr","locations":[{"start":{"line":68,"column":44},"end":{"line":68,"column":70}},{"start":{"line":68,"column":74},"end":{"line":68,"column":77}}],"line":68},"10":{"loc":{"start":{"line":68,"column":89},"end":{"line":68,"column":124}},"type":"binary-expr","locations":[{"start":{"line":68,"column":89},"end":{"line":68,"column":114}},{"start":{"line":68,"column":118},"end":{"line":68,"column":124}}],"line":68},"11":{"loc":{"start":{"line":83,"column":8},"end":{"line":93,"column":9}},"type":"if","locations":[{"start":{"line":83,"column":8},"end":{"line":93,"column":9}},{"start":{},"end":{}}],"line":83},"12":{"loc":{"start":{"line":85,"column":12},"end":{"line":88,"column":13}},"type":"if","locations":[{"start":{"line":85,"column":12},"end":{"line":88,"column":13}},{"start":{},"end":{}}],"line":85},"13":{"loc":{"start":{"line":85,"column":16},"end":{"line":85,"column":76}},"type":"binary-expr","locations":[{"start":{"line":85,"column":16},"end":{"line":85,"column":53}},{"start":{"line":85,"column":57},"end":{"line":85,"column":76}}],"line":85},"14":{"loc":{"start":{"line":89,"column":12},"end":{"line":92,"column":13}},"type":"if","locations":[{"start":{"line":89,"column":12},"end":{"line":92,"column":13}},{"start":{},"end":{}}],"line":89},"15":{"loc":{"start":{"line":89,"column":16},"end":{"line":89,"column":76}},"type":"binary-expr","locations":[{"start":{"line":89,"column":16},"end":{"line":89,"column":53}},{"start":{"line":89,"column":57},"end":{"line":89,"column":76}}],"line":89},"16":{"loc":{"start":{"line":97,"column":8},"end":{"line":103,"column":9}},"type":"if","locations":[{"start":{"line":97,"column":8},"end":{"line":103,"column":9}},{"start":{"line":100,"column":15},"end":{"line":103,"column":9}}],"line":97},"17":{"loc":{"start":{"line":100,"column":15},"end":{"line":103,"column":9}},"type":"if","locations":[{"start":{"line":100,"column":15},"end":{"line":103,"column":9}},{"start":{},"end":{}}],"line":100},"18":{"loc":{"start":{"line":108,"column":8},"end":{"line":128,"column":9}},"type":"if","locations":[{"start":{"line":108,"column":8},"end":{"line":128,"column":9}},{"start":{},"end":{}}],"line":108},"19":{"loc":{"start":{"line":110,"column":12},"end":{"line":114,"column":13}},"type":"if","locations":[{"start":{"line":110,"column":12},"end":{"line":114,"column":13}},{"start":{"line":112,"column":19},"end":{"line":114,"column":13}}],"line":110},"20":{"loc":{"start":{"line":122,"column":12},"end":{"line":124,"column":13}},"type":"if","locations":[{"start":{"line":122,"column":12},"end":{"line":124,"column":13}},{"start":{},"end":{}}],"line":122},"21":{"loc":{"start":{"line":135,"column":12},"end":{"line":154,"column":13}},"type":"if","locations":[{"start":{"line":135,"column":12},"end":{"line":154,"column":13}},{"start":{},"end":{}}],"line":135},"22":{"loc":{"start":{"line":135,"column":16},"end":{"line":135,"column":59}},"type":"binary-expr","locations":[{"start":{"line":135,"column":16},"end":{"line":135,"column":31}},{"start":{"line":135,"column":35},"end":{"line":135,"column":59}}],"line":135},"23":{"loc":{"start":{"line":141,"column":20},"end":{"line":145,"column":21}},"type":"if","locations":[{"start":{"line":141,"column":20},"end":{"line":145,"column":21}},{"start":{"line":143,"column":27},"end":{"line":145,"column":21}}],"line":141},"24":{"loc":{"start":{"line":160,"column":16},"end":{"line":208,"column":17}},"type":"if","locations":[{"start":{"line":160,"column":16},"end":{"line":208,"column":17}},{"start":{},"end":{}}],"line":160},"25":{"loc":{"start":{"line":160,"column":20},"end":{"line":160,"column":86}},"type":"binary-expr","locations":[{"start":{"line":160,"column":20},"end":{"line":160,"column":46}},{"start":{"line":160,"column":50},"end":{"line":160,"column":86}}],"line":160},"26":{"loc":{"start":{"line":162,"column":20},"end":{"line":165,"column":21}},"type":"if","locations":[{"start":{"line":162,"column":20},"end":{"line":165,"column":21}},{"start":{},"end":{}}],"line":162},"27":{"loc":{"start":{"line":162,"column":24},"end":{"line":162,"column":87}},"type":"binary-expr","locations":[{"start":{"line":162,"column":24},"end":{"line":162,"column":66}},{"start":{"line":162,"column":70},"end":{"line":162,"column":87}}],"line":162},"28":{"loc":{"start":{"line":177,"column":20},"end":{"line":180,"column":21}},"type":"if","locations":[{"start":{"line":177,"column":20},"end":{"line":180,"column":21}},{"start":{},"end":{}}],"line":177},"29":{"loc":{"start":{"line":183,"column":20},"end":{"line":207,"column":21}},"type":"if","locations":[{"start":{"line":183,"column":20},"end":{"line":207,"column":21}},{"start":{},"end":{}}],"line":183},"30":{"loc":{"start":{"line":183,"column":24},"end":{"line":183,"column":73}},"type":"binary-expr","locations":[{"start":{"line":183,"column":24},"end":{"line":183,"column":66}},{"start":{"line":183,"column":70},"end":{"line":183,"column":73}}],"line":183},"31":{"loc":{"start":{"line":194,"column":28},"end":{"line":202,"column":29}},"type":"if","locations":[{"start":{"line":194,"column":28},"end":{"line":202,"column":29}},{"start":{},"end":{}}],"line":194},"32":{"loc":{"start":{"line":199,"column":32},"end":{"line":201,"column":33}},"type":"if","locations":[{"start":{"line":199,"column":32},"end":{"line":201,"column":33}},{"start":{},"end":{}}],"line":199},"33":{"loc":{"start":{"line":199,"column":36},"end":{"line":199,"column":88}},"type":"binary-expr","locations":[{"start":{"line":199,"column":36},"end":{"line":199,"column":75}},{"start":{"line":199,"column":79},"end":{"line":199,"column":88}}],"line":199},"34":{"loc":{"start":{"line":210,"column":16},"end":{"line":226,"column":17}},"type":"if","locations":[{"start":{"line":210,"column":16},"end":{"line":226,"column":17}},{"start":{"line":224,"column":23},"end":{"line":226,"column":17}}],"line":210},"35":{"loc":{"start":{"line":233,"column":20},"end":{"line":236,"column":21}},"type":"if","locations":[{"start":{"line":233,"column":20},"end":{"line":236,"column":21}},{"start":{},"end":{}}],"line":233},"36":{"loc":{"start":{"line":241,"column":16},"end":{"line":260,"column":17}},"type":"if","locations":[{"start":{"line":241,"column":16},"end":{"line":260,"column":17}},{"start":{},"end":{}}],"line":241},"37":{"loc":{"start":{"line":241,"column":20},"end":{"line":241,"column":86}},"type":"binary-expr","locations":[{"start":{"line":241,"column":20},"end":{"line":241,"column":46}},{"start":{"line":241,"column":50},"end":{"line":241,"column":86}}],"line":241},"38":{"loc":{"start":{"line":251,"column":20},"end":{"line":253,"column":21}},"type":"if","locations":[{"start":{"line":251,"column":20},"end":{"line":253,"column":21}},{"start":{},"end":{}}],"line":251},"39":{"loc":{"start":{"line":256,"column":20},"end":{"line":259,"column":21}},"type":"if","locations":[{"start":{"line":256,"column":20},"end":{"line":259,"column":21}},{"start":{},"end":{}}],"line":256},"40":{"loc":{"start":{"line":256,"column":24},"end":{"line":256,"column":87}},"type":"binary-expr","locations":[{"start":{"line":256,"column":24},"end":{"line":256,"column":66}},{"start":{"line":256,"column":70},"end":{"line":256,"column":87}}],"line":256},"41":{"loc":{"start":{"line":265,"column":16},"end":{"line":277,"column":17}},"type":"if","locations":[{"start":{"line":265,"column":16},"end":{"line":277,"column":17}},{"start":{},"end":{}}],"line":265},"42":{"loc":{"start":{"line":284,"column":8},"end":{"line":288,"column":9}},"type":"if","locations":[{"start":{"line":284,"column":8},"end":{"line":288,"column":9}},{"start":{},"end":{}}],"line":284},"43":{"loc":{"start":{"line":284,"column":12},"end":{"line":284,"column":60}},"type":"binary-expr","locations":[{"start":{"line":284,"column":12},"end":{"line":284,"column":30}},{"start":{"line":284,"column":34},"end":{"line":284,"column":60}}],"line":284},"44":{"loc":{"start":{"line":299,"column":4},"end":{"line":299,"column":33}},"type":"if","locations":[{"start":{"line":299,"column":4},"end":{"line":299,"column":33}},{"start":{},"end":{}}],"line":299},"45":{"loc":{"start":{"line":301,"column":17},"end":{"line":301,"column":52}},"type":"binary-expr","locations":[{"start":{"line":301,"column":17},"end":{"line":301,"column":46}},{"start":{"line":301,"column":50},"end":{"line":301,"column":52}}],"line":301},"46":{"loc":{"start":{"line":309,"column":4},"end":{"line":311,"column":5}},"type":"if","locations":[{"start":{"line":309,"column":4},"end":{"line":311,"column":5}},{"start":{},"end":{}}],"line":309}},"s":{"0":9,"1":9,"2":9,"3":9,"4":9,"5":9,"6":9,"7":9,"8":9,"9":9,"10":9,"11":0,"12":0,"13":0,"14":0,"15":0,"16":0,"17":0,"18":0,"19":0,"20":0,"21":0,"22":0,"23":0,"24":0,"25":0,"26":0,"27":0,"28":0,"29":0,"30":0,"31":0,"32":0,"33":0,"34":0,"35":0,"36":0,"37":0,"38":0,"39":0,"40":0,"41":0,"42":0,"43":0,"44":0,"45":0,"46":0,"47":0,"48":0,"49":0,"50":0,"51":0,"52":0,"53":0,"54":0,"55":0,"56":0,"57":0,"58":0,"59":0,"60":0,"61":0,"62":0,"63":0,"64":0,"65":0,"66":0,"67":0,"68":0,"69":0,"70":0,"71":0,"72":0,"73":0,"74":0,"75":0,"76":0,"77":0,"78":0,"79":0,"80":0,"81":0,"82":0,"83":0,"84":0,"85":0,"86":0,"87":0,"88":0,"89":0,"90":0,"91":0,"92":0,"93":0,"94":0,"95":0,"96":0,"97":0,"98":0,"99":0,"100":0,"101":0,"102":0,"103":0,"104":0,"105":0,"106":0,"107":0,"108":0,"109":0,"110":0,"111":0,"112":0,"113":0,"114":0,"115":0,"116":0,"117":0,"118":0,"119":0,"120":0,"121":0,"122":0,"123":0,"124":0,"125":0,"126":0,"127":0,"128":0,"129":0,"130":0,"131":0,"132":0,"133":0,"134":0,"135":0,"136":0,"137":0,"138":0,"139":0,"140":0,"141":0,"142":0,"143":0,"144":0,"145":0,"146":0,"147":0,"148":0,"149":0,"150":0,"151":0,"152":0,"153":0,"154":0,"155":0,"156":0,"157":0,"158":0,"159":0,"160":0,"161":0,"162":0,"163":0},"f":{"0":0,"1":0,"2":0,"3":0,"4":0,"5":0,"6":0,"7":0,"8":0,"9":0,"10":0,"11":0,"12":0,"13":0},"b":{"0":[0,0],"1":[0,0],"2":[0,0],"3":[0,0],"4":[0],"5":[0],"6":[0,0],"7":[0,0],"8":[0,0],"9":[0,0],"10":[0,0],"11":[0,0],"12":[0,0],"13":[0,0],"14":[0,0],"15":[0,0],"16":[0,0],"17":[0,0],"18":[0,0],"19":[0,0],"20":[0,0],"21":[0,0],"22":[0,0],"23":[0,0],"24":[0,0],"25":[0,0],"26":[0,0],"27":[0,0],"28":[0,0],"29":[0,0],"30":[0,0],"31":[0,0],"32":[0,0],"33":[0,0],"34":[0,0],"35":[0,0],"36":[0,0],"37":[0,0],"38":[0,0],"39":[0,0],"40":[0,0],"41":[0,0],"42":[0,0],"43":[0,0],"44":[0,0],"45":[0,0],"46":[0,0]},"_coverageSchema":"1a1c01bbd47fc00a2c39e90264f33305004495a9","hash":"831bf10a887cf4465003d100ccc4b8307ab0a7a0"}
,"/home/david/Projects/CitizenRadio/src/core/streamer.js": {"path":"/home/david/Projects/CitizenRadio/src/core/streamer.js","statementMap":{"0":{"start":{"line":4,"column":11},"end":{"line":4,"column":24}},"1":{"start":{"line":5,"column":13},"end":{"line":5,"column":28}},"2":{"start":{"line":6,"column":21},"end":{"line":6,"column":45}},"3":{"start":{"line":7,"column":32},"end":{"line":7,"column":51}},"4":{"start":{"line":8,"column":38},"end":{"line":8,"column":57}},"5":{"start":{"line":16,"column":22},"end":{"line":16,"column":48}},"6":{"start":{"line":17,"column":16},"end":{"line":17,"column":53}},"7":{"start":{"line":18,"column":17},"end":{"line":18,"column":54}},"8":{"start":{"line":19,"column":21},"end":{"line":19,"column":55}},"9":{"start":{"line":20,"column":24},"end":{"line":20,"column":59}},"10":{"start":{"line":22,"column":21},"end":{"line":22,"column":23}},"11":{"start":{"line":25,"column":2},"end":{"line":34,"column":3}},"12":{"start":{"line":27,"column":4},"end":{"line":27,"column":40}},"13":{"start":{"line":28,"column":9},"end":{"line":34,"column":3}},"14":{"start":{"line":30,"column":4},"end":{"line":30,"column":39}},"15":{"start":{"line":33,"column":4},"end":{"line":33,"column":46}},"16":{"start":{"line":37,"column":2},"end":{"line":41,"column":3}},"17":{"start":{"line":40,"column":4},"end":{"line":40,"column":66}},"18":{"start":{"line":44,"column":2},"end":{"line":44,"column":36}},"19":{"start":{"line":46,"column":2},"end":{"line":46,"column":22}},"20":{"start":{"line":52,"column":19},"end":{"line":52,"column":24}},"21":{"start":{"line":58,"column":2},"end":{"line":58,"column":21}},"22":{"start":{"line":65,"column":17},"end":{"line":65,"column":35}},"23":{"start":{"line":66,"column":16},"end":{"line":69,"column":37}},"24":{"start":{"line":68,"column":19},"end":{"line":68,"column":44}},"25":{"start":{"line":69,"column":16},"end":{"line":69,"column":36}},"26":{"start":{"line":71,"column":2},"end":{"line":73,"column":3}},"27":{"start":{"line":72,"column":4},"end":{"line":72,"column":52}},"28":{"start":{"line":75,"column":2},"end":{"line":75,"column":57}},"29":{"start":{"line":83,"column":2},"end":{"line":353,"column":5}},"30":{"start":{"line":84,"column":4},"end":{"line":352,"column":5}},"31":{"start":{"line":85,"column":6},"end":{"line":87,"column":8}},"32":{"start":{"line":88,"column":20},"end":{"line":88,"column":41}},"33":{"start":{"line":89,"column":6},"end":{"line":89,"column":51}},"34":{"start":{"line":92,"column":6},"end":{"line":97,"column":7}},"35":{"start":{"line":93,"column":10},"end":{"line":93,"column":53}},"36":{"start":{"line":94,"column":10},"end":{"line":94,"column":71}},"37":{"start":{"line":96,"column":10},"end":{"line":96,"column":66}},"38":{"start":{"line":100,"column":6},"end":{"line":111,"column":7}},"39":{"start":{"line":102,"column":10},"end":{"line":104,"column":11}},"40":{"start":{"line":103,"column":14},"end":{"line":103,"column":56}},"41":{"start":{"line":107,"column":10},"end":{"line":107,"column":73}},"42":{"start":{"line":108,"column":10},"end":{"line":108,"column":83}},"43":{"start":{"line":110,"column":10},"end":{"line":110,"column":83}},"44":{"start":{"line":113,"column":37},"end":{"line":113,"column":59}},"45":{"start":{"line":115,"column":6},"end":{"line":119,"column":7}},"46":{"start":{"line":116,"column":8},"end":{"line":118,"column":10}},"47":{"start":{"line":121,"column":23},"end":{"line":121,"column":47}},"48":{"start":{"line":124,"column":6},"end":{"line":135,"column":7}},"49":{"start":{"line":125,"column":8},"end":{"line":125,"column":57}},"50":{"start":{"line":126,"column":8},"end":{"line":132,"column":9}},"51":{"start":{"line":127,"column":10},"end":{"line":127,"column":41}},"52":{"start":{"line":128,"column":10},"end":{"line":128,"column":64}},"53":{"start":{"line":130,"column":10},"end":{"line":130,"column":60}},"54":{"start":{"line":131,"column":10},"end":{"line":131,"column":52}},"55":{"start":{"line":134,"column":8},"end":{"line":134,"column":57}},"56":{"start":{"line":139,"column":6},"end":{"line":164,"column":8}},"57":{"start":{"line":167,"column":6},"end":{"line":167,"column":42}},"58":{"start":{"line":169,"column":6},"end":{"line":188,"column":9}},"59":{"start":{"line":170,"column":8},"end":{"line":170,"column":84}},"60":{"start":{"line":174,"column":8},"end":{"line":187,"column":9}},"61":{"start":{"line":175,"column":10},"end":{"line":175,"column":74}},"62":{"start":{"line":178,"column":10},"end":{"line":186,"column":19}},"63":{"start":{"line":179,"column":12},"end":{"line":185,"column":17}},"64":{"start":{"line":181,"column":16},"end":{"line":181,"column":74}},"65":{"start":{"line":184,"column":16},"end":{"line":184,"column":86}},"66":{"start":{"line":190,"column":6},"end":{"line":209,"column":9}},"67":{"start":{"line":191,"column":8},"end":{"line":191,"column":64}},"68":{"start":{"line":195,"column":8},"end":{"line":208,"column":9}},"69":{"start":{"line":196,"column":10},"end":{"line":196,"column":77}},"70":{"start":{"line":199,"column":10},"end":{"line":207,"column":19}},"71":{"start":{"line":200,"column":12},"end":{"line":206,"column":17}},"72":{"start":{"line":202,"column":16},"end":{"line":202,"column":72}},"73":{"start":{"line":205,"column":16},"end":{"line":205,"column":84}},"74":{"start":{"line":211,"column":6},"end":{"line":211,"column":61}},"75":{"start":{"line":214,"column":32},"end":{"line":281,"column":9}},"76":{"start":{"line":284,"column":8},"end":{"line":284,"column":44}},"77":{"start":{"line":287,"column":8},"end":{"line":306,"column":9}},"78":{"start":{"line":288,"column":8},"end":{"line":288,"column":67}},"79":{"start":{"line":292,"column":8},"end":{"line":305,"column":9}},"80":{"start":{"line":293,"column":10},"end":{"line":293,"column":80}},"81":{"start":{"line":296,"column":10},"end":{"line":304,"column":19}},"82":{"start":{"line":297,"column":12},"end":{"line":303,"column":17}},"83":{"start":{"line":299,"column":16},"end":{"line":299,"column":70}},"84":{"start":{"line":302,"column":16},"end":{"line":302,"column":82}},"85":{"start":{"line":308,"column":6},"end":{"line":327,"column":9}},"86":{"start":{"line":309,"column":8},"end":{"line":309,"column":68}},"87":{"start":{"line":313,"column":8},"end":{"line":326,"column":9}},"88":{"start":{"line":314,"column":10},"end":{"line":314,"column":81}},"89":{"start":{"line":317,"column":10},"end":{"line":325,"column":19}},"90":{"start":{"line":318,"column":12},"end":{"line":324,"column":17}},"91":{"start":{"line":320,"column":16},"end":{"line":320,"column":76}},"92":{"start":{"line":323,"column":16},"end":{"line":323,"column":88}},"93":{"start":{"line":330,"column":6},"end":{"line":330,"column":42}},"94":{"start":{"line":331,"column":6},"end":{"line":331,"column":36}},"95":{"start":{"line":333,"column":6},"end":{"line":337,"column":7}},"96":{"start":{"line":334,"column":8},"end":{"line":336,"column":10}},"97":{"start":{"line":339,"column":6},"end":{"line":339,"column":73}},"98":{"start":{"line":342,"column":6},"end":{"line":348,"column":15}},"99":{"start":{"line":343,"column":8},"end":{"line":347,"column":9}},"100":{"start":{"line":344,"column":10},"end":{"line":344,"column":20}},"101":{"start":{"line":346,"column":10},"end":{"line":346,"column":97}},"102":{"start":{"line":350,"column":6},"end":{"line":350,"column":70}},"103":{"start":{"line":351,"column":6},"end":{"line":351,"column":20}},"104":{"start":{"line":361,"column":2},"end":{"line":361,"column":48}},"105":{"start":{"line":362,"column":15},"end":{"line":378,"column":3}},"106":{"start":{"line":380,"column":2},"end":{"line":398,"column":5}},"107":{"start":{"line":381,"column":15},"end":{"line":383,"column":6}},"108":{"start":{"line":385,"column":4},"end":{"line":396,"column":7}},"109":{"start":{"line":386,"column":6},"end":{"line":395,"column":7}},"110":{"start":{"line":389,"column":8},"end":{"line":389,"column":85}},"111":{"start":{"line":390,"column":8},"end":{"line":392,"column":17}},"112":{"start":{"line":391,"column":10},"end":{"line":391,"column":20}},"113":{"start":{"line":394,"column":8},"end":{"line":394,"column":70}},"114":{"start":{"line":397,"column":4},"end":{"line":397,"column":29}},"115":{"start":{"line":406,"column":2},"end":{"line":423,"column":3}},"116":{"start":{"line":407,"column":4},"end":{"line":407,"column":94}},"117":{"start":{"line":408,"column":4},"end":{"line":422,"column":5}},"118":{"start":{"line":409,"column":6},"end":{"line":409,"column":39}},"119":{"start":{"line":412,"column":6},"end":{"line":415,"column":7}},"120":{"start":{"line":413,"column":8},"end":{"line":413,"column":104}},"121":{"start":{"line":414,"column":8},"end":{"line":414,"column":64}},"122":{"start":{"line":418,"column":6},"end":{"line":418,"column":30}},"123":{"start":{"line":420,"column":6},"end":{"line":420,"column":57}},"124":{"start":{"line":421,"column":6},"end":{"line":421,"column":84}},"125":{"start":{"line":426,"column":2},"end":{"line":443,"column":3}},"126":{"start":{"line":427,"column":4},"end":{"line":427,"column":96}},"127":{"start":{"line":428,"column":4},"end":{"line":442,"column":5}},"128":{"start":{"line":429,"column":6},"end":{"line":429,"column":39}},"129":{"start":{"line":432,"column":6},"end":{"line":435,"column":7}},"130":{"start":{"line":433,"column":8},"end":{"line":433,"column":105}},"131":{"start":{"line":434,"column":8},"end":{"line":434,"column":58}},"132":{"start":{"line":438,"column":6},"end":{"line":438,"column":30}},"133":{"start":{"line":440,"column":6},"end":{"line":440,"column":57}},"134":{"start":{"line":441,"column":6},"end":{"line":441,"column":84}},"135":{"start":{"line":446,"column":19},"end":{"line":446,"column":43}},"136":{"start":{"line":447,"column":2},"end":{"line":464,"column":3}},"137":{"start":{"line":448,"column":4},"end":{"line":448,"column":90}},"138":{"start":{"line":449,"column":4},"end":{"line":463,"column":5}},"139":{"start":{"line":450,"column":6},"end":{"line":450,"column":39}},"140":{"start":{"line":453,"column":6},"end":{"line":456,"column":7}},"141":{"start":{"line":454,"column":8},"end":{"line":454,"column":99}},"142":{"start":{"line":455,"column":8},"end":{"line":455,"column":56}},"143":{"start":{"line":459,"column":6},"end":{"line":459,"column":30}},"144":{"start":{"line":461,"column":6},"end":{"line":461,"column":57}},"145":{"start":{"line":462,"column":6},"end":{"line":462,"column":84}},"146":{"start":{"line":466,"column":2},"end":{"line":466,"column":44}},"147":{"start":{"line":469,"column":2},"end":{"line":689,"column":5}},"148":{"start":{"line":470,"column":22},"end":{"line":470,"column":27}},"149":{"start":{"line":472,"column":15},"end":{"line":493,"column":5}},"150":{"start":{"line":496,"column":4},"end":{"line":496,"column":34}},"151":{"start":{"line":499,"column":21},"end":{"line":499,"column":25}},"152":{"start":{"line":501,"column":23},"end":{"line":501,"column":33}},"153":{"start":{"line":505,"column":29},"end":{"line":535,"column":5}},"154":{"start":{"line":507,"column":6},"end":{"line":510,"column":7}},"155":{"start":{"line":508,"column":8},"end":{"line":508,"column":34}},"156":{"start":{"line":509,"column":8},"end":{"line":509,"column":27}},"157":{"start":{"line":513,"column":6},"end":{"line":515,"column":7}},"158":{"start":{"line":514,"column":8},"end":{"line":514,"column":55}},"159":{"start":{"line":518,"column":6},"end":{"line":534,"column":7}},"160":{"start":{"line":519,"column":8},"end":{"line":533,"column":9}},"161":{"start":{"line":521,"column":10},"end":{"line":523,"column":11}},"162":{"start":{"line":522,"column":12},"end":{"line":522,"column":44}},"163":{"start":{"line":526,"column":10},"end":{"line":528,"column":11}},"164":{"start":{"line":527,"column":12},"end":{"line":527,"column":42}},"165":{"start":{"line":530,"column":10},"end":{"line":530,"column":28}},"166":{"start":{"line":532,"column":10},"end":{"line":532,"column":71}},"167":{"start":{"line":538,"column":29},"end":{"line":584,"column":5}},"168":{"start":{"line":539,"column":6},"end":{"line":539,"column":30}},"169":{"start":{"line":539,"column":23},"end":{"line":539,"column":30}},"170":{"start":{"line":540,"column":6},"end":{"line":540,"column":25}},"171":{"start":{"line":542,"column":6},"end":{"line":542,"column":57}},"172":{"start":{"line":545,"column":6},"end":{"line":545,"column":25}},"173":{"start":{"line":548,"column":6},"end":{"line":554,"column":7}},"174":{"start":{"line":549,"column":8},"end":{"line":553,"column":9}},"175":{"start":{"line":550,"column":10},"end":{"line":550,"column":29}},"176":{"start":{"line":552,"column":10},"end":{"line":552,"column":67}},"177":{"start":{"line":557,"column":6},"end":{"line":583,"column":14}},"178":{"start":{"line":559,"column":8},"end":{"line":582,"column":9}},"179":{"start":{"line":565,"column":10},"end":{"line":565,"column":93}},"180":{"start":{"line":568,"column":10},"end":{"line":568,"column":29}},"181":{"start":{"line":570,"column":10},"end":{"line":579,"column":15}},"182":{"start":{"line":572,"column":14},"end":{"line":572,"column":67}},"183":{"start":{"line":574,"column":14},"end":{"line":574,"column":101}},"184":{"start":{"line":577,"column":14},"end":{"line":577,"column":62}},"185":{"start":{"line":578,"column":14},"end":{"line":578,"column":28}},"186":{"start":{"line":581,"column":10},"end":{"line":581,"column":24}},"187":{"start":{"line":587,"column":4},"end":{"line":589,"column":7}},"188":{"start":{"line":588,"column":6},"end":{"line":588,"column":74}},"189":{"start":{"line":591,"column":4},"end":{"line":600,"column":7}},"190":{"start":{"line":592,"column":6},"end":{"line":599,"column":7}},"191":{"start":{"line":593,"column":8},"end":{"line":598,"column":9}},"192":{"start":{"line":594,"column":10},"end":{"line":594,"column":29}},"193":{"start":{"line":595,"column":10},"end":{"line":595,"column":20}},"194":{"start":{"line":597,"column":10},"end":{"line":597,"column":83}},"195":{"start":{"line":603,"column":4},"end":{"line":688,"column":5}},"196":{"start":{"line":605,"column":6},"end":{"line":607,"column":7}},"197":{"start":{"line":606,"column":8},"end":{"line":606,"column":63}},"198":{"start":{"line":610,"column":6},"end":{"line":610,"column":63}},"199":{"start":{"line":613,"column":6},"end":{"line":615,"column":7}},"200":{"start":{"line":614,"column":8},"end":{"line":614,"column":39}},"201":{"start":{"line":618,"column":6},"end":{"line":620,"column":7}},"202":{"start":{"line":619,"column":8},"end":{"line":619,"column":40}},"203":{"start":{"line":623,"column":6},"end":{"line":625,"column":9}},"204":{"start":{"line":624,"column":8},"end":{"line":624,"column":73}},"205":{"start":{"line":629,"column":31},"end":{"line":640,"column":7}},"206":{"start":{"line":630,"column":8},"end":{"line":630,"column":51}},"207":{"start":{"line":630,"column":25},"end":{"line":630,"column":51}},"208":{"start":{"line":631,"column":8},"end":{"line":639,"column":18}},"209":{"start":{"line":632,"column":36},"end":{"line":632,"column":61}},"210":{"start":{"line":633,"column":10},"end":{"line":638,"column":11}},"211":{"start":{"line":634,"column":12},"end":{"line":634,"column":80}},"212":{"start":{"line":635,"column":17},"end":{"line":638,"column":11}},"213":{"start":{"line":637,"column":12},"end":{"line":637,"column":31}},"214":{"start":{"line":643,"column":6},"end":{"line":643,"column":25}},"215":{"start":{"line":646,"column":6},"end":{"line":648,"column":8}},"216":{"start":{"line":647,"column":8},"end":{"line":647,"column":34}},"217":{"start":{"line":649,"column":6},"end":{"line":649,"column":41}},"218":{"start":{"line":654,"column":6},"end":{"line":654,"column":41}},"219":{"start":{"line":657,"column":6},"end":{"line":659,"column":9}},"220":{"start":{"line":658,"column":8},"end":{"line":658,"column":27}},"221":{"start":{"line":663,"column":6},"end":{"line":663,"column":61}},"222":{"start":{"line":666,"column":6},"end":{"line":672,"column":7}},"223":{"start":{"line":667,"column":8},"end":{"line":671,"column":9}},"224":{"start":{"line":668,"column":10},"end":{"line":668,"column":29}},"225":{"start":{"line":670,"column":10},"end":{"line":670,"column":67}},"226":{"start":{"line":675,"column":6},"end":{"line":675,"column":90}},"227":{"start":{"line":678,"column":6},"end":{"line":678,"column":25}},"228":{"start":{"line":680,"column":6},"end":{"line":687,"column":11}},"229":{"start":{"line":682,"column":10},"end":{"line":682,"column":99}},"230":{"start":{"line":685,"column":10},"end":{"line":685,"column":58}},"231":{"start":{"line":686,"column":10},"end":{"line":686,"column":99}},"232":{"start":{"line":697,"column":2},"end":{"line":697,"column":49}},"233":{"start":{"line":700,"column":2},"end":{"line":754,"column":5}},"234":{"start":{"line":701,"column":4},"end":{"line":753,"column":5}},"235":{"start":{"line":703,"column":6},"end":{"line":711,"column":7}},"236":{"start":{"line":704,"column":8},"end":{"line":704,"column":50}},"237":{"start":{"line":705,"column":8},"end":{"line":709,"column":9}},"238":{"start":{"line":706,"column":10},"end":{"line":706,"column":28}},"239":{"start":{"line":708,"column":10},"end":{"line":708,"column":70}},"240":{"start":{"line":710,"column":8},"end":{"line":710,"column":27}},"241":{"start":{"line":713,"column":6},"end":{"line":721,"column":7}},"242":{"start":{"line":714,"column":8},"end":{"line":714,"column":83}},"243":{"start":{"line":715,"column":8},"end":{"line":719,"column":9}},"244":{"start":{"line":716,"column":10},"end":{"line":716,"column":37}},"245":{"start":{"line":718,"column":10},"end":{"line":718,"column":81}},"246":{"start":{"line":720,"column":8},"end":{"line":720,"column":27}},"247":{"start":{"line":723,"column":6},"end":{"line":731,"column":7}},"248":{"start":{"line":724,"column":8},"end":{"line":724,"column":83}},"249":{"start":{"line":725,"column":8},"end":{"line":729,"column":9}},"250":{"start":{"line":726,"column":10},"end":{"line":726,"column":41}},"251":{"start":{"line":728,"column":10},"end":{"line":728,"column":77}},"252":{"start":{"line":730,"column":8},"end":{"line":730,"column":31}},"253":{"start":{"line":734,"column":6},"end":{"line":734,"column":76}},"254":{"start":{"line":734,"column":42},"end":{"line":734,"column":74}},"255":{"start":{"line":737,"column":6},"end":{"line":746,"column":7}},"256":{"start":{"line":739,"column":8},"end":{"line":739,"column":69}},"257":{"start":{"line":740,"column":29},"end":{"line":740,"column":53}},"258":{"start":{"line":741,"column":8},"end":{"line":741,"column":65}},"259":{"start":{"line":742,"column":8},"end":{"line":742,"column":59}},"260":{"start":{"line":745,"column":8},"end":{"line":745,"column":118}},"261":{"start":{"line":748,"column":6},"end":{"line":748,"column":58}},"262":{"start":{"line":749,"column":6},"end":{"line":749,"column":16}},"263":{"start":{"line":751,"column":6},"end":{"line":751,"column":79}},"264":{"start":{"line":752,"column":6},"end":{"line":752,"column":16}},"265":{"start":{"line":761,"column":2},"end":{"line":761,"column":45}},"266":{"start":{"line":761,"column":20},"end":{"line":761,"column":45}},"267":{"start":{"line":763,"column":2},"end":{"line":763,"column":22}},"268":{"start":{"line":764,"column":2},"end":{"line":764,"column":60}},"269":{"start":{"line":767,"column":2},"end":{"line":767,"column":22}},"270":{"start":{"line":769,"column":2},"end":{"line":890,"column":3}},"271":{"start":{"line":771,"column":4},"end":{"line":778,"column":5}},"272":{"start":{"line":772,"column":6},"end":{"line":777,"column":7}},"273":{"start":{"line":773,"column":8},"end":{"line":773,"column":26}},"274":{"start":{"line":774,"column":8},"end":{"line":774,"column":27}},"275":{"start":{"line":776,"column":8},"end":{"line":776,"column":69}},"276":{"start":{"line":780,"column":4},"end":{"line":787,"column":5}},"277":{"start":{"line":781,"column":6},"end":{"line":786,"column":7}},"278":{"start":{"line":782,"column":8},"end":{"line":782,"column":35}},"279":{"start":{"line":783,"column":8},"end":{"line":783,"column":27}},"280":{"start":{"line":785,"column":8},"end":{"line":785,"column":73}},"281":{"start":{"line":789,"column":4},"end":{"line":796,"column":5}},"282":{"start":{"line":790,"column":6},"end":{"line":795,"column":7}},"283":{"start":{"line":791,"column":8},"end":{"line":791,"column":39}},"284":{"start":{"line":792,"column":8},"end":{"line":792,"column":31}},"285":{"start":{"line":794,"column":8},"end":{"line":794,"column":77}},"286":{"start":{"line":799,"column":4},"end":{"line":799,"column":60}},"287":{"start":{"line":799,"column":33},"end":{"line":799,"column":58}},"288":{"start":{"line":802,"column":21},"end":{"line":802,"column":45}},"289":{"start":{"line":803,"column":4},"end":{"line":816,"column":5}},"290":{"start":{"line":805,"column":6},"end":{"line":808,"column":7}},"291":{"start":{"line":806,"column":8},"end":{"line":806,"column":32}},"292":{"start":{"line":807,"column":8},"end":{"line":807,"column":59}},"293":{"start":{"line":811,"column":6},"end":{"line":811,"column":37}},"294":{"start":{"line":812,"column":6},"end":{"line":812,"column":62}},"295":{"start":{"line":814,"column":6},"end":{"line":814,"column":58}},"296":{"start":{"line":819,"column":4},"end":{"line":826,"column":5}},"297":{"start":{"line":821,"column":6},"end":{"line":821,"column":63}},"298":{"start":{"line":822,"column":6},"end":{"line":822,"column":57}},"299":{"start":{"line":825,"column":6},"end":{"line":825,"column":116}},"300":{"start":{"line":829,"column":4},"end":{"line":829,"column":60}},"301":{"start":{"line":829,"column":33},"end":{"line":829,"column":58}},"302":{"start":{"line":832,"column":4},"end":{"line":832,"column":33}},"303":{"start":{"line":835,"column":4},"end":{"line":837,"column":5}},"304":{"start":{"line":836,"column":6},"end":{"line":836,"column":74}},"305":{"start":{"line":839,"column":4},"end":{"line":839,"column":58}},"306":{"start":{"line":842,"column":4},"end":{"line":842,"column":60}},"307":{"start":{"line":842,"column":33},"end":{"line":842,"column":58}},"308":{"start":{"line":844,"column":4},"end":{"line":844,"column":79}},"309":{"start":{"line":845,"column":4},"end":{"line":845,"column":29}},"310":{"start":{"line":847,"column":4},"end":{"line":847,"column":66}},"311":{"start":{"line":850,"column":4},"end":{"line":887,"column":5}},"312":{"start":{"line":851,"column":6},"end":{"line":851,"column":63}},"313":{"start":{"line":854,"column":6},"end":{"line":854,"column":45}},"314":{"start":{"line":857,"column":6},"end":{"line":857,"column":62}},"315":{"start":{"line":857,"column":35},"end":{"line":857,"column":60}},"316":{"start":{"line":860,"column":23},"end":{"line":860,"column":47}},"317":{"start":{"line":861,"column":6},"end":{"line":864,"column":7}},"318":{"start":{"line":862,"column":8},"end":{"line":862,"column":32}},"319":{"start":{"line":863,"column":8},"end":{"line":863,"column":59}},"320":{"start":{"line":866,"column":6},"end":{"line":866,"column":37}},"321":{"start":{"line":867,"column":6},"end":{"line":867,"column":62}},"322":{"start":{"line":870,"column":6},"end":{"line":870,"column":35}},"323":{"start":{"line":872,"column":6},"end":{"line":874,"column":7}},"324":{"start":{"line":873,"column":8},"end":{"line":873,"column":87}},"325":{"start":{"line":876,"column":6},"end":{"line":876,"column":52}},"326":{"start":{"line":879,"column":6},"end":{"line":879,"column":62}},"327":{"start":{"line":879,"column":35},"end":{"line":879,"column":60}},"328":{"start":{"line":881,"column":6},"end":{"line":881,"column":73}},"329":{"start":{"line":882,"column":6},"end":{"line":882,"column":31}},"330":{"start":{"line":884,"column":6},"end":{"line":884,"column":73}},"331":{"start":{"line":886,"column":6},"end":{"line":886,"column":103}},"332":{"start":{"line":889,"column":4},"end":{"line":889,"column":25}},"333":{"start":{"line":898,"column":2},"end":{"line":907,"column":3}},"334":{"start":{"line":902,"column":4},"end":{"line":902,"column":58}},"335":{"start":{"line":903,"column":4},"end":{"line":903,"column":29}},"336":{"start":{"line":905,"column":4},"end":{"line":905,"column":70}},"337":{"start":{"line":906,"column":4},"end":{"line":906,"column":33}},"338":{"start":{"line":910,"column":0},"end":{"line":919,"column":2}}},"fnMap":{"0":{"name":"buildVideoFilter","decl":{"start":{"line":14,"column":9},"end":{"line":14,"column":25}},"loc":{"start":{"line":14,"column":28},"end":{"line":47,"column":1}},"line":14},"1":{"name":"getFfmpegStdin","decl":{"start":{"line":57,"column":9},"end":{"line":57,"column":23}},"loc":{"start":{"line":57,"column":26},"end":{"line":59,"column":1}},"line":57},"2":{"name":"getRandomCoverImage","decl":{"start":{"line":64,"column":9},"end":{"line":64,"column":28}},"loc":{"start":{"line":64,"column":31},"end":{"line":76,"column":1}},"line":64},"3":{"name":"(anonymous_3)","decl":{"start":{"line":68,"column":12},"end":{"line":68,"column":13}},"loc":{"start":{"line":68,"column":19},"end":{"line":68,"column":44}},"line":68},"4":{"name":"(anonymous_4)","decl":{"start":{"line":69,"column":9},"end":{"line":69,"column":10}},"loc":{"start":{"line":69,"column":16},"end":{"line":69,"column":36}},"line":69},"5":{"name":"startYouTubeStreamer","decl":{"start":{"line":82,"column":9},"end":{"line":82,"column":29}},"loc":{"start":{"line":82,"column":32},"end":{"line":354,"column":1}},"line":82},"6":{"name":"(anonymous_6)","decl":{"start":{"line":83,"column":21},"end":{"line":83,"column":22}},"loc":{"start":{"line":83,"column":42},"end":{"line":353,"column":3}},"line":83},"7":{"name":"(anonymous_7)","decl":{"start":{"line":169,"column":34},"end":{"line":169,"column":35}},"loc":{"start":{"line":169,"column":44},"end":{"line":188,"column":7}},"line":169},"8":{"name":"(anonymous_8)","decl":{"start":{"line":178,"column":21},"end":{"line":178,"column":22}},"loc":{"start":{"line":178,"column":27},"end":{"line":186,"column":11}},"line":178},"9":{"name":"(anonymous_9)","decl":{"start":{"line":180,"column":20},"end":{"line":180,"column":21}},"loc":{"start":{"line":180,"column":26},"end":{"line":182,"column":15}},"line":180},"10":{"name":"(anonymous_10)","decl":{"start":{"line":183,"column":21},"end":{"line":183,"column":22}},"loc":{"start":{"line":183,"column":28},"end":{"line":185,"column":15}},"line":183},"11":{"name":"(anonymous_11)","decl":{"start":{"line":190,"column":34},"end":{"line":190,"column":35}},"loc":{"start":{"line":190,"column":43},"end":{"line":209,"column":7}},"line":190},"12":{"name":"(anonymous_12)","decl":{"start":{"line":199,"column":21},"end":{"line":199,"column":22}},"loc":{"start":{"line":199,"column":27},"end":{"line":207,"column":11}},"line":199},"13":{"name":"(anonymous_13)","decl":{"start":{"line":201,"column":20},"end":{"line":201,"column":21}},"loc":{"start":{"line":201,"column":26},"end":{"line":203,"column":15}},"line":201},"14":{"name":"(anonymous_14)","decl":{"start":{"line":204,"column":21},"end":{"line":204,"column":22}},"loc":{"start":{"line":204,"column":28},"end":{"line":206,"column":15}},"line":204},"15":{"name":"(anonymous_15)","decl":{"start":{"line":287,"column":36},"end":{"line":287,"column":37}},"loc":{"start":{"line":287,"column":46},"end":{"line":306,"column":7}},"line":287},"16":{"name":"(anonymous_16)","decl":{"start":{"line":296,"column":21},"end":{"line":296,"column":22}},"loc":{"start":{"line":296,"column":27},"end":{"line":304,"column":11}},"line":296},"17":{"name":"(anonymous_17)","decl":{"start":{"line":298,"column":20},"end":{"line":298,"column":21}},"loc":{"start":{"line":298,"column":26},"end":{"line":300,"column":15}},"line":298},"18":{"name":"(anonymous_18)","decl":{"start":{"line":301,"column":21},"end":{"line":301,"column":22}},"loc":{"start":{"line":301,"column":28},"end":{"line":303,"column":15}},"line":301},"19":{"name":"(anonymous_19)","decl":{"start":{"line":308,"column":34},"end":{"line":308,"column":35}},"loc":{"start":{"line":308,"column":43},"end":{"line":327,"column":7}},"line":308},"20":{"name":"(anonymous_20)","decl":{"start":{"line":317,"column":21},"end":{"line":317,"column":22}},"loc":{"start":{"line":317,"column":27},"end":{"line":325,"column":11}},"line":317},"21":{"name":"(anonymous_21)","decl":{"start":{"line":319,"column":20},"end":{"line":319,"column":21}},"loc":{"start":{"line":319,"column":26},"end":{"line":321,"column":15}},"line":319},"22":{"name":"(anonymous_22)","decl":{"start":{"line":322,"column":21},"end":{"line":322,"column":22}},"loc":{"start":{"line":322,"column":28},"end":{"line":324,"column":15}},"line":322},"23":{"name":"(anonymous_23)","decl":{"start":{"line":342,"column":17},"end":{"line":342,"column":18}},"loc":{"start":{"line":342,"column":23},"end":{"line":348,"column":7}},"line":342},"24":{"name":"playFile","decl":{"start":{"line":360,"column":9},"end":{"line":360,"column":17}},"loc":{"start":{"line":360,"column":24},"end":{"line":399,"column":1}},"line":360},"25":{"name":"(anonymous_25)","decl":{"start":{"line":380,"column":21},"end":{"line":380,"column":22}},"loc":{"start":{"line":380,"column":42},"end":{"line":398,"column":3}},"line":380},"26":{"name":"(anonymous_26)","decl":{"start":{"line":385,"column":21},"end":{"line":385,"column":22}},"loc":{"start":{"line":385,"column":31},"end":{"line":396,"column":5}},"line":385},"27":{"name":"(anonymous_27)","decl":{"start":{"line":390,"column":19},"end":{"line":390,"column":20}},"loc":{"start":{"line":390,"column":25},"end":{"line":392,"column":9}},"line":390},"28":{"name":"streamFile","decl":{"start":{"line":404,"column":15},"end":{"line":404,"column":25}},"loc":{"start":{"line":404,"column":32},"end":{"line":690,"column":1}},"line":404},"29":{"name":"(anonymous_29)","decl":{"start":{"line":469,"column":21},"end":{"line":469,"column":22}},"loc":{"start":{"line":469,"column":42},"end":{"line":689,"column":3}},"line":469},"30":{"name":"(anonymous_30)","decl":{"start":{"line":505,"column":29},"end":{"line":505,"column":30}},"loc":{"start":{"line":505,"column":35},"end":{"line":535,"column":5}},"line":505},"31":{"name":"(anonymous_31)","decl":{"start":{"line":538,"column":29},"end":{"line":538,"column":30}},"loc":{"start":{"line":538,"column":40},"end":{"line":584,"column":5}},"line":538},"32":{"name":"(anonymous_32)","decl":{"start":{"line":557,"column":17},"end":{"line":557,"column":18}},"loc":{"start":{"line":557,"column":23},"end":{"line":583,"column":7}},"line":557},"33":{"name":"(anonymous_33)","decl":{"start":{"line":571,"column":18},"end":{"line":571,"column":19}},"loc":{"start":{"line":571,"column":24},"end":{"line":575,"column":13}},"line":571},"34":{"name":"(anonymous_34)","decl":{"start":{"line":576,"column":19},"end":{"line":576,"column":20}},"loc":{"start":{"line":576,"column":33},"end":{"line":579,"column":13}},"line":576},"35":{"name":"(anonymous_35)","decl":{"start":{"line":587,"column":21},"end":{"line":587,"column":22}},"loc":{"start":{"line":587,"column":30},"end":{"line":589,"column":5}},"line":587},"36":{"name":"(anonymous_36)","decl":{"start":{"line":591,"column":21},"end":{"line":591,"column":22}},"loc":{"star
[...]
end":{"line":143,"column":17}},"type":"if","locations":[{"start":{"line":137,"column":16},"end":{"line":143,"column":17}},{"start":{"line":139,"column":23},"end":{"line":143,"column":17}}],"line":137},"14":{"loc":{"start":{"line":139,"column":23},"end":{"line":143,"column":17}},"type":"if","locations":[{"start":{"line":139,"column":23},"end":{"line":143,"column":17}},{"start":{"line":141,"column":23},"end":{"line":143,"column":17}}],"line":139},"15":{"loc":{"start":{"line":150,"column":28},"end":{"line":150,"column":78}},"type":"cond-expr","locations":[{"start":{"line":150,"column":48},"end":{"line":150,"column":74}},{"start":{"line":150,"column":77},"end":{"line":150,"column":78}}],"line":150},"16":{"loc":{"start":{"line":153,"column":4},"end":{"line":163,"column":5}},"type":"if","locations":[{"start":{"line":153,"column":4},"end":{"line":163,"column":5}},{"start":{"line":155,"column":11},"end":{"line":163,"column":5}}],"line":153},"17":{"loc":{"start":{"line":155,"column":11},"end":{"line":163,"column":5}},"type":"if","locations":[{"start":{"line":155,"column":11},"end":{"line":163,"column":5}},{"start":{"line":157,"column":11},"end":{"line":163,"column":5}}],"line":155},"18":{"loc":{"start":{"line":157,"column":11},"end":{"line":163,"column":5}},"type":"if","locations":[{"start":{"line":157,"column":11},"end":{"line":163,"column":5}},{"start":{"line":159,"column":11},"end":{"line":163,"column":5}}],"line":157},"19":{"loc":{"start":{"line":159,"column":11},"end":{"line":163,"column":5}},"type":"if","locations":[{"start":{"line":159,"column":11},"end":{"line":163,"column":5}},{"start":{"line":161,"column":11},"end":{"line":163,"column":5}}],"line":159},"20":{"loc":{"start":{"line":171,"column":8},"end":{"line":182,"column":9}},"type":"if","locations":[{"start":{"line":171,"column":8},"end":{"line":182,"column":9}},{"start":{},"end":{}}],"line":171},"21":{"loc":{"start":{"line":173,"column":27},"end":{"line":174,"column":85}},"type":"cond-expr","locations":[{"start":{"line":173,"column":63},"end":{"line":173,"column":73}},{"start":{"line":174,"column":27},"end":{"line":174,"column":85}}],"line":173},"22":{"loc":{"start":{"line":174,"column":27},"end":{"line":174,"column":85}},"type":"cond-expr","locations":[{"start":{"line":174,"column":63},"end":{"line":174,"column":73}},{"start":{"line":174,"column":76},"end":{"line":174,"column":85}}],"line":174},"23":{"loc":{"start":{"line":208,"column":4},"end":{"line":208,"column":53}},"type":"if","locations":[{"start":{"line":208,"column":4},"end":{"line":208,"column":53}},{"start":{},"end":{}}],"line":208},"24":{"loc":{"start":{"line":216,"column":4},"end":{"line":228,"column":5}},"type":"if","locations":[{"start":{"line":216,"column":4},"end":{"line":228,"column":5}},{"start":{"line":218,"column":11},"end":{"line":228,"column":5}}],"line":216},"25":{"loc":{"start":{"line":218,"column":11},"end":{"line":228,"column":5}},"type":"if","locations":[{"start":{"line":218,"column":11},"end":{"line":228,"column":5}},{"start":{"line":220,"column":11},"end":{"line":228,"column":5}}],"line":218},"26":{"loc":{"start":{"line":220,"column":11},"end":{"line":228,"column":5}},"type":"if","locations":[{"start":{"line":220,"column":11},"end":{"line":228,"column":5}},{"start":{"line":222,"column":11},"end":{"line":228,"column":5}}],"line":220},"27":{"loc":{"start":{"line":220,"column":15},"end":{"line":220,"column":61}},"type":"binary-expr","locations":[{"start":{"line":220,"column":15},"end":{"line":220,"column":36}},{"start":{"line":220,"column":40},"end":{"line":220,"column":61}}],"line":220},"28":{"loc":{"start":{"line":222,"column":11},"end":{"line":228,"column":5}},"type":"if","locations":[{"start":{"line":222,"column":11},"end":{"line":228,"column":5}},{"start":{"line":224,"column":11},"end":{"line":228,"column":5}}],"line":222},"29":{"loc":{"start":{"line":224,"column":11},"end":{"line":228,"column":5}},"type":"if","locations":[{"start":{"line":224,"column":11},"end":{"line":228,"column":5}},{"start":{"line":226,"column":11},"end":{"line":228,"column":5}}],"line":224},"30":{"loc":{"start":{"line":234,"column":8},"end":{"line":243,"column":9}},"type":"if","locations":[{"start":{"line":234,"column":8},"end":{"line":243,"column":9}},{"start":{},"end":{}}],"line":234},"31":{"loc":{"start":{"line":238,"column":12},"end":{"line":242,"column":13}},"type":"if","locations":[{"start":{"line":238,"column":12},"end":{"line":242,"column":13}},{"start":{"line":240,"column":19},"end":{"line":242,"column":13}}],"line":238},"32":{"loc":{"start":{"line":240,"column":19},"end":{"line":242,"column":13}},"type":"if","locations":[{"start":{"line":240,"column":19},"end":{"line":242,"column":13}},{"start":{},"end":{}}],"line":240},"33":{"loc":{"start":{"line":247,"column":4},"end":{"line":256,"column":5}},"type":"if","locations":[{"start":{"line":247,"column":4},"end":{"line":256,"column":5}},{"start":{},"end":{}}],"line":247},"34":{"loc":{"start":{"line":248,"column":8},"end":{"line":255,"column":9}},"type":"if","locations":[{"start":{"line":248,"column":8},"end":{"line":255,"column":9}},{"start":{"line":250,"column":15},"end":{"line":255,"column":9}}],"line":248},"35":{"loc":{"start":{"line":250,"column":15},"end":{"line":255,"column":9}},"type":"if","locations":[{"start":{"line":250,"column":15},"end":{"line":255,"column":9}},{"start":{"line":252,"column":15},"end":{"line":255,"column":9}}],"line":250},"36":{"loc":{"start":{"line":267,"column":4},"end":{"line":274,"column":5}},"type":"if","locations":[{"start":{"line":267,"column":4},"end":{"line":274,"column":5}},{"start":{},"end":{}}],"line":267},"37":{"loc":{"start":{"line":267,"column":8},"end":{"line":267,"column":70}},"type":"binary-expr","locations":[{"start":{"line":267,"column":8},"end":{"line":267,"column":17}},{"start":{"line":267,"column":21},"end":{"line":267,"column":45}},{"start":{"line":267,"column":49},"end":{"line":267,"column":70}}],"line":267},"38":{"loc":{"start":{"line":283,"column":27},"end":{"line":283,"column":63}},"type":"binary-expr","locations":[{"start":{"line":283,"column":27},"end":{"line":283,"column":44}},{"start":{"line":283,"column":48},"end":{"line":283,"column":63}}],"line":283},"39":{"loc":{"start":{"line":284,"column":24},"end":{"line":284,"column":43}},"type":"binary-expr","locations":[{"start":{"line":284,"column":24},"end":{"line":284,"column":38}},{"start":{"line":284,"column":42},"end":{"line":284,"column":43}}],"line":284},"40":{"loc":{"start":{"line":285,"column":24},"end":{"line":285,"column":53}},"type":"binary-expr","locations":[{"start":{"line":285,"column":24},"end":{"line":285,"column":38}},{"start":{"line":285,"column":42},"end":{"line":285,"column":53}}],"line":285},"41":{"loc":{"start":{"line":286,"column":25},"end":{"line":286,"column":62}},"type":"binary-expr","locations":[{"start":{"line":286,"column":25},"end":{"line":286,"column":40}},{"start":{"line":286,"column":44},"end":{"line":286,"column":56}},{"start":{"line":286,"column":60},"end":{"line":286,"column":62}}],"line":286},"42":{"loc":{"start":{"line":287,"column":27},"end":{"line":287,"column":72}},"type":"binary-expr","locations":[{"start":{"line":287,"column":27},"end":{"line":287,"column":44}},{"start":{"line":287,"column":48},"end":{"line":287,"column":72}}],"line":287},"43":{"loc":{"start":{"line":326,"column":8},"end":{"line":330,"column":9}},"type":"if","locations":[{"start":{"line":326,"column":8},"end":{"line":330,"column":9}},{"start":{"line":328,"column":15},"end":{"line":330,"column":9}}],"line":326},"44":{"loc":{"start":{"line":327,"column":31},"end":{"line":327,"column":127}},"type":"cond-expr","locations":[{"start":{"line":327,"column":90},"end":{"line":327,"column":105}},{"start":{"line":327,"column":108},"end":{"line":327,"column":127}}],"line":327},"45":{"loc":{"start":{"line":328,"column":15},"end":{"line":330,"column":9}},"type":"if","locations":[{"start":{"line":328,"column":15},"end":{"line":330,"column":9}},{"start":{},"end":{}}],"line":328},"46":{"loc":{"start":{"line":329,"column":31},"end":{"line":329,"column":127}},"type":"cond-expr","locations":[{"start":{"line":329,"column":90},"end":{"line":329,"column":105}},{"start":{"line":329,"column":108},"end":{"line":329,"column":127}}],"line":329},"47":{"loc":{"start":{"line":334,"column":8},"end":{"line":337,"column":68}},"type":"if","locations":[{"start":{"line":334,"column":8},"end":{"line":337,"column":68}},{"start":{"line":335,"column":13},"end":{"line":337,"column":68}}],"line":334},"48":{"loc":{"start":{"line":335,"column":13},"end":{"line":337,"column":68}},"type":"if","locations":[{"start":{"line":335,"column":13},"end":{"line":337,"column":68}},{"start":{"line":336,"column":13},"end":{"line":337,"column":68}}],"line":335},"49":{"loc":{"start":{"line":336,"column":13},"end":{"line":337,"column":68}},"type":"if","locations":[{"start":{"line":336,"column":13},"end":{"line":337,"column":68}},{"start":{"line":337,"column":13},"end":{"line":337,"column":68}}],"line":336},"50":{"loc":{"start":{"line":337,"column":13},"end":{"line":337,"column":68}},"type":"if","locations":[{"start":{"line":337,"column":13},"end":{"line":337,"column":68}},{"start":{},"end":{}}],"line":337},"51":{"loc":{"start":{"line":370,"column":4},"end":{"line":380,"column":5}},"type":"if","locations":[{"start":{"line":370,"column":4},"end":{"line":380,"column":5}},{"start":{"line":377,"column":11},"end":{"line":380,"column":5}}],"line":370}},"s":{"0":7,"1":7,"2":7,"3":7,"4":7,"5":7,"6":0,"7":0,"8":0,"9":0,"10":0,"11":0,"12":0,"13":0,"14":0,"15":0,"16":0,"17":0,"18":0,"19":0,"20":0,"21":0,"22":0,"23":0,"24":0,"25":0,"26":0,"27":0,"28":0,"29":0,"30":0,"31":0,"32":0,"33":0,"34":0,"35":0,"36":0,"37":0,"38":0,"39":0,"40":0,"41":0,"42":0,"43":0,"44":0,"45":0,"46":0,"47":0,"48":0,"49":0,"50":0,"51":0,"52":0,"53":0,"54":0,"55":0,"56":0,"57":0,"58":0,"59":0,"60":0,"61":0,"62":0,"63":0,"64":0,"65":0,"66":0,"67":0,"68":0,"69":0,"70":0,"71":0,"72":0,"73":0,"74":0,"75":0,"76":0,"77":0,"78":0,"79":0,"80":0,"81":0,"82":0,"83":0,"84":0,"85":0,"86":0,"87":0,"88":0,"89":0,"90":0,"91":0,"92":0,"93":0,"94":0,"95":0,"96":0,"97":0,"98":0,"99":0,"100":0,"101":0,"102":0,"103":0,"104":0,"105":0,"106":0,"107":0,"108":0,"109":0,"110":0,"111":0,"112":0,"113":0,"114":0,"115":0,"116":0,"117":0,"118":0,"119":0,"120":0,"121":0,"122":0,"123":0,"124":0,"125":0,"126":0,"127":0,"128":0,"129":0,"130":0,"131":0,"132":0,"133":0,"134":0,"135":0,"136":0,"137":7,"138":7,"139":0,"140":7},"f":{"0":0,"1":0,"2":0,"3":0,"4":0,"5":0,"6":0,"7":0,"8":0,"9":0,"10":0,"11":0,"12":0,"13":0,"14":0},"b":{"0":[0,0],"1":[0,0,0],"2":[0,0,0],"3":[0,0],"4":[0,0],"5":[0,0],"6":[0,0],"7":[0,0],"8":[0,0],"9":[0,0],"10":[0,0],"11":[0,0],"12":[0,0],"13":[0,0],"14":[0,0],"15":[0,0],"16":[0,0],"17":[0,0],"18":[0,0],"19":[0,0],"20":[0,0],"21":[0,0],"22":[0,0],"23":[0,0],"24":[0,0],"25":[0,0],"26":[0,0],"27":[0,0],"28":[0,0],"29":[0,0],"30":[0,0],"31":[0,0],"32":[0,0],"33":[0,0],"34":[0,0],"35":[0,0],"36":[0,0],"37":[0,0,0],"38":[0,0],"39":[0,0],"40":[0,0],"41":[0,0,0],"42":[0,0],"43":[0,0],"44":[0,0],"45":[0,0],"46":[0,0],"47":[0,0],"48":[0,0],"49":[0,0],"50":[0,0],"51":[0,0]},"_coverageSchema":"1a1c01bbd47fc00a2c39e90264f33305004495a9","hash":"d1be0482d5dababde2bd608909f53b9f0218ccd8"}
,"/home/david/Projects/CitizenRadio/src/utils/ttsHelper.js": {"path":"/home/david/Projects/CitizenRadio/src/utils/ttsHelper.js","statementMap":{"0":{"start":{"line":1,"column":11},"end":{"line":1,"column":24}},"1":{"start":{"line":2,"column":31},"end":{"line":2,"column":70}},"2":{"start":{"line":3,"column":13},"end":{"line":3,"column":28}},"3":{"start":{"line":4,"column":13},"end":{"line":4,"column":28}},"4":{"start":{"line":5,"column":15},"end":{"line":5,"column":32}},"5":{"start":{"line":8,"column":24},"end":{"line":8,"column":28}},"6":{"start":{"line":10,"column":4},"end":{"line":12,"column":5}},"7":{"start":{"line":11,"column":8},"end":{"line":11,"column":53}},"8":{"start":{"line":13,"column":4},"end":{"line":13,"column":29}},"9":{"start":{"line":16,"column":23},"end":{"line":16,"column":51}},"10":{"start":{"line":17,"column":22},"end":{"line":17,"column":49}},"11":{"start":{"line":18,"column":19},"end":{"line":18,"column":43}},"12":{"start":{"line":21,"column":17},"end":{"line":21,"column":26}},"13":{"start":{"line":22,"column":23},"end":{"line":22,"column":25}},"14":{"start":{"line":25,"column":22},"end":{"line":25,"column":66}},"15":{"start":{"line":38,"column":4},"end":{"line":142,"column":5}},"16":{"start":{"line":40,"column":8},"end":{"line":40,"column":77}},"17":{"start":{"line":43,"column":22},"end":{"line":43,"column":78}},"18":{"start":{"line":44,"column":25},"end":{"line":44,"column":90}},"19":{"start":{"line":45,"column":26},"end":{"line":45,"column":69}},"20":{"start":{"line":48,"column":8},"end":{"line":52,"column":9}},"21":{"start":{"line":49,"column":32},"end":{"line":49,"column":54}},"22":{"start":{"line":50,"column":12},"end":{"line":50,"column":68}},"23":{"start":{"line":51,"column":12},"end":{"line":51,"column":30}},"24":{"start":{"line":55,"column":8},"end":{"line":70,"column":9}},"25":{"start":{"line":56,"column":12},"end":{"line":67,"column":13}},"26":{"start":{"line":57,"column":36},"end":{"line":57,"column":66}},"27":{"start":{"line":59,"column":16},"end":{"line":59,"column":52}},"28":{"start":{"line":60,"column":16},"end":{"line":64,"column":17}},"29":{"start":{"line":62,"column":38},"end":{"line":62,"column":66}},"30":{"start":{"line":63,"column":20},"end":{"line":63,"column":47}},"31":{"start":{"line":65,"column":16},"end":{"line":65,"column":72}},"32":{"start":{"line":66,"column":16},"end":{"line":66,"column":34}},"33":{"start":{"line":69,"column":12},"end":{"line":69,"column":92}},"34":{"start":{"line":73,"column":27},"end":{"line":73,"column":34}},"35":{"start":{"line":76,"column":8},"end":{"line":84,"column":9}},"36":{"start":{"line":77,"column":26},"end":{"line":77,"column":42}},"37":{"start":{"line":78,"column":12},"end":{"line":83,"column":13}},"38":{"start":{"line":79,"column":31},"end":{"line":79,"column":58}},"39":{"start":{"line":80,"column":16},"end":{"line":82,"column":17}},"40":{"start":{"line":81,"column":20},"end":{"line":81,"column":42}},"41":{"start":{"line":86,"column":24},"end":{"line":90,"column":9}},"42":{"start":{"line":93,"column":26},"end":{"line":93,"column":40}},"43":{"start":{"line":96,"column":31},"end":{"line":98,"column":9}},"44":{"start":{"line":97,"column":12},"end":{"line":97,"column":73}},"45":{"start":{"line":97,"column":29},"end":{"line":97,"column":65}},"46":{"start":{"line":101,"column":27},"end":{"line":104,"column":10}},"47":{"start":{"line":107,"column":8},"end":{"line":117,"column":9}},"48":{"start":{"line":108,"column":12},"end":{"line":108,"column":77}},"49":{"start":{"line":109,"column":12},"end":{"line":109,"column":58}},"50":{"start":{"line":110,"column":12},"end":{"line":114,"column":13}},"51":{"start":{"line":112,"column":34},"end":{"line":112,"column":62}},"52":{"start":{"line":113,"column":16},"end":{"line":113,"column":43}},"53":{"start":{"line":116,"column":12},"end":{"line":116,"column":71}},"54":{"start":{"line":120,"column":8},"end":{"line":120,"column":74}},"55":{"start":{"line":121,"column":8},"end":{"line":121,"column":26}},"56":{"start":{"line":123,"column":8},"end":{"line":123,"column":128}},"57":{"start":{"line":125,"column":8},"end":{"line":141,"column":9}},"58":{"start":{"line":127,"column":36},"end":{"line":131,"column":13}},"59":{"start":{"line":133,"column":30},"end":{"line":133,"column":44}},"60":{"start":{"line":134,"column":39},"end":{"line":134,"column":88}},"61":{"start":{"line":135,"column":12},"end":{"line":135,"column":86}},"62":{"start":{"line":136,"column":12},"end":{"line":136,"column":81}},"63":{"start":{"line":137,"column":12},"end":{"line":137,"column":30}},"64":{"start":{"line":139,"column":12},"end":{"line":139,"column":93}},"65":{"start":{"line":140,"column":12},"end":{"line":140,"column":116}},"66":{"start":{"line":145,"column":0},"end":{"line":147,"column":2}}},"fnMap":{"0":{"name":"getTTSClient","decl":{"start":{"line":9,"column":9},"end":{"line":9,"column":21}},"loc":{"start":{"line":9,"column":24},"end":{"line":14,"column":1}},"line":9},"1":{"name":"generateTTS","decl":{"start":{"line":37,"column":15},"end":{"line":37,"column":26}},"loc":{"start":{"line":37,"column":77},"end":{"line":143,"column":1}},"line":37},"2":{"name":"(anonymous_2)","decl":{"start":{"line":40,"column":67},"end":{"line":40,"column":68}},"loc":{"start":{"line":40,"column":73},"end":{"line":40,"column":75}},"line":40},"3":{"name":"(anonymous_3)","decl":{"start":{"line":96,"column":43},"end":{"line":96,"column":44}},"loc":{"start":{"line":97,"column":12},"end":{"line":97,"column":73}},"line":97},"4":{"name":"(anonymous_4)","decl":{"start":{"line":97,"column":23},"end":{"line":97,"column":24}},"loc":{"start":{"line":97,"column":29},"end":{"line":97,"column":65}},"line":97}},"branchMap":{"0":{"loc":{"start":{"line":10,"column":4},"end":{"line":12,"column":5}},"type":"if","locations":[{"start":{"line":10,"column":4},"end":{"line":12,"column":5}},{"start":{},"end":{}}],"line":10},"1":{"loc":{"start":{"line":43,"column":22},"end":{"line":43,"column":78}},"type":"binary-expr","locations":[{"start":{"line":43,"column":22},"end":{"line":43,"column":57}},{"start":{"line":43,"column":61},"end":{"line":43,"column":78}}],"line":43},"2":{"loc":{"start":{"line":48,"column":8},"end":{"line":52,"column":9}},"type":"if","locations":[{"start":{"line":48,"column":8},"end":{"line":52,"column":9}},{"start":{},"end":{}}],"line":48},"3":{"loc":{"start":{"line":56,"column":12},"end":{"line":67,"column":13}},"type":"if","locations":[{"start":{"line":56,"column":12},"end":{"line":67,"column":13}},{"start":{},"end":{}}],"line":56},"4":{"loc":{"start":{"line":60,"column":16},"end":{"line":64,"column":17}},"type":"if","locations":[{"start":{"line":60,"column":16},"end":{"line":64,"column":17}},{"start":{},"end":{}}],"line":60},"5":{"loc":{"start":{"line":76,"column":8},"end":{"line":84,"column":9}},"type":"if","locations":[{"start":{"line":76,"column":8},"end":{"line":84,"column":9}},{"start":{},"end":{}}],"line":76},"6":{"loc":{"start":{"line":76,"column":12},"end":{"line":76,"column":40}},"type":"binary-expr","locations":[{"start":{"line":76,"column":12},"end":{"line":76,"column":17}},{"start":{"line":76,"column":21},"end":{"line":76,"column":40}}],"line":76},"7":{"loc":{"start":{"line":78,"column":12},"end":{"line":83,"column":13}},"type":"if","locations":[{"start":{"line":78,"column":12},"end":{"line":83,"column":13}},{"start":{},"end":{}}],"line":78},"8":{"loc":{"start":{"line":80,"column":16},"end":{"line":82,"column":17}},"type":"if","locations":[{"start":{"line":80,"column":16},"end":{"line":82,"column":17}},{"start":{},"end":{}}],"line":80},"9":{"loc":{"start":{"line":110,"column":12},"end":{"line":114,"column":13}},"type":"if","locations":[{"start":{"line":110,"column":12},"end":{"line":114,"column":13}},{"start":{},"end":{}}],"line":110},"10":{"loc":{"start":{"line":123,"column":56},"end":{"line":123,"column":110}},"type":"binary-expr","locations":[{"start":{"line":123,"column":56},"end":{"line":123,"column":91}},{"start":{"line":123,"column":95},"end":{"line":123,"column":110}}],"line":123}},"s":{"0":4,"1":4,"2":4,"3":4,"4":4,"5":4,"6":0,"7":0,"8":0,"9":4,"10":4,"11":4,"12":4,"13":4,"14":4,"15":0,"16":0,"17":0,"18":0,"19":0,"20":0,"21":0,"22":0,"23":0,"24":0,"25":0,"26":0,"27":0,"28":0,"29":0,"30":0,"31":0,"32":0,"33":0,"34":0,"35":0,"36":0,"37":0,"38":0,"39":0,"40":0,"41":0,"42":0,"43":0,"44":0,"45":0,"46":0,"47":0,"48":0,"49":0,"50":0,"51":0,"52":0,"53":0,"54":0,"55":0,"56":0,"57":0,"58":0,"59":0,"60":0,"61":0,"62":0,"63":0,"64":0,"65":0,"66":4},"f":{"0":0,"1":0,"2":0,"3":0,"4":0},"b":{"0":[0,0],"1":[0,0],"2":[0,0],"3":[0,0],"4":[0,0],"5":[0,0],"6":[0,0],"7":[0,0],"8":[0,0],"9":[0,0],"10":[0,0]},"_coverageSchema":"1a1c01bbd47fc00a2c39e90264f33305004495a9","hash":"daccaa29dc79da3547b2e7a30254105646924023"}
}
