TN:
SF:scripts/fix-ratings-log.js
FN:15,fixRatingsLog
FN:143,(anonymous_1)
FN:144,(anonymous_2)
FNF:3
FNH:1
FNDA:1,fixRatingsLog
FNDA:0,(anonymous_1)
FNDA:0,(anonymous_2)
DA:1,1
DA:2,1
DA:3,1
DA:6,1
DA:9,1
DA:10,1
DA:16,1
DA:18,1
DA:20,1
DA:21,0
DA:22,0
DA:26,1
DA:27,1
DA:28,1
DA:30,0
DA:34,1
DA:35,1
DA:38,1
DA:41,1
DA:42,0
DA:43,0
DA:47,1
DA:48,1
DA:49,1
DA:52,1
DA:53,1
DA:55,1
DA:57,0
DA:60,0
DA:63,0
DA:66,0
DA:69,0
DA:72,0
DA:73,0
DA:75,0
DA:76,0
DA:77,0
DA:80,0
DA:81,0
DA:82,0
DA:85,0
DA:86,0
DA:88,0
DA:90,0
DA:93,0
DA:95,0
DA:96,0
DA:97,0
DA:99,0
DA:100,0
DA:103,0
DA:104,0
DA:106,0
DA:108,0
DA:112,0
DA:116,0
DA:117,0
DA:118,0
DA:119,0
DA:121,0
DA:125,0
DA:128,0
DA:129,0
DA:130,0
DA:131,0
DA:132,0
DA:134,0
DA:135,0
DA:141,1
DA:142,0
DA:143,0
DA:144,0
DA:148,1
LF:73
LH:24
BRDA:20,0,0,0
BRDA:20,0,1,1
BRDA:41,1,0,0
BRDA:41,1,1,1
BRDA:72,2,0,0
BRDA:72,2,1,0
BRDA:73,3,0,0
BRDA:73,3,1,0
BRDA:75,4,0,0
BRDA:75,4,1,0
BRDA:96,5,0,0
BRDA:96,5,1,0
BRDA:96,6,0,0
BRDA:96,6,1,0
BRDA:141,7,0,0
BRDA:141,7,1,1
BRF:16
BRH:3
end_of_record
TN:
SF:src/core/config.js
FN:7,loadStationConfig
FN:65,(anonymous_1)
FN:68,(anonymous_2)
FNF:3
FNH:3
FNDA:16,loadStationConfig
FNDA:4,(anonymous_1)
FNDA:1,(anonymous_2)
DA:4,16
DA:5,16
DA:9,16
DA:14,16
DA:15,16
DA:16,16
DA:44,0
DA:45,0
DA:46,0
DA:47,0
DA:48,0
DA:50,0
DA:51,0
DA:56,16
DA:57,16
DA:65,16
DA:68,16
DA:69,16
DA:73,16
DA:74,1
DA:75,0
DA:79,1
DA:82,16
DA:83,2
DA:84,0
DA:88,2
DA:91,16
DA:92,1
DA:93,0
DA:97,1
DA:101,16
DA:102,16
DA:103,16
DA:104,16
DA:105,16
DA:109,16
DA:110,0
DA:112,0
DA:115,16
DA:116,6
DA:117,1
DA:119,6
DA:120,1
DA:121,1
DA:123,6
DA:124,1
DA:125,1
DA:127,6
DA:128,0
DA:134,16
DA:141,16
DA:142,1
DA:143,15
DA:144,15
DA:147,16
DA:148,1
DA:149,15
DA:150,15
DA:155,16
DA:156,0
DA:157,0
DA:158,16
DA:160,0
DA:163,16
DA:164,16
DA:170,16
LF:66
LH:50
BRDA:9,0,0,16
BRDA:9,0,1,0
BRDA:9,0,2,0
BRDA:14,1,0,16
BRDA:14,1,1,0
BRDA:73,2,0,1
BRDA:73,2,1,15
BRDA:73,3,0,16
BRDA:73,3,1,2
BRDA:74,4,0,0
BRDA:74,4,1,1
BRDA:82,5,0,2
BRDA:82,5,1,14
BRDA:83,6,0,0
BRDA:83,6,1,2
BRDA:91,7,0,1
BRDA:91,7,1,15
BRDA:91,8,0,16
BRDA:91,8,1,1
BRDA:91,8,2,1
BRDA:92,9,0,0
BRDA:92,9,1,1
BRDA:109,10,0,0
BRDA:109,10,1,16
BRDA:109,11,0,16
BRDA:109,11,1,1
BRDA:116,12,0,1
BRDA:116,12,1,5
BRDA:116,13,0,6
BRDA:116,13,1,5
BRDA:116,13,2,1
BRDA:119,14,0,1
BRDA:119,14,1,5
BRDA:119,15,0,6
BRDA:119,15,1,1
BRDA:121,16,0,1
BRDA:121,16,1,0
BRDA:121,17,0,1
BRDA:121,17,1,1
BRDA:123,18,0,1
BRDA:123,18,1,5
BRDA:123,19,0,6
BRDA:123,19,1,1
BRDA:125,20,0,1
BRDA:125,20,1,0
BRDA:125,21,0,1
BRDA:125,21,1,1
BRDA:127,22,0,0
BRDA:127,22,1,6
BRDA:135,23,0,16
BRDA:135,23,1,0
BRDA:136,24,0,16
BRDA:136,24,1,15
BRDA:136,24,2,14
BRDA:136,24,3,14
BRDA:138,25,0,16
BRDA:138,25,1,15
BRDA:138,25,2,14
BRDA:141,26,0,1
BRDA:141,26,1,15
BRDA:143,27,0,15
BRDA:143,27,1,0
BRDA:147,28,0,1
BRDA:147,28,1,15
BRDA:149,29,0,15
BRDA:149,29,1,0
BRDA:155,30,0,0
BRDA:155,30,1,16
BRDA:158,31,0,0
BRDA:158,31,1,16
BRF:70
BRH:55
end_of_record
TN:
SF:src/core/orchestrator.js
FN:34,getPersistentVideoId
FN:54,playbackLoop
FN:126,(anonymous_2)
FN:191,(anonymous_3)
FN:216,(anonymous_4)
FN:275,(anonymous_5)
FN:293,pickNextTrackWithPodcasts
FN:296,(anonymous_7)
FN:297,(anonymous_8)
FN:298,(anonymous_9)
FN:305,stopPlayback
FN:326,requestStop
FN:334,getContentQueue
FN:342,getPollingInfo
FNF:14
FNH:0
FNDA:0,getPersistentVideoId
FNDA:0,playbackLoop
FNDA:0,(anonymous_2)
FNDA:0,(anonymous_3)
FNDA:0,(anonymous_4)
FNDA:0,(anonymous_5)
FNDA:0,pickNextTrackWithPodcasts
FNDA:0,(anonymous_7)
FNDA:0,(anonymous_8)
FNDA:0,(anonymous_9)
FNDA:0,stopPlayback
FNDA:0,requestStop
FNDA:0,getContentQueue
FNDA:0,getPollingInfo
DA:1,9
DA:2,9
DA:3,9
DA:4,9
DA:5,9
DA:6,9
DA:7,9
DA:8,9
DA:9,9
DA:10,9
DA:11,9
DA:12,0
DA:13,0
DA:14,0
DA:16,0
DA:17,0
DA:18,0
DA:19,0
DA:22,0
DA:35,0
DA:36,0
DA:37,0
DA:38,0
DA:39,0
DA:40,0
DA:41,0
DA:42,0
DA:45,0
DA:47,0
DA:48,0
DA:55,0
DA:56,0
DA:57,0
DA:59,0
DA:62,0
DA:64,0
DA:65,0
DA:67,0
DA:68,0
DA:71,0
DA:75,0
DA:79,0
DA:81,0
DA:83,0
DA:84,0
DA:85,0
DA:86,0
DA:87,0
DA:89,0
DA:90,0
DA:91,0
DA:97,0
DA:99,0
DA:100,0
DA:102,0
DA:106,0
DA:108,0
DA:110,0
DA:111,0
DA:113,0
DA:117,0
DA:119,0
DA:122,0
DA:123,0
DA:126,0
DA:127,0
DA:131,0
DA:133,0
DA:135,0
DA:136,0
DA:137,0
DA:138,0
DA:141,0
DA:142,0
DA:144,0
DA:148,0
DA:152,0
DA:157,0
DA:158,0
DA:160,0
DA:162,0
DA:163,0
DA:167,0
DA:173,0
DA:174,0
DA:177,0
DA:178,0
DA:179,0
DA:183,0
DA:185,0
DA:188,0
DA:191,0
DA:193,0
DA:194,0
DA:199,0
DA:200,0
DA:205,0
DA:210,0
DA:212,0
DA:216,0
DA:220,0
DA:223,0
DA:225,0
DA:229,0
DA:231,0
DA:233,0
DA:234,0
DA:235,0
DA:238,0
DA:241,0
DA:243,0
DA:244,0
DA:246,0
DA:247,0
DA:251,0
DA:252,0
DA:256,0
DA:257,0
DA:262,0
DA:265,0
DA:266,0
DA:267,0
DA:268,0
DA:269,0
DA:270,0
DA:272,0
DA:274,0
DA:275,0
DA:280,0
DA:284,0
DA:285,0
DA:286,0
DA:287,0
DA:294,0
DA:295,0
DA:296,0
DA:297,0
DA:298,0
DA:299,0
DA:300,0
DA:301,0
DA:302,0
DA:306,0
DA:309,0
DA:310,0
DA:314,0
DA:315,0
DA:318,0
DA:319,0
DA:320,0
DA:322,0
DA:327,0
DA:335,0
DA:343,0
DA:349,0
LF:155
LH:11
BRDA:18,0,0,0
BRDA:18,0,1,0
BRDA:23,1,0,0
BRDA:23,1,1,0
BRDA:35,2,0,0
BRDA:35,2,1,0
BRDA:39,3,0,0
BRDA:39,3,1,0
BRDA:56,4,0,0
BRDA:56,5,0,0
BRDA:56,6,0,0
BRDA:56,6,1,0
BRDA:59,7,0,0
BRDA:59,7,1,0
BRDA:65,8,0,0
BRDA:65,8,1,0
BRDA:68,9,0,0
BRDA:68,9,1,0
BRDA:68,10,0,0
BRDA:68,10,1,0
BRDA:83,11,0,0
BRDA:83,11,1,0
BRDA:85,12,0,0
BRDA:85,12,1,0
BRDA:85,13,0,0
BRDA:85,13,1,0
BRDA:89,14,0,0
BRDA:89,14,1,0
BRDA:89,15,0,0
BRDA:89,15,1,0
BRDA:97,16,0,0
BRDA:97,16,1,0
BRDA:100,17,0,0
BRDA:100,17,1,0
BRDA:108,18,0,0
BRDA:108,18,1,0
BRDA:110,19,0,0
BRDA:110,19,1,0
BRDA:122,20,0,0
BRDA:122,20,1,0
BRDA:135,21,0,0
BRDA:135,21,1,0
BRDA:135,22,0,0
BRDA:135,22,1,0
BRDA:141,23,0,0
BRDA:141,23,1,0
BRDA:160,24,0,0
BRDA:160,24,1,0
BRDA:160,25,0,0
BRDA:160,25,1,0
BRDA:162,26,0,0
BRDA:162,26,1,0
BRDA:162,27,0,0
BRDA:162,27,1,0
BRDA:177,28,0,0
BRDA:177,28,1,0
BRDA:183,29,0,0
BRDA:183,29,1,0
BRDA:183,30,0,0
BRDA:183,30,1,0
BRDA:194,31,0,0
BRDA:194,31,1,0
BRDA:199,32,0,0
BRDA:199,32,1,0
BRDA:199,33,0,0
BRDA:199,33,1,0
BRDA:210,34,0,0
BRDA:210,34,1,0
BRDA:233,35,0,0
BRDA:233,35,1,0
BRDA:241,36,0,0
BRDA:241,36,1,0
BRDA:241,37,0,0
BRDA:241,37,1,0
BRDA:251,38,0,0
BRDA:251,38,1,0
BRDA:256,39,0,0
BRDA:256,39,1,0
BRDA:256,40,0,0
BRDA:256,40,1,0
BRDA:265,41,0,0
BRDA:265,41,1,0
BRDA:284,42,0,0
BRDA:284,42,1,0
BRDA:284,43,0,0
BRDA:284,43,1,0
BRDA:299,44,0,0
BRDA:299,44,1,0
BRDA:301,45,0,0
BRDA:301,45,1,0
BRDA:309,46,0,0
BRDA:309,46,1,0
BRF:92
BRH:0
end_of_record
TN:
SF:src/core/streamer.js
FN:14,buildVideoFilter
FN:57,getFfmpegStdin
FN:64,getRandomCoverImage
FN:68,(anonymous_3)
FN:69,(anonymous_4)
FN:82,startYouTubeStreamer
FN:83,(anonymous_6)
FN:169,(anonymous_7)
FN:178,(anonymous_8)
FN:180,(anonymous_9)
FN:183,(anonymous_10)
FN:190,(anonymous_11)
FN:199,(anonymous_12)
FN:201,(anonymous_13)
FN:204,(anonymous_14)
FN:287,(anonymous_15)
FN:296,(anonymous_16)
FN:298,(anonymous_17)
FN:301,(anonymous_18)
FN:308,(anonymous_19)
FN:317,(anonymous_20)
FN:319,(anonymous_21)
FN:322,(anonymous_22)
FN:342,(anonymous_23)
FN:360,playFile
FN:380,(anonymous_25)
FN:385,(anonymous_26)
FN:390,(anonymous_27)
FN:404,streamFile
FN:469,(anonymous_29)
FN:505,(anonymous_30)
FN:538,(anonymous_31)
FN:557,(anonymous_32)
FN:571,(anonymous_33)
FN:576,(anonymous_34)
FN:587,(anonymous_35)
FN:591,(anonymous_36)
FN:623,(anonymous_37)
FN:629,(anonymous_38)
FN:631,(anonymous_39)
FN:646,(anonymous_40)
FN:657,(anonymous_41)
FN:681,(anonymous_42)
FN:684,(anonymous_43)
FN:696,stopYouTubeStreamer
FN:700,(anonymous_45)
FN:734,(anonymous_46)
FN:760,recoverStreamingPipeline
FN:799,(anonymous_48)
FN:829,(anonymous_49)
FN:842,(anonymous_50)
FN:857,(anonymous_51)
FN:879,(anonymous_52)
FN:897,updateYouTubeStreamMetadata
FNF:54
FNH:21
FNDA:7,buildVideoFilter
FNDA:0,getFfmpegStdin
FNDA:13,getRandomCoverImage
FNDA:40,(anonymous_3)
FNDA:30,(anonymous_4)
FNDA:11,startYouTubeStreamer
FNDA:11,(anonymous_6)
FNDA:0,(anonymous_7)
FNDA:0,(anonymous_8)
FNDA:0,(anonymous_9)
FNDA:0,(anonymous_10)
FNDA:0,(anonymous_11)
FNDA:0,(anonymous_12)
FNDA:0,(anonymous_13)
FNDA:0,(anonymous_14)
FNDA:0,(anonymous_15)
FNDA:0,(anonymous_16)
FNDA:0,(anonymous_17)
FNDA:0,(anonymous_18)
FNDA:0,(anonymous_19)
FNDA:0,(anonymous_20)
FNDA:0,(anonymous_21)
FNDA:0,(anonymous_22)
FNDA:0,(anonymous_23)
FNDA:2,playFile
FNDA:2,(anonymous_25)
FNDA:2,(anonymous_26)
FNDA:0,(anonymous_27)
FNDA:3,streamFile
FNDA:3,(anonymous_29)
FNDA:4,(anonymous_30)
FNDA:2,(anonymous_31)
FNDA:0,(anonymous_32)
FNDA:0,(anonymous_33)
FNDA:0,(anonymous_34)
FNDA:1,(anonymous_35)
FNDA:1,(anonymous_36)
FNDA:1,(anonymous_37)
FNDA:3,(anonymous_38)
FNDA:0,(anonymous_39)
FNDA:0,(anonymous_40)
FNDA:1,(anonymous_41)
FNDA:0,(anonymous_42)
FNDA:0,(anonymous_43)
FNDA:2,stopYouTubeStreamer
FNDA:2,(anonymous_45)
FNDA:2,(anonymous_46)
FNDA:0,recoverStreamingPipeline
FNDA:0,(anonymous_48)
FNDA:0,(anonymous_49)
FNDA:0,(anonymous_50)
FNDA:0,(anonymous_51)
FNDA:0,(anonymous_52)
FNDA:0,updateYouTubeStreamMetadata
DA:4,4
DA:5,4
DA:6,4
DA:7,4
DA:8,4
DA:16,7
DA:17,7
DA:18,7
DA:19,7
DA:20,7
DA:22,7
DA:25,7
DA:27,7
DA:28,0
DA:30,0
DA:33,0
DA:37,7
DA:40,7
DA:44,7
DA:46,7
DA:52,4
DA:58,0
DA:65,13
DA:66,13
DA:68,40
DA:69,30
DA:71,13
DA:72,1
DA:75,12
DA:83,11
DA:84,11
DA:85,11
DA:88,11
DA:89,11
DA:92,11
DA:93,11
DA:94,11
DA:96,0
DA:100,11
DA:102,11
DA:103,9
DA:107,10
DA:108,10
DA:110,1
DA:113,11
DA:115,11
DA:116,3
DA:121,8
DA:124,8
DA:125,1
DA:126,1
DA:127,1
DA:128,1
DA:130,0
DA:131,0
DA:134,6
DA:139,7
DA:167,7
DA:169,7
DA:170,0
DA:174,0
DA:175,0
DA:178,0
DA:179,0
DA:181,0
DA:184,0
DA:190,7
DA:191,0
DA:195,0
DA:196,0
DA:199,0
DA:200,0
DA:202,0
DA:205,0
DA:211,7
DA:214,7
DA:284,7
DA:287,7
DA:288,0
DA:292,0
DA:293,0
DA:296,0
DA:297,0
DA:299,0
DA:302,0
DA:308,7
DA:309,0
DA:313,0
DA:314,0
DA:317,0
DA:318,0
DA:320,0
DA:323,0
DA:330,7
DA:331,7
DA:333,7
DA:334,0
DA:339,7
DA:342,7
DA:343,0
DA:344,0
DA:346,0
DA:350,4
DA:351,4
DA:361,2
DA:362,2
DA:380,2
DA:381,2
DA:385,2
DA:386,2
DA:389,1
DA:390,1
DA:391,0
DA:394,1
DA:397,2
DA:406,3
DA:407,0
DA:408,0
DA:409,0
DA:412,0
DA:413,0
DA:414,0
DA:418,0
DA:420,0
DA:421,0
DA:426,3
DA:427,0
DA:428,0
DA:429,0
DA:432,0
DA:433,0
DA:434,0
DA:438,0
DA:440,0
DA:441,0
DA:446,3
DA:447,3
DA:448,0
DA:449,0
DA:450,0
DA:453,0
DA:454,0
DA:455,0
DA:459,0
DA:461,0
DA:462,0
DA:466,3
DA:469,3
DA:470,3
DA:472,3
DA:496,3
DA:499,3
DA:501,3
DA:505,3
DA:507,4
DA:508,3
DA:509,3
DA:513,4
DA:514,4
DA:518,4
DA:519,3
DA:521,3
DA:522,3
DA:526,3
DA:527,0
DA:530,3
DA:532,0
DA:538,3
DA:539,2
DA:540,2
DA:542,2
DA:545,2
DA:548,2
DA:549,2
DA:550,2
DA:552,0
DA:557,2
DA:559,0
DA:565,0
DA:568,0
DA:570,0
DA:572,0
DA:574,0
DA:577,0
DA:578,0
DA:581,0
DA:587,3
DA:588,1
DA:591,3
DA:592,1
DA:593,1
DA:594,1
DA:595,1
DA:597,0
DA:603,3
DA:605,3
DA:606,0
DA:610,3
DA:613,3
DA:614,3
DA:618,3
DA:619,3
DA:623,3
DA:624,1
DA:629,3
DA:630,3
DA:631,3
DA:632,0
DA:633,0
DA:634,0
DA:635,0
DA:637,0
DA:643,3
DA:646,3
DA:647,0
DA:649,3
DA:654,3
DA:657,3
DA:658,1
DA:663,0
DA:666,0
DA:667,0
DA:668,0
DA:670,0
DA:675,0
DA:678,0
DA:680,0
DA:682,0
DA:685,0
DA:686,0
DA:697,2
DA:700,2
DA:701,2
DA:703,2
DA:704,2
DA:705,2
DA:706,2
DA:708,1
DA:710,2
DA:713,2
DA:714,2
DA:715,2
DA:716,2
DA:718,1
DA:720,2
DA:723,2
DA:724,2
DA:725,2
DA:726,2
DA:728,0
DA:730,2
DA:734,2
DA:737,2
DA:739,2
DA:740,2
DA:741,2
DA:742,2
DA:745,0
DA:748,2
DA:749,2
DA:751,0
DA:752,0
DA:761,0
DA:763,0
DA:764,0
DA:767,0
DA:769,0
DA:771,0
DA:772,0
DA:773,0
DA:774,0
DA:776,0
DA:780,0
DA:781,0
DA:782,0
DA:783,0
DA:785,0
DA:789,0
DA:790,0
DA:791,0
DA:792,0
DA:794,0
DA:799,0
DA:802,0
DA:803,0
DA:805,0
DA:806,0
DA:807,0
DA:811,0
DA:812,0
DA:814,0
DA:819,0
DA:821,0
DA:822,0
DA:825,0
DA:829,0
DA:832,0
DA:835,0
DA:836,0
DA:839,0
DA:842,0
DA:844,0
DA:845,0
DA:847,0
DA:850,0
DA:851,0
DA:854,0
DA:857,0
DA:860,0
DA:861,0
DA:862,0
DA:863,0
DA:866,0
DA:867,0
DA:870,0
DA:872,0
DA:873,0
DA:876,0
DA:879,0
DA:881,0
DA:882,0
DA:884,0
DA:886,0
DA:889,0
DA:898,0
DA:902,0
DA:903,0
DA:905,0
DA:906,0
DA:910,4
LF:330
LH:161
BRDA:16,0,0,7
BRDA:16,0,1,7
BRDA:17,1,0,7
BRDA:17,1,1,7
BRDA:18,2,0,7
BRDA:18,2,1,7
BRDA:19,3,0,7
BRDA:19,3,1,7
BRDA:25,4,0,7
BRDA:25,4,1,0
BRDA:28,5,0,0
BRDA:28,5,1,0
BRDA:37,6,0,7
BRDA:37,6,1,0
BRDA:71,7,0,1
BRDA:71,7,1,12
BRDA:102,8,0,9
BRDA:102,8,1,1
BRDA:115,9,0,3
BRDA:115,9,1,8
BRDA:124,10,0,1
BRDA:124,10,1,6
BRDA:174,11,0,0
BRDA:174,11,1,0
BRDA:174,12,0,0
BRDA:174,12,1,0
BRDA:195,13,0,0
BRDA:195,13,1,0
BRDA:195,14,0,0
BRDA:195,14,1,0
BRDA:292,15,0,0
BRDA:292,15,1,0
BRDA:292,16,0,0
BRDA:292,16,1,0
BRDA:313,17,0,0
BRDA:313,17,1,0
BRDA:313,18,0,0
BRDA:313,18,1,0
BRDA:333,19,0,0
BRDA:333,19,1,7
BRDA:343,20,0,0
BRDA:343,20,1,0
BRDA:343,21,0,0
BRDA:343,21,1,0
BRDA:386,22,0,1
BRDA:386,22,1,1
BRDA:406,23,0,0
BRDA:406,23,1,3
BRDA:412,24,0,0
BRDA:412,24,1,0
BRDA:426,25,0,0
BRDA:426,25,1,3
BRDA:426,26,0,3
BRDA:426,26,1,3
BRDA:432,27,0,0
BRDA:432,27,1,0
BRDA:432,28,0,0
BRDA:432,28,1,0
BRDA:447,29,0,0
BRDA:447,29,1,3
BRDA:453,30,0,0
BRDA:453,30,1,0
BRDA:507,31,0,3
BRDA:507,31,1,1
BRDA:513,32,0,4
BRDA:513,32,1,0
BRDA:513,33,0,4
BRDA:513,33,1,4
BRDA:513,33,2,4
BRDA:518,34,0,3
BRDA:518,34,1,1
BRDA:521,35,0,3
BRDA:521,35,1,0
BRDA:526,36,0,0
BRDA:526,36,1,3
BRDA:526,37,0,3
BRDA:526,37,1,3
BRDA:526,37,2,3
BRDA:539,38,0,0
BRDA:539,38,1,2
BRDA:548,39,0,2
BRDA:548,39,1,0
BRDA:548,40,0,2
BRDA:548,40,1,2
BRDA:559,41,0,0
BRDA:559,41,1,0
BRDA:559,42,0,0
BRDA:559,42,1,0
BRDA:559,42,2,0
BRDA:559,42,3,0
BRDA:559,42,4,0
BRDA:559,42,5,0
BRDA:592,43,0,1
BRDA:592,43,1,0
BRDA:593,44,0,1
BRDA:593,44,1,0
BRDA:605,45,0,0
BRDA:605,45,1,3
BRDA:605,46,0,3
BRDA:605,46,1,3
BRDA:613,47,0,3
BRDA:613,47,1,0
BRDA:613,48,0,3
BRDA:613,48,1,3
BRDA:618,49,0,3
BRDA:618,49,1,0
BRDA:618,50,0,3
BRDA:618,50,1,3
BRDA:630,51,0,0
BRDA:630,51,1,3
BRDA:633,52,0,0
BRDA:633,52,1,0
BRDA:633,53,0,0
BRDA:633,53,1,0
BRDA:635,54,0,0
BRDA:635,54,1,0
BRDA:666,55,0,0
BRDA:666,55,1,0
BRDA:666,56,0,0
BRDA:666,56,1,0
BRDA:703,57,0,2
BRDA:703,57,1,0
BRDA:713,58,0,2
BRDA:713,58,1,0
BRDA:713,59,0,2
BRDA:713,59,1,2
BRDA:723,60,0,2
BRDA:723,60,1,0
BRDA:723,61,0,2
BRDA:723,61,1,2
BRDA:761,62,0,0
BRDA:761,62,1,0
BRDA:771,63,0,0
BRDA:771,63,1,0
BRDA:780,64,0,0
BRDA:780,64,1,0
BRDA:780,65,0,0
BRDA:780,65,1,0
BRDA:789,66,0,0
BRDA:789,66,1,0
BRDA:789,67,0,0
BRDA:789,67,1,0
BRDA:805,68,0,0
BRDA:805,68,1,0
BRDA:835,69,0,0
BRDA:835,69,1,0
BRDA:861,70,0,0
BRDA:861,70,1,0
BRDA:872,71,0,0
BRDA:872,71,1,0
BRF:150
BRH:62
end_of_record
TN:
SF:src/managers/analyticsEngine.js
FN:19,initAnalytics
FN:51,loadAnalytics
FN:70,saveAnalytics
FN:84,generateAnalytics
FN:104,(anonymous_4)
FN:121,(anonymous_5)
FN:123,(anonymous_6)
FN:149,identifyOutliers
FN:154,(anonymous_8)
FN:163,(anonymous_9)
FN:174,(anonymous_10)
FN:198,(anonymous_11)
FN:199,(anonymous_12)
FN:207,generateTrends
FN:217,(anonymous_14)
FN:223,(anonymous_15)
FN:240,(anonymous_16)
FN:258,(anonymous_17)
FN:277,getTopRated
FN:290,getBottomRated
FN:302,getOutliers
FN:309,(anonymous_21)
FN:310,(anonymous_22)
FN:322,getTrends
FNF:24
FNH:1
FNDA:2,initAnalytics
FNDA:0,loadAnalytics
FNDA:0,saveAnalytics
FNDA:0,generateAnalytics
FNDA:0,(anonymous_4)
FNDA:0,(anonymous_5)
FNDA:0,(anonymous_6)
FNDA:0,identifyOutliers
FNDA:0,(anonymous_8)
FNDA:0,(anonymous_9)
FNDA:0,(anonymous_10)
FNDA:0,(anonymous_11)
FNDA:0,(anonymous_12)
FNDA:0,generateTrends
FNDA:0,(anonymous_14)
FNDA:0,(anonymous_15)
FNDA:0,(anonymous_16)
FNDA:0,(anonymous_17)
FNDA:0,getTopRated
FNDA:0,getBottomRated
FNDA:0,getOutliers
FNDA:0,(anonymous_21)
FNDA:0,(anonymous_22)
FNDA:0,getTrends
DA:8,2
DA:9,2
DA:10,2
DA:11,2
DA:14,2
DA:20,2
DA:21,1
DA:42,1
DA:43,1
DA:52,0
DA:53,0
DA:54,0
DA:57,0
DA:58,0
DA:60,0
DA:61,0
DA:71,0
DA:72,0
DA:73,0
DA:75,0
DA:76,0
DA:85,0
DA:86,0
DA:88,0
DA:89,0
DA:90,0
DA:94,0
DA:97,0
DA:104,0
DA:106,0
DA:107,0
DA:108,0
DA:111,0
DA:112,0
DA:121,0
DA:123,0
DA:126,0
DA:129,0
DA:133,0
DA:136,0
DA:139,0
DA:141,0
DA:151,0
DA:152,0
DA:154,0
DA:155,0
DA:156,0
DA:159,0
DA:162,0
DA:163,0
DA:164,0
DA:165,0
DA:168,0
DA:171,0
DA:172,0
DA:174,0
DA:176,0
DA:177,0
DA:179,0
DA:180,0
DA:186,0
DA:187,0
DA:198,0
DA:199,0
DA:209,0
DA:210,0
DA:213,0
DA:214,0
DA:217,0
DA:218,0
DA:221,0
DA:223,0
DA:224,0
DA:225,0
DA:227,0
DA:228,0
DA:234,0
DA:235,0
DA:239,0
DA:240,0
DA:241,0
DA:245,0
DA:248,0
DA:249,0
DA:250,0
DA:251,0
DA:252,0
DA:255,0
DA:256,0
DA:258,0
DA:259,0
DA:260,0
DA:261,0
DA:265,0
DA:266,0
DA:278,0
DA:279,0
DA:281,0
DA:291,0
DA:292,0
DA:294,0
DA:303,0
DA:304,0
DA:307,0
DA:308,0
DA:309,0
DA:310,0
DA:314,0
DA:323,0
DA:324,0
DA:325,0
DA:328,0
DA:332,2
DA:334,2
LF:114
LH:11
BRDA:20,0,0,1
BRDA:20,0,1,1
BRDA:53,1,0,0
BRDA:53,1,1,0
BRDA:88,2,0,0
BRDA:88,2,1,0
BRDA:88,3,0,0
BRDA:88,3,1,0
BRDA:107,4,0,0
BRDA:107,4,1,0
BRDA:108,5,0,0
BRDA:108,5,1,0
BRDA:111,6,0,0
BRDA:111,6,1,0
BRDA:176,7,0,0
BRDA:176,7,1,0
BRDA:179,8,0,0
BRDA:179,8,1,0
BRDA:186,9,0,0
BRDA:186,9,1,0
BRDA:218,10,0,0
BRDA:218,10,1,0
BRDA:218,11,0,0
BRDA:218,11,1,0
BRDA:227,12,0,0
BRDA:227,12,1,0
BRDA:259,13,0,0
BRDA:259,13,1,0
BRDA:265,14,0,0
BRDA:265,14,1,0
BRDA:277,15,0,0
BRDA:277,16,0,0
BRDA:279,17,0,0
BRDA:279,17,1,0
BRDA:279,18,0,0
BRDA:279,18,1,0
BRDA:290,19,0,0
BRDA:290,20,0,0
BRDA:292,21,0,0
BRDA:292,21,1,0
BRDA:292,22,0,0
BRDA:292,22,1,0
BRDA:302,23,0,0
BRDA:304,24,0,0
BRDA:304,24,1,0
BRDA:304,25,0,0
BRDA:304,25,1,0
BRDA:307,26,0,0
BRDA:307,26,1,0
BRDA:322,27,0,0
BRDA:324,28,0,0
BRDA:324,28,1,0
BRDA:324,29,0,0
BRDA:324,29,1,0
BRDA:324,29,2,0
BRF:55
BRH:2
end_of_record
TN:
SF:src/managers/engagementMonitor.js
FN:36,getConfig
FN:47,processComment
FN:87,addNoteworthyComment
FN:92,(anonymous_3)
FN:107,removeExpiredComments
FN:111,(anonymous_5)
FN:123,calculateSignificance
FN:131,(anonymous_7)
FN:147,(anonymous_8)
FN:150,(anonymous_9)
FN:160,getNoteworthyComments
FN:170,markCommentReferenced
FN:182,shouldReferenceComment
FN:203,getCommentForSegway
FN:210,(anonymous_14)
FN:226,resetComments
FNF:16
FNH:0
FNDA:0,getConfig
FNDA:0,processComment
FNDA:0,addNoteworthyComment
FNDA:0,(anonymous_3)
FNDA:0,removeExpiredComments
FNDA:0,(anonymous_5)
FNDA:0,calculateSignificance
FNDA:0,(anonymous_7)
FNDA:0,(anonymous_8)
FNDA:0,(anonymous_9)
FNDA:0,getNoteworthyComments
FNDA:0,markCommentReferenced
FNDA:0,shouldReferenceComment
FNDA:0,getCommentForSegway
FNDA:0,(anonymous_14)
FNDA:0,resetComments
DA:8,9
DA:11,9
DA:14,9
DA:15,9
DA:16,9
DA:17,9
DA:18,9
DA:21,9
DA:37,0
DA:49,0
DA:50,0
DA:54,0
DA:55,0
DA:59,0
DA:62,0
DA:63,0
DA:64,0
DA:68,0
DA:78,0
DA:80,0
DA:89,0
DA:92,0
DA:95,0
DA:96,0
DA:97,0
DA:101,0
DA:108,0
DA:109,0
DA:111,0
DA:112,0
DA:113,0
DA:114,0
DA:124,0
DA:125,0
DA:128,0
DA:131,0
DA:132,0
DA:133,0
DA:138,0
DA:139,0
DA:140,0
DA:141,0
DA:146,0
DA:147,0
DA:150,0
DA:153,0
DA:161,0
DA:162,0
DA:171,0
DA:172,0
DA:173,0
DA:175,0
DA:184,0
DA:185,0
DA:189,0
DA:190,0
DA:191,0
DA:195,0
DA:196,0
DA:205,0
DA:206,0
DA:210,0
DA:212,0
DA:214,0
DA:215,0
DA:217,0
DA:220,0
DA:227,0
DA:230,9
LF:69
LH:9
BRDA:37,0,0,0
BRDA:37,0,1,0
BRDA:49,1,0,0
BRDA:49,1,1,0
BRDA:54,2,0,0
BRDA:54,2,1,0
BRDA:54,3,0,0
BRDA:54,3,1,0
BRDA:54,3,2,0
BRDA:63,4,0,0
BRDA:63,4,1,0
BRDA:71,5,0,0
BRDA:71,5,1,0
BRDA:72,6,0,0
BRDA:72,6,1,0
BRDA:96,7,0,0
BRDA:96,7,1,0
BRDA:132,8,0,0
BRDA:132,8,1,0
BRDA:138,9,0,0
BRDA:138,9,1,0
BRDA:171,10,0,0
BRDA:171,10,1,0
BRDA:171,11,0,0
BRDA:171,11,1,0
BRDA:184,12,0,0
BRDA:184,12,1,0
BRDA:190,13,0,0
BRDA:190,13,1,0
BRDA:205,14,0,0
BRDA:205,14,1,0
BRDA:212,15,0,0
BRDA:212,15,1,0
BRDA:215,16,0,0
BRDA:215,16,1,0
BRF:35
BRH:0
end_of_record
TN:
SF:src/managers/overlayManager.js
FN:33,renderTextWithEmojiImages
FN:135,updateOverlay
FN:163,(anonymous_2)
FN:228,renderRatingWithStar
FN:348,(anonymous_4)
FN:355,(anonymous_5)
FN:387,(anonymous_6)
FNF:7
FNH:0
FNDA:0,renderTextWithEmojiImages
FNDA:0,updateOverlay
FNDA:0,(anonymous_2)
FNDA:0,renderRatingWithStar
FNDA:0,(anonymous_4)
FNDA:0,(anonymous_5)
FNDA:0,(anonymous_6)
DA:7,9
DA:8,9
DA:9,9
DA:10,9
DA:11,9
DA:12,9
DA:13,9
DA:16,9
DA:17,9
DA:18,0
DA:21,0
DA:35,0
DA:38,0
DA:39,0
DA:43,0
DA:46,0
DA:49,0
DA:50,0
DA:51,0
DA:53,0
DA:54,0
DA:55,0
DA:57,0
DA:59,0
DA:60,0
DA:61,0
DA:63,0
DA:64,0
DA:65,0
DA:67,0
DA:68,0
DA:69,0
DA:71,0
DA:72,0
DA:75,0
DA:80,0
DA:81,0
DA:85,0
DA:86,0
DA:87,0
DA:89,0
DA:90,0
DA:92,0
DA:93,0
DA:94,0
DA:95,0
DA:96,0
DA:98,0
DA:100,0
DA:101,0
DA:102,0
DA:106,0
DA:107,0
DA:108,0
DA:112,0
DA:115,0
DA:116,0
DA:119,0
DA:124,0
DA:125,0
DA:136,0
DA:137,0
DA:140,0
DA:145,0
DA:146,0
DA:151,0
DA:152,0
DA:153,0
DA:155,0
DA:158,0
DA:160,0
DA:162,0
DA:163,0
DA:166,0
DA:167,0
DA:172,0
DA:173,0
DA:176,0
DA:178,0
DA:179,0
DA:180,0
DA:182,0
DA:185,0
DA:188,0
DA:194,0
DA:197,0
DA:198,0
DA:199,0
DA:202,0
DA:203,0
DA:205,0
DA:206,0
DA:207,0
DA:208,0
DA:211,0
DA:212,0
DA:213,0
DA:216,0
DA:217,0
DA:218,0
DA:229,0
DA:230,0
DA:233,0
DA:234,0
DA:236,0
DA:238,0
DA:241,0
DA:242,0
DA:245,0
DA:246,0
DA:247,0
DA:250,0
DA:251,0
DA:253,0
DA:257,0
DA:258,0
DA:260,0
DA:261,0
DA:265,0
DA:266,0
DA:268,0
DA:269,0
DA:270,0
DA:272,0
DA:274,0
DA:275,0
DA:276,0
DA:279,0
DA:280,0
DA:283,0
DA:286,0
DA:289,0
DA:290,0
DA:292,0
DA:293,0
DA:296,0
DA:300,0
DA:302,0
DA:303,0
DA:306,0
DA:307,0
DA:310,0
DA:314,0
DA:317,0
DA:320,0
DA:323,0
DA:324,0
DA:329,0
DA:330,0
DA:332,0
DA:333,0
DA:334,0
DA:338,0
DA:342,0
DA:348,0
DA:350,0
DA:351,0
DA:353,0
DA:355,0
DA:356,0
DA:358,0
DA:361,0
DA:367,0
DA:370,0
DA:373,0
DA:377,0
DA:380,0
DA:382,0
DA:383,0
DA:387,0
DA:388,0
DA:389,0
DA:394,0
LF:173
LH:9
BRDA:57,0,0,0
BRDA:57,0,1,0
BRDA:57,1,0,0
BRDA:57,1,1,0
BRDA:59,2,0,0
BRDA:59,2,1,0
BRDA:65,3,0,0
BRDA:65,3,1,0
BRDA:65,4,0,0
BRDA:65,4,1,0
BRDA:67,5,0,0
BRDA:67,5,1,0
BRDA:80,6,0,0
BRDA:80,6,1,0
BRDA:87,7,0,0
BRDA:87,7,1,0
BRDA:90,8,0,0
BRDA:90,8,1,0
BRDA:135,9,0,0
BRDA:136,10,0,0
BRDA:136,10,1,0
BRDA:137,11,0,0
BRDA:137,12,0,0
BRDA:137,13,0,0
BRDA:140,14,0,0
BRDA:140,14,1,0
BRDA:140,15,0,0
BRDA:140,15,1,0
BRDA:145,16,0,0
BRDA:145,16,1,0
BRDA:152,17,0,0
BRDA:152,17,1,0
BRDA:158,18,0,0
BRDA:158,18,1,0
BRDA:158,19,0,0
BRDA:158,19,1,0
BRDA:163,20,0,0
BRDA:163,20,1,0
BRDA:166,21,0,0
BRDA:166,21,1,0
BRDA:172,22,0,0
BRDA:172,22,1,0
BRDA:179,23,0,0
BRDA:179,23,1,0
BRDA:229,24,0,0
BRDA:229,24,1,0
BRDA:229,25,0,0
BRDA:229,25,1,0
BRDA:258,26,0,0
BRDA:258,26,1,0
BRDA:265,27,0,0
BRDA:265,27,1,0
BRDA:286,28,0,0
BRDA:286,28,1,0
BRDA:323,29,0,0
BRDA:323,29,1,0
BRDA:330,30,0,0
BRDA:330,30,1,0
BRDA:330,31,0,0
BRDA:330,31,1,0
BRDA:342,32,0,0
BRDA:342,32,1,0
BRF:62
BRH:0
end_of_record
TN:
SF:src/managers/playLogManager.js
FN:14,initializeCache
FN:22,(anonymous_1)
FN:70,appendPlayLog
FN:96,readPlays
FN:104,(anonymous_4)
FN:119,getPlayCount
FN:120,(anonymous_6)
FN:124,getHistory
FN:126,(anonymous_8)
FN:130,getLastPlays
FN:133,(anonymous_10)
FNF:11
FNH:8
FNDA:14,initializeCache
FNDA:14,(anonymous_1)
FNDA:2,appendPlayLog
FNDA:4,readPlays
FNDA:0,(anonymous_4)
FNDA:1,getPlayCount
FNDA:0,(anonymous_6)
FNDA:3,getHistory
FNDA:0,(anonymous_8)
FNDA:1,getLastPlays
FNDA:1,(anonymous_10)
DA:4,14
DA:5,14
DA:7,14
DA:8,14
DA:9,14
DA:15,14
DA:16,14
DA:17,1
DA:18,1
DA:19,1
DA:22,14
DA:27,14
DA:28,13
DA:29,13
DA:39,14
DA:41,0
DA:43,0
DA:58,14
DA:72,2
DA:78,2
DA:80,2
DA:85,2
DA:88,2
DA:89,2
DA:91,0
DA:97,4
DA:98,4
DA:99,0
DA:100,0
DA:101,0
DA:105,0
DA:106,0
DA:108,0
DA:113,0
DA:114,0
DA:120,1
DA:125,3
DA:126,3
DA:131,1
DA:133,1
DA:138,14
LF:41
LH:30
BRDA:16,0,0,1
BRDA:16,0,1,13
BRDA:18,1,0,1
BRDA:18,1,1,0
BRDA:27,2,0,13
BRDA:27,2,1,1
BRDA:73,3,0,2
BRDA:73,3,1,0
BRDA:74,4,0,2
BRDA:74,4,1,0
BRDA:75,5,0,2
BRDA:75,5,1,2
BRDA:89,6,0,0
BRDA:89,6,1,2
BRDA:98,7,0,4
BRDA:98,7,1,0
BRDA:100,8,0,0
BRDA:100,8,1,0
BRDA:120,9,0,0
BRDA:120,9,1,0
BRDA:124,10,0,2
BRDA:126,11,0,1
BRDA:126,11,1,2
BRDA:130,12,0,0
BRDA:133,13,0,1
BRDA:133,13,1,1
BRF:26
BRH:16
end_of_record
TN:
SF:src/managers/ratingsManager.js
FN:35,initLogFiles
FN:66,(anonymous_1)
FN:71,loadProcessedMessageIds
FN:82,saveProcessedMessageIds
FN:107,clearProcessedMessageIds
FN:124,openCommentWindow
FN:135,closeCommentWindow
FN:174,loadRatings
FN:220,saveRatings
FN:241,(anonymous_9)
FN:259,parseRatingFromComment
FN:298,(anonymous_11)
FN:316,processCommentForEngagement
FN:341,matchRatingToTrack
FN:394,setCurrentlyPlaying
FN:422,updateTrackRating
FN:434,(anonymous_16)
FN:449,(anonymous_17)
FN:466,(anonymous_18)
FN:498,getTicketsForTrack
FN:513,readChatLog
FN:527,appendToChatLog
FN:533,(anonymous_22)
FN:536,(anonymous_23)
FN:564,readFeedbackLog
FN:578,appendToFeedbackLog
FN:584,(anonymous_26)
FN:613,removeFromFeedbackLog
FN:619,(anonymous_28)
FN:620,(anonymous_29)
FN:645,pollForComments
FN:772,readRatingFromMetadata
FN:787,(anonymous_32)
FN:789,(anonymous_33)
FN:821,getRatingForTrack
FN:855,processFeedbackAndUpdateMetadata
FN:873,(anonymous_36)
FN:876,(anonymous_37)
FN:887,(anonymous_38)
FN:909,(anonymous_39)
FN:930,(anonymous_40)
FN:932,(anonymous_41)
FN:974,processRatingsAndUpdateMetadata
FN:977,(anonymous_43)
FN:998,clearProcessedRatings
FN:1034,getCurrentlyPlaying
FN:1043,flushAllBuffers
FNF:47
FNH:17
FNDA:7,initLogFiles
FNDA:0,(anonymous_1)
FNDA:7,loadProcessedMessageIds
FNDA:0,saveProcessedMessageIds
FNDA:2,clearProcessedMessageIds
FNDA:7,openCommentWindow
FNDA:2,closeCommentWindow
FNDA:5,loadRatings
FNDA:4,saveRatings
FNDA:0,(anonymous_9)
FNDA:2,parseRatingFromComment
FNDA:1,(anonymous_11)
FNDA:0,processCommentForEngagement
FNDA:0,matchRatingToTrack
FNDA:10,setCurrentlyPlaying
FNDA:2,updateTrackRating
FNDA:0,(anonymous_16)
FNDA:0,(anonymous_17)
FNDA:0,(anonymous_18)
FNDA:4,getTicketsForTrack
FNDA:1,readChatLog
FNDA:1,appendToChatLog
FNDA:0,(anonymous_22)
FNDA:1,(anonymous_23)
FNDA:0,readFeedbackLog
FNDA:0,appendToFeedbackLog
FNDA:0,(anonymous_26)
FNDA:0,removeFromFeedbackLog
FNDA:0,(anonymous_28)
FNDA:0,(anonymous_29)
FNDA:6,pollForComments
FNDA:0,readRatingFromMetadata
FNDA:0,(anonymous_32)
FNDA:0,(anonymous_33)
FNDA:1,getRatingForTrack
FNDA:0,processFeedbackAndUpdateMetadata
FNDA:0,(anonymous_36)
FNDA:0,(anonymous_37)
FNDA:0,(anonymous_38)
FNDA:0,(anonymous_39)
FNDA:0,(anonymous_40)
FNDA:0,(anonymous_41)
FNDA:0,processRatingsAndUpdateMetadata
FNDA:0,(anonymous_43)
FNDA:0,clearProcessedRatings
FNDA:0,getCurrentlyPlaying
FNDA:0,flushAllBuffers
DA:2,7
DA:3,7
DA:4,7
DA:5,7
DA:7,7
DA:8,7
DA:9,7
DA:10,7
DA:12,7
DA:15,7
DA:18,7
DA:21,7
DA:24,7
DA:27,7
DA:36,7
DA:37,7
DA:38,4
DA:42,7
DA:43,4
DA:44,0
DA:48,3
DA:49,0
DA:50,0
DA:54,3
DA:55,0
DA:56,0
DA:60,3
DA:61,3
DA:62,3
DA:66,7
DA:67,0
DA:71,7
DA:72,7
DA:73,7
DA:74,5
DA:77,0
DA:83,0
DA:86,0
DA:87,0
DA:88,0
DA:89,0
DA:93,0
DA:95,0
DA:96,0
DA:98,0
DA:99,0
DA:108,2
DA:109,2
DA:110,2
DA:112,1
DA:114,0
DA:115,0
DA:125,7
DA:126,7
DA:127,7
DA:128,7
DA:136,2
DA:141,2
DA:145,2
DA:147,1
DA:151,7
DA:165,7
DA:175,5
DA:177,5
DA:180,5
DA:181,5
DA:185,0
DA:186,0
DA:188,0
DA:191,0
DA:192,0
DA:193,0
DA:194,0
DA:197,0
DA:198,0
DA:199,0
DA:200,0
DA:201,0
DA:204,0
DA:207,0
DA:211,0
DA:221,4
DA:223,4
DA:225,0
DA:226,0
DA:228,0
DA:231,0
DA:233,0
DA:236,0
DA:237,0
DA:240,0
DA:241,0
DA:244,0
DA:245,0
DA:246,0
DA:248,0
DA:249,0
DA:261,2
DA:264,2
DA:269,2
DA:272,2
DA:273,2
DA:276,2
DA:277,0
DA:280,2
DA:281,2
DA:284,2
DA:289,36
DA:290,1
DA:298,1
DA:301,1
DA:302,0
DA:305,1
DA:309,1
DA:318,0
DA:321,0
DA:329,0
DA:333,7
DA:334,7
DA:343,0
DA:346,0
DA:347,0
DA:350,0
DA:352,0
DA:355,0
DA:356,0
DA:357,0
DA:364,0
DA:366,0
DA:367,0
DA:375,0
DA:376,0
DA:378,0
DA:379,0
DA:380,0
DA:387,0
DA:396,10
DA:397,7
DA:398,7
DA:401,10
DA:409,9
DA:423,2
DA:425,2
DA:426,2
DA:434,0
DA:435,0
DA:440,0
DA:441,0
DA:442,0
DA:446,0
DA:449,0
DA:450,0
DA:451,0
DA:452,0
DA:455,2
DA:458,0
DA:461,0
DA:462,0
DA:465,0
DA:466,0
DA:468,0
DA:471,0
DA:472,0
DA:474,0
DA:478,0
DA:480,0
DA:482,0
DA:486,0
DA:487,0
DA:489,0
DA:499,4
DA:500,1
DA:504,3
DA:505,3
DA:506,3
DA:514,1
DA:515,1
DA:517,0
DA:518,0
DA:528,1
DA:530,1
DA:533,1
DA:536,1
DA:538,1
DA:539,0
DA:544,1
DA:545,1
DA:546,0
DA:550,1
DA:552,0
DA:553,0
DA:555,0
DA:556,0
DA:565,0
DA:566,0
DA:568,0
DA:569,0
DA:579,0
DA:581,0
DA:584,0
DA:585,0
DA:591,0
DA:592,0
DA:593,0
DA:597,0
DA:599,0
DA:600,0
DA:602,0
DA:603,0
DA:614,0
DA:616,0
DA:619,0
DA:620,0
DA:623,0
DA:624,0
DA:625,0
DA:628,0
DA:631,0
DA:633,0
DA:634,0
DA:636,0
DA:637,0
DA:646,6
DA:647,6
DA:648,0
DA:649,0
DA:658,6
DA:662,1
DA:665,0
DA:666,0
DA:668,0
DA:670,0
DA:671,0
DA:672,0
DA:675,0
DA:676,0
DA:678,0
DA:681,0
DA:692,0
DA:696,0
DA:699,0
DA:700,0
DA:703,0
DA:704,0
DA:706,0
DA:709,0
DA:710,0
DA:713,0
DA:714,0
DA:718,0
DA:719,0
DA:726,0
DA:729,0
DA:732,0
DA:735,0
DA:736,0
DA:742,0
DA:746,0
DA:747,0
DA:748,0
DA:752,0
DA:753,0
DA:758,0
DA:760,0
DA:763,0
DA:773,0
DA:775,0
DA:776,0
DA:777,0
DA:781,0
DA:782,0
DA:783,0
DA:787,0
DA:788,0
DA:789,0
DA:791,0
DA:795,0
DA:796,0
DA:797,0
DA:798,0
DA:800,0
DA:801,0
DA:804,0
DA:811,0
DA:812,0
DA:823,1
DA:825,0
DA:827,0
DA:828,0
DA:832,0
DA:833,0
DA:834,0
DA:836,0
DA:837,0
DA:841,0
DA:845,1
DA:846,1
DA:856,0
DA:857,0
DA:858,0
DA:859,0
DA:863,0
DA:864,0
DA:865,0
DA:866,0
DA:870,0
DA:873,0
DA:874,0
DA:875,0
DA:876,0
DA:878,0
DA:882,0
DA:883,0
DA:884,0
DA:887,0
DA:888,0
DA:889,0
DA:894,0
DA:896,0
DA:897,0
DA:898,0
DA:899,0
DA:900,0
DA:903,0
DA:904,0
DA:905,0
DA:909,0
DA:917,0
DA:920,0
DA:921,0
DA:923,0
DA:927,0
DA:930,0
DA:931,0
DA:932,0
DA:935,0
DA:936,0
DA:938,0
DA:946,0
DA:947,0
DA:948,0
DA:949,0
DA:952,0
DA:954,0
DA:955,0
DA:956,0
DA:957,0
DA:959,0
DA:960,0
DA:963,0
DA:964,0
DA:975,0
DA:977,0
DA:986,0
DA:988,0
DA:989,0
DA:999,0
DA:1000,0
DA:1002,0
DA:1003,0
DA:1004,0
DA:1008,0
DA:1011,0
DA:1020,0
DA:1022,0
DA:1023,0
DA:1025,0
DA:1026,0
DA:1035,0
DA:1044,0
DA:1045,0
DA:1046,0
DA:1048,0
DA:1052,7
LF:374
LH:98
BRDA:37,0,0,4
BRDA:37,0,1,3
BRDA:42,1,0,4
BRDA:42,1,1,3
BRDA:48,2,0,0
BRDA:48,2,1,3
BRDA:54,3,0,0
BRDA:54,3,1,3
BRDA:87,4,0,0
BRDA:87,4,1,0
BRDA:125,5,0,7
BRDA:125,5,1,0
BRDA:180,6,0,5
BRDA:180,6,1,0
BRDA:180,7,0,5
BRDA:180,7,1,5
BRDA:180,7,2,5
BRDA:199,8,0,0
BRDA:199,8,1,0
BRDA:199,9,0,0
BRDA:199,9,1,0
BRDA:199,9,2,0
BRDA:225,10,0,0
BRDA:225,10,1,0
BRDA:261,11,0,0
BRDA:261,11,1,2
BRDA:264,12,0,2
BRDA:264,12,1,0
BRDA:264,12,2,0
BRDA:276,13,0,0
BRDA:276,13,1,2
BRDA:281,14,0,2
BRDA:281,14,1,0
BRDA:289,15,0,1
BRDA:289,15,1,35
BRDA:301,16,0,0
BRDA:301,16,1,1
BRDA:318,17,0,0
BRDA:318,17,1,0
BRDA:346,18,0,0
BRDA:346,18,1,0
BRDA:347,19,0,0
BRDA:347,19,1,0
BRDA:350,20,0,0
BRDA:350,20,1,0
BRDA:352,21,0,0
BRDA:352,21,1,0
BRDA:355,22,0,0
BRDA:355,22,1,0
BRDA:355,23,0,0
BRDA:355,23,1,0
BRDA:366,24,0,0
BRDA:366,24,1,0
BRDA:375,25,0,0
BRDA:375,25,1,0
BRDA:375,26,0,0
BRDA:375,26,1,0
BRDA:378,27,0,0
BRDA:378,27,1,0
BRDA:378,28,0,0
BRDA:378,28,1,0
BRDA:396,29,0,7
BRDA:396,29,1,3
BRDA:403,30,0,10
BRDA:403,30,1,9
BRDA:425,31,0,2
BRDA:425,31,1,0
BRDA:435,32,0,0
BRDA:435,32,1,0
BRDA:435,32,2,0
BRDA:440,33,0,0
BRDA:440,33,1,0
BRDA:461,34,0,0
BRDA:461,34,1,0
BRDA:462,35,0,0
BRDA:462,35,1,0
BRDA:468,36,0,0
BRDA:468,36,1,0
BRDA:468,37,0,0
BRDA:468,37,1,0
BRDA:468,37,2,0
BRDA:471,38,0,0
BRDA:471,38,1,0
BRDA:480,39,0,0
BRDA:480,39,1,0
BRDA:487,40,0,0
BRDA:487,40,1,0
BRDA:499,41,0,1
BRDA:499,41,1,3
BRDA:500,42,0,1
BRDA:500,42,1,0
BRDA:504,43,0,3
BRDA:504,43,1,0
BRDA:505,44,0,3
BRDA:505,44,1,0
BRDA:538,45,0,0
BRDA:538,45,1,1
BRDA:545,46,0,0
BRDA:545,46,1,1
BRDA:585,47,0,0
BRDA:585,47,1,0
BRDA:585,47,2,0
BRDA:585,47,3,0
BRDA:591,48,0,0
BRDA:591,48,1,0
BRDA:613,49,0,0
BRDA:646,50,0,0
BRDA:646,50,1,6
BRDA:647,51,0,0
BRDA:647,51,1,6
BRDA:671,52,0,0
BRDA:671,52,1,0
BRDA:671,53,0,0
BRDA:671,53,1,0
BRDA:676,54,0,0
BRDA:676,54,1,0
BRDA:681,55,0,0
BRDA:681,55,1,0
BRDA:681,55,2,0
BRDA:681,55,3,0
BRDA:681,55,4,0
BRDA:681,55,5,0
BRDA:692,56,0,0
BRDA:692,56,1,0
BRDA:692,56,2,0
BRDA:696,57,0,0
BRDA:696,57,1,0
BRDA:700,58,0,0
BRDA:700,58,1,0
BRDA:710,59,0,0
BRDA:710,59,1,0
BRDA:735,60,0,0
BRDA:735,60,1,0
BRDA:735,61,0,0
BRDA:735,61,1,0
BRDA:752,62,0,0
BRDA:752,62,1,0
BRDA:758,63,0,0
BRDA:758,63,1,0
BRDA:776,64,0,0
BRDA:776,64,1,0
BRDA:776,65,0,0
BRDA:776,65,1,0
BRDA:782,66,0,0
BRDA:782,66,1,0
BRDA:782,67,0,0
BRDA:782,67,1,0
BRDA:791,68,0,0
BRDA:791,68,1,0
BRDA:800,69,0,0
BRDA:800,69,1,0
BRDA:800,70,0,0
BRDA:800,70,1,0
BRDA:807,71,0,0
BRDA:807,71,1,0
BRDA:808,72,0,0
BRDA:808,72,1,0
BRDA:823,73,0,0
BRDA:823,73,1,1
BRDA:827,74,0,0
BRDA:827,74,1,0
BRDA:832,75,0,0
BRDA:832,75,1,0
BRDA:836,76,0,0
BRDA:836,76,1,0
BRDA:846,77,0,1
BRDA:846,77,1,1
BRDA:857,78,0,0
BRDA:857,78,1,0
BRDA:857,79,0,0
BRDA:857,79,1,0
BRDA:864,80,0,0
BRDA:864,80,1,0
BRDA:864,81,0,0
BRDA:864,81,1,0
BRDA:870,82,0,0
BRDA:870,82,1,0
BRDA:874,83,0,0
BRDA:874,83,1,0
BRDA:878,84,0,0
BRDA:878,84,1,0
BRDA:882,85,0,0
BRDA:882,85,1,0
BRDA:883,86,0,0
BRDA:883,86,1,0
BRDA:884,87,0,0
BRDA:884,87,1,0
BRDA:894,88,0,0
BRDA:894,88,1,0
BRDA:894,89,0,0
BRDA:894,89,1,0
BRDA:921,90,0,0
BRDA:921,90,1,0
BRDA:921,91,0,0
BRDA:921,91,1,0
BRDA:927,92,0,0
BRDA:927,92,1,0
BRDA:935,93,0,0
BRDA:935,93,1,0
BRDA:954,94,0,0
BRDA:954,94,1,0
BRDA:1002,95,0,0
BRDA:1002,95,1,0
BRF:203
BRH:35
end_of_record
TN:
SF:src/managers/segueManager.js
FN:31,getConfig
FN:67,(anonymous_1)
FN:78,(anonymous_2)
FN:83,getStationConfig
FN:89,getReadyDir
FN:105,(anonymous_5)
FN:116,getTrackContext
FN:130,(anonymous_7)
FN:131,(anonymous_8)
FN:162,shouldGenerateSegue
FN:198,generateSegue
FN:233,(anonymous_11)
FN:235,(anonymous_12)
FN:261,(anonymous_13)
FN:263,(anonymous_14)
FN:430,(anonymous_15)
FN:431,(anonymous_16)
FN:495,prepareSegue
FN:557,removeOldSegues
FN:575,(anonymous_19)
FN:575,(anonymous_20)
FN:576,(anonymous_21)
FN:594,(anonymous_22)
FN:602,(anonymous_23)
FN:605,(anonymous_24)
FN:653,(anonymous_25)
FN:657,(anonymous_26)
FN:661,(anonymous_27)
FN:662,(anonymous_28)
FN:678,clearSegueCache
FNF:30
FNH:4
FNDA:3,getConfig
FNDA:0,(anonymous_1)
FNDA:0,(anonymous_2)
FNDA:0,getStationConfig
FNDA:3,getReadyDir
FNDA:3,(anonymous_5)
FNDA:0,getTrackContext
FNDA:0,(anonymous_7)
FNDA:0,(anonymous_8)
FNDA:0,shouldGenerateSegue
FNDA:0,generateSegue
FNDA:0,(anonymous_11)
FNDA:0,(anonymous_12)
FNDA:0,(anonymous_13)
FNDA:0,(anonymous_14)
FNDA:0,(anonymous_15)
FNDA:0,(anonymous_16)
FNDA:0,prepareSegue
FNDA:3,removeOldSegues
FNDA:0,(anonymous_19)
FNDA:0,(anonymous_20)
FNDA:0,(anonymous_21)
FNDA:0,(anonymous_22)
FNDA:0,(anonymous_23)
FNDA:0,(anonymous_24)
FNDA:0,(anonymous_25)
FNDA:0,(anonymous_26)
FNDA:0,(anonymous_27)
FNDA:0,(anonymous_28)
FNDA:0,clearSegueCache
DA:5,1
DA:6,1
DA:7,1
DA:8,1
DA:9,1
DA:12,1
DA:13,1
DA:16,1
DA:17,1
DA:20,1
DA:23,1
DA:24,1
DA:25,0
DA:28,0
DA:32,3
DA:33,1
DA:34,1
DA:36,1
DA:38,1
DA:39,1
DA:45,0
DA:48,0
DA:51,0
DA:67,0
DA:73,3
DA:78,0
DA:84,0
DA:85,0
DA:90,3
DA:91,3
DA:94,1
DA:101,1
DA:102,1
DA:105,1
DA:106,3
DA:107,3
DA:110,1
DA:117,0
DA:119,0
DA:120,0
DA:121,0
DA:126,0
DA:129,0
DA:130,0
DA:131,0
DA:137,0
DA:140,0
DA:142,0
DA:143,0
DA:151,0
DA:152,0
DA:154,0
DA:155,0
DA:163,0
DA:166,0
DA:167,0
DA:170,0
DA:171,0
DA:172,0
DA:175,0
DA:177,0
DA:181,0
DA:183,0
DA:186,0
DA:187,0
DA:191,0
DA:199,0
DA:201,0
DA:206,0
DA:207,0
DA:208,0
DA:209,0
DA:212,0
DA:214,0
DA:217,0
DA:220,0
DA:221,0
DA:223,0
DA:224,0
DA:227,0
DA:230,0
DA:231,0
DA:232,0
DA:233,0
DA:236,0
DA:245,0
DA:246,0
DA:247,0
DA:248,0
DA:249,0
DA:253,0
DA:258,0
DA:259,0
DA:260,0
DA:261,0
DA:264,0
DA:273,0
DA:274,0
DA:275,0
DA:276,0
DA:277,0
DA:280,0
DA:281,0
DA:286,0
DA:291,0
DA:292,0
DA:294,0
DA:295,0
DA:296,0
DA:297,0
DA:298,0
DA:302,0
DA:303,0
DA:304,0
DA:305,0
DA:308,0
DA:309,0
DA:316,0
DA:317,0
DA:321,0
DA:322,0
DA:329,0
DA:333,0
DA:334,0
DA:341,0
DA:345,0
DA:346,0
DA:350,0
DA:351,0
DA:358,0
DA:362,0
DA:364,0
DA:365,0
DA:366,0
DA:369,0
DA:370,0
DA:371,0
DA:372,0
DA:376,0
DA:377,0
DA:378,0
DA:380,0
DA:381,0
DA:383,0
DA:384,0
DA:386,0
DA:387,0
DA:390,0
DA:393,0
DA:395,0
DA:396,0
DA:397,0
DA:399,0
DA:411,0
DA:413,0
DA:419,0
DA:430,0
DA:431,0
DA:435,0
DA:437,0
DA:440,0
DA:441,0
DA:442,0
DA:443,0
DA:445,0
DA:446,0
DA:449,0
DA:452,0
DA:454,0
DA:457,0
DA:465,0
DA:468,0
DA:469,0
DA:470,0
DA:473,0
DA:476,0
DA:481,0
DA:484,0
DA:486,0
DA:487,0
DA:496,0
DA:505,0
DA:506,0
DA:507,0
DA:511,0
DA:512,0
DA:515,0
DA:516,0
DA:517,0
DA:519,0
DA:523,0
DA:541,0
DA:544,0
DA:546,0
DA:547,0
DA:548,0
DA:558,3
DA:560,3
DA:561,0
DA:562,0
DA:565,3
DA:568,3
DA:569,1
DA:570,1
DA:574,2
DA:575,0
DA:577,0
DA:578,0
DA:581,0
DA:584,0
DA:587,0
DA:588,0
DA:592,0
DA:594,0
DA:595,0
DA:596,0
DA:601,0
DA:602,0
DA:603,0
DA:604,0
DA:605,0
DA:606,0
DA:607,0
DA:608,0
DA:610,0
DA:611,0
DA:620,0
DA:621,0
DA:622,0
DA:624,0
DA:627,0
DA:628,0
DA:631,0
DA:632,0
DA:636,0
DA:637,0
DA:638,0
DA:641,0
DA:642,0
DA:647,0
DA:648,0
DA:649,0
DA:652,0
DA:653,0
DA:657,0
DA:660,0
DA:661,0
DA:663,0
DA:667,0
DA:668,0
DA:671,2
DA:679,0
DA:680,0
DA:681,0
DA:682,0
DA:685,0
DA:689,1
LF:257
LH:37
BRDA:24,0,0,0
BRDA:24,0,1,1
BRDA:32,1,0,1
BRDA:32,1,1,2
BRDA:32,2,0,3
BRDA:32,2,1,1
BRDA:38,3,0,1
BRDA:38,3,1,0
BRDA:38,4,0,1
BRDA:38,4,1,1
BRDA:73,5,0,3
BRDA:73,5,1,0
BRDA:119,6,0,0
BRDA:119,6,1,0
BRDA:137,7,0,0
BRDA:137,7,1,0
BRDA:140,8,0,0
BRDA:140,8,1,0
BRDA:142,9,0,0
BRDA:142,9,1,0
BRDA:142,10,0,0
BRDA:142,10,1,0
BRDA:151,11,0,0
BRDA:151,11,1,0
BRDA:151,12,0,0
BRDA:151,12,1,0
BRDA:166,13,0,0
BRDA:166,13,1,0
BRDA:171,14,0,0
BRDA:171,14,1,0
BRDA:175,15,0,0
BRDA:175,15,1,0
BRDA:181,16,0,0
BRDA:181,16,1,0
BRDA:198,17,0,0
BRDA:198,18,0,0
BRDA:206,19,0,0
BRDA:206,19,1,0
BRDA:206,20,0,0
BRDA:206,20,1,0
BRDA:207,21,0,0
BRDA:207,21,1,0
BRDA:208,22,0,0
BRDA:208,22,1,0
BRDA:208,23,0,0
BRDA:208,23,1,0
BRDA:209,24,0,0
BRDA:209,24,1,0
BRDA:212,25,0,0
BRDA:212,25,1,0
BRDA:220,26,0,0
BRDA:220,26,1,0
BRDA:223,27,0,0
BRDA:223,27,1,0
BRDA:227,28,0,0
BRDA:227,28,1,0
BRDA:231,29,0,0
BRDA:231,29,1,0
BRDA:237,30,0,0
BRDA:237,30,1,0
BRDA:237,31,0,0
BRDA:237,31,1,0
BRDA:238,32,0,0
BRDA:238,32,1,0
BRDA:239,33,0,0
BRDA:239,33,1,0
BRDA:245,34,0,0
BRDA:245,34,1,0
BRDA:245,35,0,0
BRDA:245,35,1,0
BRDA:245,35,2,0
BRDA:247,36,0,0
BRDA:247,36,1,0
BRDA:249,37,0,0
BRDA:249,37,1,0
BRDA:259,38,0,0
BRDA:259,38,1,0
BRDA:265,39,0,0
BRDA:265,39,1,0
BRDA:265,40,0,0
BRDA:265,40,1,0
BRDA:266,41,0,0
BRDA:266,41,1,0
BRDA:267,42,0,0
BRDA:267,42,1,0
BRDA:273,43,0,0
BRDA:273,43,1,0
BRDA:273,44,0,0
BRDA:273,44,1,0
BRDA:273,44,2,0
BRDA:275,45,0,0
BRDA:275,45,1,0
BRDA:277,46,0,0
BRDA:277,46,1,0
BRDA:280,47,0,0
BRDA:280,47,1,0
BRDA:280,48,0,0
BRDA:280,48,1,0
BRDA:294,49,0,0
BRDA:294,49,1,0
BRDA:295,50,0,0
BRDA:295,50,1,0
BRDA:295,51,0,0
BRDA:295,51,1,0
BRDA:297,52,0,0
BRDA:297,52,1,0
BRDA:298,53,0,0
BRDA:298,53,1,0
BRDA:302,54,0,0
BRDA:302,54,1,0
BRDA:302,55,0,0
BRDA:302,55,1,0
BRDA:304,56,0,0
BRDA:304,56,1,0
BRDA:305,57,0,0
BRDA:305,57,1,0
BRDA:308,58,0,0
BRDA:308,58,1,0
BRDA:308,59,0,0
BRDA:308,59,1,0
BRDA:316,60,0,0
BRDA:316,60,1,0
BRDA:316,61,0,0
BRDA:316,61,1,0
BRDA:317,62,0,0
BRDA:317,62,1,0
BRDA:321,63,0,0
BRDA:321,63,1,0
BRDA:333,64,0,0
BRDA:333,64,1,0
BRDA:335,65,0,0
BRDA:335,65,1,0
BRDA:345,66,0,0
BRDA:345,66,1,0
BRDA:345,67,0,0
BRDA:345,67,1,0
BRDA:346,68,0,0
BRDA:346,68,1,0
BRDA:346,69,0,0
BRDA:346,69,1,0
BRDA:350,70,0,0
BRDA:350,70,1,0
BRDA:350,71,0,0
BRDA:350,71,1,0
BRDA:355,72,0,0
BRDA:355,72,1,0
BRDA:362,73,0,0
BRDA:362,73,1,0
BRDA:362,74,0,0
BRDA:362,74,1,0
BRDA:364,75,0,0
BRDA:364,75,1,0
BRDA:364,76,0,0
BRDA:364,76,1,0
BRDA:364,77,0,0
BRDA:364,77,1,0
BRDA:369,78,0,0
BRDA:369,78,1,0
BRDA:377,79,0,0
BRDA:377,79,1,0
BRDA:381,80,0,0
BRDA:381,80,1,0
BRDA:393,81,0,0
BRDA:393,81,1,0
BRDA:393,82,0,0
BRDA:393,82,1,0
BRDA:393,83,0,0
BRDA:393,83,1,0
BRDA:393,84,0,0
BRDA:393,84,1,0
BRDA:395,85,0,0
BRDA:395,85,1,0
BRDA:396,86,0,0
BRDA:396,86,1,0
BRDA:396,87,0,0
BRDA:396,87,1,0
BRDA:402,88,0,0
BRDA:402,88,1,0
BRDA:403,89,0,0
BRDA:403,89,1,0
BRDA:443,90,0,0
BRDA:443,90,1,0
BRDA:458,91,0,0
BRDA:458,91,1,0
BRDA:458,92,0,0
BRDA:458,92,1,0
BRDA:460,93,0,0
BRDA:460,93,1,0
BRDA:461,94,0,0
BRDA:461,94,1,0
BRDA:461,95,0,0
BRDA:461,95,1,0
BRDA:481,96,0,0
BRDA:481,96,1,0
BRDA:487,97,0,0
BRDA:487,97,1,0
BRDA:487,98,0,0
BRDA:487,98,1,0
BRDA:495,99,0,0
BRDA:505,100,0,0
BRDA:505,100,1,0
BRDA:511,101,0,0
BRDA:511,101,1,0
BRDA:516,102,0,0
BRDA:516,102,1,0
BRDA:524,103,0,0
BRDA:524,103,1,0
BRDA:524,104,0,0
BRDA:524,104,1,0
BRDA:525,105,0,0
BRDA:525,105,1,0
BRDA:557,106,0,0
BRDA:557,107,0,0
BRDA:560,108,0,0
BRDA:560,108,1,3
BRDA:568,109,0,1
BRDA:568,109,1,2
BRDA:575,110,0,0
BRDA:575,110,1,0
BRDA:581,111,0,0
BRDA:581,111,1,0
BRDA:587,112,0,0
BRDA:587,112,1,0
BRDA:592,113,0,0
BRDA:592,113,1,0
BRDA:595,114,0,0
BRDA:595,114,1,0
BRDA:595,115,0,0
BRDA:595,115,1,0
BRDA:603,116,0,0
BRDA:603,116,1,0
BRDA:603,117,0,0
BRDA:603,117,1,0
BRDA:607,118,0,0
BRDA:607,118,1,0
BRDA:610,119,0,0
BRDA:610,119,1,0
BRDA:631,120,0,0
BRDA:631,120,1,0
BRDA:637,121,0,0
BRDA:637,121,1,0
BRDA:641,122,0,0
BRDA:641,122,1,0
BRDA:667,123,0,0
BRDA:667,123,1,0
BRDA:680,124,0,0
BRDA:680,124,1,0
BRF:247
BRH:12
end_of_record
TN:
SF:src/managers/trackManager.js
FN:19,readyPath
FN:27,distanceFromRecent
FN:28,(anonymous_2)
FN:35,pickNextTrack
FN:42,(anonymous_4)
FN:43,(anonymous_5)
FN:47,(anonymous_6)
FN:57,(anonymous_7)
FN:58,(anonymous_8)
FN:78,(anonymous_9)
FN:79,(anonymous_10)
FN:89,(anonymous_11)
FN:121,cleanupSegues
FN:156,performWeightedSelection
FNF:14
FNH:10
FNDA:26,readyPath
FNDA:0,distanceFromRecent
FNDA:0,(anonymous_2)
FNDA:8,pickNextTrack
FNDA:24,(anonymous_4)
FNDA:18,(anonymous_5)
FNDA:18,(anonymous_6)
FNDA:18,(anonymous_7)
FNDA:36,(anonymous_8)
FNDA:0,(anonymous_9)
FNDA:0,(anonymous_10)
FNDA:18,(anonymous_11)
FNDA:3,cleanupSegues
FNDA:7,performWeightedSelection
DA:4,3
DA:5,3
DA:6,3
DA:7,3
DA:8,3
DA:9,3
DA:10,3
DA:20,26
DA:28,0
DA:29,0
DA:36,8
DA:38,8
DA:41,7
DA:42,24
DA:43,18
DA:44,7
DA:47,6
DA:48,18
DA:49,18
DA:53,6
DA:54,6
DA:57,6
DA:58,36
DA:62,6
DA:63,6
DA:64,6
DA:65,0
DA:67,0
DA:68,0
DA:71,6
DA:76,6
DA:78,0
DA:79,0
DA:81,0
DA:82,0
DA:85,0
DA:89,18
DA:91,6
DA:93,1
DA:96,6
DA:99,6
DA:100,0
DA:101,0
DA:105,6
DA:106,6
DA:107,0
DA:108,0
DA:111,6
DA:112,6
DA:114,6
DA:123,3
DA:127,3
DA:129,3
DA:130,3
DA:131,3
DA:132,0
DA:133,0
DA:134,0
DA:135,0
DA:138,3
DA:139,3
DA:145,3
DA:147,0
DA:158,7
DA:159,0
DA:160,0
DA:169,7
DA:170,7
DA:172,11
DA:176,11
DA:180,11
DA:183,11
DA:188,11
DA:191,3
DA:196,3
DA:199,3
DA:208,11
DA:217,7
DA:218,0
DA:222,7
DA:223,7
DA:224,11
DA:225,34
DA:230,7
DA:231,0
DA:232,0
DA:236,7
DA:240,3
LF:88
LH:64
BRDA:19,0,0,18
BRDA:29,1,0,0
BRDA:29,1,1,0
BRDA:38,2,0,1
BRDA:38,2,1,7
BRDA:44,3,0,1
BRDA:44,3,1,6
BRDA:53,4,0,6
BRDA:53,4,1,0
BRDA:67,5,0,0
BRDA:67,5,1,0
BRDA:67,6,0,0
BRDA:67,6,1,0
BRDA:76,7,0,0
BRDA:76,7,1,6
BRDA:81,8,0,0
BRDA:81,8,1,0
BRDA:91,9,0,1
BRDA:91,9,1,5
BRDA:99,10,0,0
BRDA:99,10,1,6
BRDA:99,11,0,6
BRDA:99,11,1,6
BRDA:106,12,0,0
BRDA:106,12,1,6
BRDA:121,13,0,3
BRDA:129,14,0,3
BRDA:129,14,1,0
BRDA:133,15,0,0
BRDA:133,15,1,0
BRDA:133,16,0,0
BRDA:133,16,1,0
BRDA:145,17,0,3
BRDA:145,17,1,0
BRDA:158,18,0,0
BRDA:158,18,1,7
BRDA:158,19,0,7
BRDA:158,19,1,7
BRDA:172,20,0,11
BRDA:172,20,1,7
BRDA:180,21,0,11
BRDA:180,21,1,8
BRDA:183,22,0,11
BRDA:183,22,1,11
BRDA:188,23,0,3
BRDA:188,23,1,8
BRDA:188,24,0,11
BRDA:188,24,1,3
BRDA:217,25,0,0
BRDA:217,25,1,7
BRDA:217,26,0,7
BRDA:217,26,1,7
BRDA:230,27,0,0
BRDA:230,27,1,7
BRDA:232,28,0,0
BRDA:232,28,1,0
BRF:56
BRH:33
end_of_record
TN:
SF:src/managers/voiceManager.js
FN:19,matchesFilter
FN:20,(anonymous_1)
FN:30,init
FN:53,(anonymous_3)
FN:64,(anonymous_4)
FN:65,(anonymous_5)
FN:77,saveMapping
FN:85,assignVoiceToName
FNF:8
FNH:8
FNDA:15,matchesFilter
FNDA:15,(anonymous_1)
FNDA:11,init
FNDA:36,(anonymous_3)
FNDA:31,(anonymous_4)
FNDA:15,(anonymous_5)
FNDA:5,saveMapping
FNDA:11,assignVoiceToName
DA:5,14
DA:6,14
DA:7,14
DA:8,14
DA:9,14
DA:10,14
DA:11,14
DA:14,14
DA:15,14
DA:16,14
DA:20,15
DA:22,15
DA:26,15
DA:31,11
DA:32,11
DA:35,11
DA:36,0
DA:37,0
DA:39,0
DA:44,11
DA:45,11
DA:49,11
DA:50,10
DA:51,36
DA:53,36
DA:55,31
DA:56,31
DA:57,31
DA:62,10
DA:63,30
DA:64,31
DA:65,15
DA:69,10
DA:70,0
DA:71,0
DA:72,0
DA:78,5
DA:86,11
DA:88,10
DA:89,0
DA:93,10
DA:97,10
DA:99,5
DA:100,5
DA:101,5
DA:104,5
DA:105,15
DA:106,15
DA:109,5
DA:110,5
DA:111,5
DA:114,14
LF:52
LH:45
BRDA:31,0,0,0
BRDA:31,0,1,11
BRDA:35,1,0,0
BRDA:35,1,1,11
BRDA:44,2,0,11
BRDA:44,2,1,1
BRDA:45,3,0,11
BRDA:45,3,1,1
BRDA:51,4,0,0
BRDA:51,4,1,36
BRDA:53,5,0,5
BRDA:53,5,1,31
BRDA:56,6,0,31
BRDA:56,6,1,0
BRDA:65,7,0,15
BRDA:65,7,1,15
BRDA:72,8,0,0
BRDA:72,8,1,0
BRDA:85,9,0,0
BRDA:88,10,0,0
BRDA:88,10,1,10
BRDA:93,11,0,5
BRDA:93,11,1,5
BRDA:97,12,0,5
BRDA:97,12,1,5
BRDA:106,13,0,5
BRDA:106,13,1,10
BRF:27
BRH:19
end_of_record
TN:
SF:src/processors/audioSynthesizer.js
FN:16,synthesizeSpeechWithVoice
FN:114,generateUniqueFilePath
FN:128,cleanup
FN:140,stitchAudio
FN:147,(anonymous_4)
FN:174,(anonymous_5)
FN:206,(anonymous_6)
FNF:7
FNH:0
FNDA:0,synthesizeSpeechWithVoice
FNDA:0,generateUniqueFilePath
FNDA:0,cleanup
FNDA:0,stitchAudio
FNDA:0,(anonymous_4)
FNDA:0,(anonymous_5)
FNDA:0,(anonymous_6)
DA:6,3
DA:7,3
DA:8,3
DA:9,3
DA:10,3
DA:13,3
DA:17,0
DA:20,0
DA:21,0
DA:22,0
DA:26,0
DA:27,0
DA:28,0
DA:29,0
DA:30,0
DA:31,0
DA:35,0
DA:37,0
DA:38,0
DA:44,0
DA:45,0
DA:47,0
DA:49,0
DA:50,0
DA:115,0
DA:116,0
DA:117,0
DA:118,0
DA:119,0
DA:121,0
DA:122,0
DA:124,0
DA:129,0
DA:130,0
DA:141,0
DA:142,0
DA:143,0
DA:147,0
DA:148,0
DA:149,0
DA:150,0
DA:152,0
DA:153,0
DA:154,0
DA:155,0
DA:158,0
DA:161,0
DA:162,0
DA:166,0
DA:167,0
DA:168,0
DA:169,0
DA:172,0
DA:173,0
DA:174,0
DA:175,0
DA:176,0
DA:178,0
DA:180,0
DA:182,0
DA:184,0
DA:185,0
DA:189,0
DA:190,0
DA:192,0
DA:193,0
DA:196,0
DA:197,0
DA:199,0
DA:200,0
DA:203,0
DA:205,0
DA:206,0
DA:207,0
DA:211,0
DA:212,0
DA:215,0
DA:218,0
DA:219,0
DA:222,0
DA:223,0
DA:225,0
DA:226,0
DA:229,0
DA:230,0
DA:232,0
DA:235,3
LF:87
LH:7
BRDA:20,0,0,0
BRDA:20,0,1,0
BRDA:20,1,0,0
BRDA:20,1,1,0
BRDA:27,2,0,0
BRDA:27,2,1,0
BRDA:27,3,0,0
BRDA:27,3,1,0
BRDA:29,4,0,0
BRDA:29,4,1,0
BRDA:115,5,0,0
BRDA:115,5,1,0
BRDA:129,6,0,0
BRDA:129,6,1,0
BRDA:142,7,0,0
BRDA:142,7,1,0
BRDA:148,8,0,0
BRDA:148,8,1,0
BRDA:153,9,0,0
BRDA:153,9,1,0
BRDA:161,10,0,0
BRDA:161,10,1,0
BRDA:166,11,0,0
BRDA:166,11,1,0
BRDA:180,12,0,0
BRDA:180,12,1,0
BRF:26
BRH:0
end_of_record
TN:
SF:src/processors/podcastGenerator.js
FN:25,run
FN:141,(anonymous_1)
FN:153,(anonymous_2)
FN:160,(anonymous_3)
FNF:4
FNH:0
FNDA:0,run
FNDA:0,(anonymous_1)
FNDA:0,(anonymous_2)
FNDA:0,(anonymous_3)
DA:6,2
DA:7,2
DA:8,2
DA:14,2
DA:18,2
DA:23,2
DA:35,0
DA:37,0
DA:38,0
DA:39,0
DA:41,0
DA:42,0
DA:45,0
DA:47,0
DA:48,0
DA:49,0
DA:50,0
DA:55,0
DA:56,0
DA:57,0
DA:58,0
DA:59,0
DA:60,0
DA:61,0
DA:66,0
DA:67,0
DA:70,0
DA:71,0
DA:74,0
DA:76,0
DA:78,0
DA:79,0
DA:80,0
DA:83,0
DA:84,0
DA:85,0
DA:88,0
DA:89,0
DA:90,0
DA:93,0
DA:94,0
DA:95,0
DA:96,0
DA:97,0
DA:99,0
DA:100,0
DA:103,0
DA:104,0
DA:105,0
DA:106,0
DA:109,0
DA:110,0
DA:111,0
DA:112,0
DA:114,0
DA:117,0
DA:122,0
DA:123,0
DA:127,0
DA:128,0
DA:129,0
DA:131,0
DA:134,0
DA:135,0
DA:139,2
DA:140,0
DA:141,0
DA:142,0
DA:143,0
DA:144,0
DA:145,0
DA:146,0
DA:147,0
DA:149,0
DA:152,0
DA:154,0
DA:155,0
DA:156,0
DA:157,0
DA:161,0
DA:162,0
DA:166,2
LF:82
LH:8
BRDA:29,0,0,0
BRDA:30,1,0,0
BRDA:31,2,0,0
BRDA:34,3,0,0
BRDA:45,4,0,0
BRDA:45,4,1,0
BRDA:45,5,0,0
BRDA:45,5,1,0
BRDA:48,6,0,0
BRDA:48,6,1,0
BRDA:55,7,0,0
BRDA:55,7,1,0
BRDA:57,8,0,0
BRDA:57,8,1,0
BRDA:59,9,0,0
BRDA:59,9,1,0
BRDA:59,10,0,0
BRDA:59,10,1,0
BRDA:66,11,0,0
BRDA:66,11,1,0
BRDA:67,12,0,0
BRDA:67,12,1,0
BRDA:90,13,0,0
BRDA:90,13,1,0
BRDA:96,14,0,0
BRDA:96,14,1,0
BRDA:105,15,0,0
BRDA:105,15,1,0
BRDA:111,16,0,0
BRDA:111,16,1,0
BRDA:111,17,0,0
BRDA:111,17,1,0
BRDA:122,18,0,0
BRDA:122,18,1,0
BRDA:139,19,0,0
BRDA:139,19,1,2
BRDA:142,20,0,0
BRDA:142,20,1,0
BRDA:145,21,0,0
BRDA:145,21,1,0
BRDA:146,22,0,0
BRDA:146,22,1,0
BRDA:154,23,0,0
BRDA:154,23,1,0
BRDA:154,24,0,0
BRDA:154,24,1,0
BRF:46
BRH:1
end_of_record
TN:
SF:src/processors/podcastParser.js
FN:16,preprocessScriptParts
FN:17,(anonymous_1)
FN:39,extractParticipantInfo
FN:186,parseParticipantsManually
FN:195,(anonymous_4)
FN:247,(anonymous_5)
FN:320,parseScript
FN:321,(anonymous_7)
FN:331,(anonymous_8)
FN:337,(anonymous_9)
FN:588,generateScript
FN:600,(anonymous_11)
FN:607,(anonymous_12)
FN:614,(anonymous_13)
FN:615,(anonymous_14)
FN:642,processParticipantData
FNF:16
FNH:0
FNDA:0,preprocessScriptParts
FNDA:0,(anonymous_1)
FNDA:0,extractParticipantInfo
FNDA:0,parseParticipantsManually
FNDA:0,(anonymous_4)
FNDA:0,(anonymous_5)
FNDA:0,parseScript
FNDA:0,(anonymous_7)
FNDA:0,(anonymous_8)
FNDA:0,(anonymous_9)
FNDA:0,generateScript
FNDA:0,(anonymous_11)
FNDA:0,(anonymous_12)
FNDA:0,(anonymous_13)
FNDA:0,(anonymous_14)
FNDA:0,processParticipantData
DA:7,3
DA:8,3
DA:9,2
DA:17,0
DA:19,0
DA:22,0
DA:26,0
DA:27,0
DA:30,0
DA:40,0
DA:69,0
DA:102,0
DA:103,0
DA:114,0
DA:115,0
DA:117,0
DA:119,0
DA:120,0
DA:122,0
DA:123,0
DA:127,0
DA:129,0
DA:130,0
DA:133,0
DA:134,0
DA:135,0
DA:137,0
DA:138,0
DA:146,0
DA:153,0
DA:154,0
DA:156,0
DA:160,0
DA:161,0
DA:162,0
DA:170,0
DA:174,0
DA:177,0
DA:179,0
DA:180,0
DA:184,2
DA:187,0
DA:188,0
DA:189,0
DA:192,0
DA:193,0
DA:195,0
DA:198,0
DA:200,0
DA:201,0
DA:204,0
DA:205,0
DA:206,0
DA:207,0
DA:208,0
DA:212,0
DA:213,0
DA:218,0
DA:219,0
DA:223,0
DA:226,0
DA:228,0
DA:230,0
DA:231,0
DA:234,0
DA:235,0
DA:240,0
DA:241,0
DA:242,0
DA:243,0
DA:247,0
DA:248,0
DA:250,0
DA:251,0
DA:256,0
DA:257,0
DA:258,0
DA:259,0
DA:260,0
DA:264,0
DA:266,0
DA:267,0
DA:268,0
DA:273,0
DA:274,0
DA:275,0
DA:276,0
DA:280,0
DA:281,0
DA:282,0
DA:283,0
DA:287,0
DA:290,0
DA:293,0
DA:303,0
DA:304,0
DA:307,0
DA:308,0
DA:309,0
DA:311,0
DA:321,0
DA:322,0
DA:323,0
DA:325,0
DA:326,0
DA:327,0
DA:330,0
DA:331,0
DA:332,0
DA:333,0
DA:334,0
DA:337,0
DA:338,0
DA:339,0
DA:340,0
DA:343,0
DA:345,0
DA:347,0
DA:348,0
DA:349,0
DA:353,0
DA:354,0
DA:355,0
DA:356,0
DA:357,0
DA:358,0
DA:360,0
DA:361,0
DA:362,0
DA:364,0
DA:366,0
DA:370,0
DA:371,0
DA:372,0
DA:373,0
DA:374,0
DA:376,0
DA:377,0
DA:379,0
DA:380,0
DA:381,0
DA:383,0
DA:385,0
DA:389,0
DA:390,0
DA:391,0
DA:392,0
DA:393,0
DA:394,0
DA:400,0
DA:402,0
DA:406,0
DA:407,0
DA:408,0
DA:412,0
DA:416,0
DA:418,0
DA:419,0
DA:589,0
DA:591,0
DA:592,0
DA:593,0
DA:596,0
DA:599,0
DA:601,0
DA:602,0
DA:606,0
DA:608,0
DA:609,0
DA:613,0
DA:614,0
DA:615,0
DA:618,0
DA:622,0
DA:628,0
DA:630,0
DA:634,0
DA:643,0
DA:645,0
DA:647,0
DA:649,0
DA:657,0
DA:661,2
LF:183
LH:5
BRDA:26,0,0,0
BRDA:26,0,1,0
BRDA:117,1,0,0
BRDA:117,1,1,0
BRDA:127,2,0,0
BRDA:127,2,1,0
BRDA:127,3,0,0
BRDA:127,3,1,0
BRDA:127,3,2,0
BRDA:127,3,3,0
BRDA:129,4,0,0
BRDA:129,4,1,0
BRDA:130,5,0,0
BRDA:130,5,1,0
BRDA:138,6,0,0
BRDA:138,6,1,0
BRDA:139,7,0,0
BRDA:139,7,1,0
BRDA:139,7,2,0
BRDA:139,7,3,0
BRDA:139,7,4,0
BRDA:139,7,5,0
BRDA:153,8,0,0
BRDA:153,8,1,0
BRDA:154,9,0,0
BRDA:154,9,1,0
BRDA:160,10,0,0
BRDA:160,10,1,0
BRDA:200,11,0,0
BRDA:200,11,1,0
BRDA:204,12,0,0
BRDA:204,12,1,0
BRDA:206,13,0,0
BRDA:206,13,1,0
BRDA:208,14,0,0
BRDA:208,14,1,0
BRDA:212,15,0,0
BRDA:212,15,1,0
BRDA:218,16,0,0
BRDA:218,16,1,0
BRDA:218,17,0,0
BRDA:218,17,1,0
BRDA:218,17,2,0
BRDA:228,18,0,0
BRDA:228,18,1,0
BRDA:241,19,0,0
BRDA:241,19,1,0
BRDA:248,20,0,0
BRDA:248,20,1,0
BRDA:258,21,0,0
BRDA:258,21,1,0
BRDA:264,22,0,0
BRDA:264,22,1,0
BRDA:267,23,0,0
BRDA:267,23,1,0
BRDA:267,24,0,0
BRDA:267,24,1,0
BRDA:274,25,0,0
BRDA:274,25,1,0
BRDA:275,26,0,0
BRDA:275,26,1,0
BRDA:282,27,0,0
BRDA:282,27,1,0
BRDA:282,28,0,0
BRDA:282,28,1,0
BRDA:287,29,0,0
BRDA:287,29,1,0
BRDA:287,30,0,0
BRDA:287,30,1,0
BRDA:287,31,0,0
BRDA:287,31,1,0
BRDA:290,32,0,0
BRDA:290,32,1,0
BRDA:296,33,0,0
BRDA:296,33,1,0
BRDA:303,34,0,0
BRDA:303,34,1,0
BRDA:304,35,0,0
BRDA:304,35,1,0
BRDA:323,36,0,0
BRDA:323,37,0,0
BRDA:323,38,0,0
BRDA:332,39,0,0
BRDA:332,39,1,0
BRDA:338,40,0,0
BRDA:338,40,1,0
BRDA:347,41,0,0
BRDA:347,41,1,0
BRDA:347,42,0,0
BRDA:347,42,1,0
BRDA:354,43,0,0
BRDA:354,43,1,0
BRDA:357,44,0,0
BRDA:357,44,1,0
BRDA:358,45,0,0
BRDA:358,45,1,0
BRDA:360,46,0,0
BRDA:360,46,1,0
BRDA:371,47,0,0
BRDA:371,47,1,0
BRDA:376,48,0,0
BRDA:376,48,1,0
BRDA:377,49,0,0
BRDA:377,49,1,0
BRDA:379,50,0,0
BRDA:379,50,1,0
BRDA:380,51,0,0
BRDA:380,51,1,0
BRDA:381,52,0,0
BRDA:381,52,1,0
BRDA:389,53,0,0
BRDA:389,53,1,0
BRDA:392,54,0,0
BRDA:392,54,1,0
BRDA:393,55,0,0
BRDA:393,55,1,0
BRDA:394,56,0,0
BRDA:394,56,1,0
BRDA:394,57,0,0
BRDA:394,57,1,0
BRDA:396,58,0,0
BRDA:396,58,1,0
BRDA:396,59,0,0
BRDA:396,59,1,0
BRDA:406,60,0,0
BRDA:406,60,1,0
BRDA:406,61,0,0
BRDA:406,61,1,0
BRDA:588,62,0,0
BRDA:591,63,0,0
BRDA:591,64,0,0
BRDA:591,65,0,0
BRDA:599,66,0,0
BRDA:599,66,1,0
BRDA:600,67,0,0
BRDA:600,67,1,0
BRDA:601,68,0,0
BRDA:601,68,1,0
BRDA:602,69,0,0
BRDA:602,69,1,0
BRDA:602,70,0,0
BRDA:602,70,1,0
BRDA:606,71,0,0
BRDA:606,71,1,0
BRDA:607,72,0,0
BRDA:607,72,1,0
BRDA:608,73,0,0
BRDA:608,73,1,0
BRDA:609,74,0,0
BRDA:609,74,1,0
BRDA:609,75,0,0
BRDA:609,75,1,0
BRDA:614,76,0,0
BRDA:614,76,1,0
BRDA:615,77,0,0
BRDA:615,77,1,0
BRDA:618,78,0,0
BRDA:618,78,1,0
BRF:158
BRH:0
end_of_record
TN:
SF:src/processors/promptProcessor.js
FN:30,getTempDirectory
FN:35,createDirectories
FN:37,(anonymous_2)
FN:39,(anonymous_3)
FN:48,initPromptWatcher
FN:53,(anonymous_5)
FN:61,validateParticipants
FN:74,(anonymous_7)
FN:80,(anonymous_8)
FN:87,processPromptFile
FN:225,cleanTempDirectory
FN:232,expandPromptWithContext
FN:251,generateImage
FN:308,generateSegway
FN:322,(anonymous_14)
FN:324,(anonymous_15)
FN:351,(anonymous_16)
FN:353,(anonymous_17)
FN:489,(anonymous_18)
FN:512,(anonymous_19)
FN:531,(anonymous_20)
FN:541,(anonymous_21)
FN:546,(anonymous_22)
FN:643,(anonymous_23)
FN:662,(anonymous_24)
FN:672,(anonymous_25)
FN:677,(anonymous_26)
FNF:27
FNH:4
FNDA:0,getTempDirectory
FNDA:1,createDirectories
FNDA:6,(anonymous_2)
FNDA:7,(anonymous_3)
FNDA:1,initPromptWatcher
FNDA:0,(anonymous_5)
FNDA:0,validateParticipants
FNDA:0,(anonymous_7)
FNDA:0,(anonymous_8)
FNDA:0,processPromptFile
FNDA:0,cleanTempDirectory
FNDA:0,expandPromptWithContext
FNDA:0,generateImage
FNDA:0,generateSegway
FNDA:0,(anonymous_14)
FNDA:0,(anonymous_15)
FNDA:0,(anonymous_16)
FNDA:0,(anonymous_17)
FNDA:0,(anonymous_18)
FNDA:0,(anonymous_19)
FNDA:0,(anonymous_20)
FNDA:0,(anonymous_21)
FNDA:0,(anonymous_22)
FNDA:0,(anonymous_23)
FNDA:0,(anonymous_24)
FNDA:0,(anonymous_25)
FNDA:0,(anonymous_26)
DA:4,2
DA:5,2
DA:6,2
DA:10,2
DA:12,2
DA:14,2
DA:15,2
DA:16,2
DA:17,2
DA:18,2
DA:19,2
DA:20,2
DA:21,2
DA:24,2
DA:26,2
DA:27,2
DA:28,2
DA:31,0
DA:36,1
DA:37,6
DA:38,1
DA:39,7
DA:49,1
DA:50,6
DA:54,0
DA:55,0
DA:62,0
DA:63,0
DA:66,0
DA:67,0
DA:70,0
DA:71,0
DA:74,0
DA:75,0
DA:76,0
DA:80,0
DA:81,0
DA:82,0
DA:88,0
DA:89,0
DA:90,0
DA:91,0
DA:92,0
DA:93,0
DA:94,0
DA:95,0
DA:99,0
DA:101,0
DA:102,0
DA:105,0
DA:106,0
DA:107,0
DA:111,0
DA:112,0
DA:113,0
DA:114,0
DA:118,0
DA:119,0
DA:120,0
DA:122,0
DA:123,0
DA:124,0
DA:127,0
DA:131,0
DA:132,0
DA:133,0
DA:135,0
DA:136,0
DA:137,0
DA:143,0
DA:144,0
DA:145,0
DA:147,0
DA:155,0
DA:157,0
DA:159,0
DA:160,0
DA:162,0
DA:163,0
DA:166,0
DA:167,0
DA:168,0
DA:169,0
DA:170,0
DA:172,0
DA:174,0
DA:185,0
DA:186,0
DA:187,0
DA:196,0
DA:198,0
DA:199,0
DA:201,0
DA:206,0
DA:208,0
DA:210,0
DA:211,0
DA:212,0
DA:215,0
DA:216,0
DA:217,0
DA:220,0
DA:226,0
DA:227,0
DA:228,0
DA:233,0
DA:234,0
DA:235,0
DA:240,0
DA:248,0
DA:252,0
DA:253,0
DA:254,0
DA:255,0
DA:309,0
DA:311,0
DA:312,0
DA:313,0
DA:314,0
DA:315,0
DA:318,0
DA:319,0
DA:321,0
DA:322,0
DA:325,0
DA:334,0
DA:335,0
DA:336,0
DA:337,0
DA:338,0
DA:342,0
DA:347,0
DA:348,0
DA:350,0
DA:351,0
DA:354,0
DA:363,0
DA:364,0
DA:365,0
DA:366,0
DA:367,0
DA:370,0
DA:371,0
DA:376,0
DA:381,0
DA:382,0
DA:384,0
DA:385,0
DA:386,0
DA:387,0
DA:388,0
DA:392,0
DA:393,0
DA:394,0
DA:395,0
DA:398,0
DA:399,0
DA:407,0
DA:408,0
DA:416,0
DA:417,0
DA:424,0
DA:428,0
DA:429,0
DA:436,0
DA:440,0
DA:441,0
DA:445,0
DA:446,0
DA:450,0
DA:451,0
DA:458,0
DA:462,0
DA:464,0
DA:466,0
DA:467,0
DA:470,0
DA:474,0
DA:475,0
DA:477,0
DA:478,0
DA:488,0
DA:489,0
DA:491,0
DA:492,0
DA:497,0
DA:512,0
DA:531,0
DA:542,0
DA:543,0
DA:545,0
DA:546,0
DA:548,0
DA:550,0
DA:557,0
DA:571,0
DA:574,0
DA:575,0
DA:579,0
DA:588,0
DA:589,0
DA:590,0
DA:594,0
DA:595,0
DA:602,0
DA:606,0
DA:607,0
DA:614,0
DA:618,0
DA:621,0
DA:622,0
DA:625,0
DA:628,0
DA:643,0
DA:662,0
DA:673,0
DA:674,0
DA:676,0
DA:677,0
DA:679,0
DA:681,0
DA:688,0
DA:702,0
DA:705,0
DA:706,0
DA:710,0
DA:719,0
DA:720,0
DA:721,0
DA:723,0
DA:725,0
DA:729,2
LF:232
LH:24
BRDA:30,0,0,0
BRDA:54,1,0,0
BRDA:54,1,1,0
BRDA:54,2,0,0
BRDA:54,2,1,0
BRDA:54,2,2,0
BRDA:62,3,0,0
BRDA:62,3,1,0
BRDA:62,4,0,0
BRDA:62,4,1,0
BRDA:66,5,0,0
BRDA:66,5,1,0
BRDA:66,6,0,0
BRDA:66,6,1,0
BRDA:70,7,0,0
BRDA:70,7,1,0
BRDA:75,8,0,0
BRDA:75,8,1,0
BRDA:81,9,0,0
BRDA:81,9,1,0
BRDA:93,10,0,0
BRDA:93,10,1,0
BRDA:105,11,0,0
BRDA:105,11,1,0
BRDA:112,12,0,0
BRDA:112,12,1,0
BRDA:118,13,0,0
BRDA:118,13,1,0
BRDA:119,14,0,0
BRDA:119,14,1,0
BRDA:131,15,0,0
BRDA:131,15,1,0
BRDA:132,16,0,0
BRDA:132,16,1,0
BRDA:135,17,0,0
BRDA:135,17,1,0
BRDA:136,18,0,0
BRDA:136,18,1,0
BRDA:143,19,0,0
BRDA:143,19,1,0
BRDA:144,20,0,0
BRDA:144,20,1,0
BRDA:147,21,0,0
BRDA:147,21,1,0
BRDA:185,22,0,0
BRDA:185,22,1,0
BRDA:198,23,0,0
BRDA:198,23,1,0
BRDA:210,24,0,0
BRDA:210,24,1,0
BRDA:212,25,0,0
BRDA:212,25,1,0
BRDA:234,26,0,0
BRDA:234,26,1,0
BRDA:308,27,0,0
BRDA:308,28,0,0
BRDA:311,29,0,0
BRDA:311,29,1,0
BRDA:311,30,0,0
BRDA:311,30,1,0
BRDA:312,31,0,0
BRDA:312,31,1,0
BRDA:313,32,0,0
BRDA:313,32,1,0
BRDA:313,33,0,0
BRDA:313,33,1,0
BRDA:314,34,0,0
BRDA:314,34,1,0
BRDA:315,35,0,0
BRDA:315,35,1,0
BRDA:319,36,0,0
BRDA:319,36,1,0
BRDA:326,37,0,0
BRDA:326,37,1,0
BRDA:326,38,0,0
BRDA:326,38,1,0
BRDA:327,39,0,0
BRDA:327,39,1,0
BRDA:328,40,0,0
BRDA:328,40,1,0
BRDA:334,41,0,0
BRDA:334,41,1,0
BRDA:334,42,0,0
BRDA:334,42,1,0
BRDA:334,42,2,0
BRDA:336,43,0,0
BRDA:336,43,1,0
BRDA:348,44,0,0
BRDA:348,44,1,0
BRDA:355,45,0,0
BRDA:355,45,1,0
BRDA:355,46,0,0
BRDA:355,46,1,0
BRDA:356,47,0,0
BRDA:356,47,1,0
BRDA:357,48,0,0
BRDA:357,48,1,0
BRDA:363,49,0,0
BRDA:363,49,1,0
BRDA:363,50,0,0
BRDA:363,50,1,0
BRDA:363,50,2,0
BRDA:365,51,0,0
BRDA:365,51,1,0
BRDA:370,52,0,0
BRDA:370,52,1,0
BRDA:384,53,0,0
BRDA:384,53,1,0
BRDA:385,54,0,0
BRDA:385,54,1,0
BRDA:385,55,0,0
BRDA:385,55,1,0
BRDA:387,56,0,0
BRDA:387,56,1,0
BRDA:392,57,0,0
BRDA:392,57,1,0
BRDA:392,58,0,0
BRDA:392,58,1,0
BRDA:394,59,0,0
BRDA:394,59,1,0
BRDA:398,60,0,0
BRDA:398,60,1,0
BRDA:407,61,0,0
BRDA:407,61,1,0
BRDA:407,62,0,0
BRDA:407,62,1,0
BRDA:408,63,0,0
BRDA:408,63,1,0
BRDA:416,64,0,0
BRDA:416,64,1,0
BRDA:428,65,0,0
BRDA:428,65,1,0
BRDA:440,66,0,0
BRDA:440,66,1,0
BRDA:440,67,0,0
BRDA:440,67,1,0
BRDA:440,67,2,0
BRDA:445,68,0,0
BRDA:445,68,1,0
BRDA:445,69,0,0
BRDA:445,69,1,0
BRDA:446,70,0,0
BRDA:446,70,1,0
BRDA:450,71,0,0
BRDA:450,71,1,0
BRDA:450,72,0,0
BRDA:450,72,1,0
BRDA:462,73,0,0
BRDA:462,73,1,0
BRDA:462,74,0,0
BRDA:462,74,1,0
BRDA:466,75,0,0
BRDA:466,75,1,0
BRDA:467,76,0,0
BRDA:467,76,1,0
BRDA:477,77,0,0
BRDA:477,77,1,0
BRDA:482,78,0,0
BRDA:482,78,1,0
BRDA:489,79,0,0
BRDA:489,79,1,0
BRDA:491,80,0,0
BRDA:491,80,1,0
BRDA:504,81,0,0
BRDA:504,81,1,0
BRDA:505,82,0,0
BRDA:505,82,1,0
BRDA:506,83,0,0
BRDA:506,83,1,0
BRDA:507,84,0,0
BRDA:507,84,1,0
BRDA:510,85,0,0
BRDA:510,85,1,0
BRDA:517,86,0,0
BRDA:517,86,1,0
BRDA:523,87,0,0
BRDA:523,87,1,0
BRDA:524,88,0,0
BRDA:524,88,1,0
BRDA:525,89,0,0
BRDA:525,89,1,0
BRDA:526,90,0,0
BRDA:526,90,1,0
BRDA:529,91,0,0
BRDA:529,91,1,0
BRDA:536,92,0,0
BRDA:536,92,1,0
BRDA:540,93,0,0
BRDA:540,93,1,0
BRDA:543,94,0,0
BRDA:543,94,1,0
BRDA:546,95,0,0
BRDA:546,95,1,0
BRDA:548,96,0,0
BRDA:548,96,1,0
BRDA:553,97,0,0
BRDA:553,97,1,0
BRDA:594,98,0,0
BRDA:594,98,1,0
BRDA:606,99,0,0
BRDA:606,99,1,0
BRDA:621,100,0,0
BRDA:621,100,1,0
BRDA:622,101,0,0
BRDA:622,101,1,0
BRDA:635,102,0,0
BRDA:635,102,1,0
BRDA:636,103,0,0
BRDA:636,103,1,0
BRDA:637,104,0,0
BRDA:637,104,1,0
BRDA:638,105,0,0
BRDA:638,105,1,0
BRDA:641,106,0,0
BRDA:641,106,1,0
BRDA:648,107,0,0
BRDA:648,107,1,0
BRDA:654,108,0,0
BRDA:654,108,1,0
BRDA:655,109,0,0
BRDA:655,109,1,0
BRDA:656,110,0,0
BRDA:656,110,1,0
BRDA:657,111,0,0
BRDA:657,111,1,0
BRDA:660,112,0,0
BRDA:660,112,1,0
BRDA:667,113,0,0
BRDA:667,113,1,0
BRDA:671,114,0,0
BRDA:671,114,1,0
BRDA:674,115,0,0
BRDA:674,115,1,0
BRDA:677,116,0,0
BRDA:677,116,1,0
BRDA:679,117,0,0
BRDA:679,117,1,0
BRDA:684,118,0,0
BRDA:684,118,1,0
BRDA:725,119,0,0
BRDA:725,119,1,0
BRF:241
BRH:0
end_of_record
TN:
SF:src/utils/emojiMap.js
FN:10,buildEmojiMap
FN:15,(anonymous_1)
FN:73,(anonymous_2)
FNF:3
FNH:2
FNDA:1,buildEmojiMap
FNDA:168,(anonymous_1)
FNDA:0,(anonymous_2)
DA:2,1
DA:3,1
DA:4,1
DA:5,1
DA:11,1
DA:12,1
DA:15,168
DA:18,1
DA:36,1
DA:37,168
DA:38,167
DA:41,167
DA:43,167
DA:45,24
DA:46,24
DA:49,167
DA:51,24
DA:52,24
DA:55,167
DA:56,143
DA:64,1
DA:65,13
DA:68,13
DA:69,13
DA:73,0
DA:74,0
DA:79,0
DA:80,0
DA:81,0
DA:83,0
DA:88,1
DA:89,1
DA:92,1
LF:33
LH:27
BRDA:37,0,0,1
BRDA:37,0,1,167
BRDA:43,1,0,24
BRDA:43,1,1,143
BRDA:49,2,0,24
BRDA:49,2,1,143
BRDA:55,3,0,143
BRDA:55,3,1,24
BRDA:68,4,0,13
BRDA:68,4,1,0
BRDA:74,5,0,0
BRDA:74,5,1,0
BRDA:74,5,2,0
BRDA:79,6,0,0
BRDA:79,6,1,0
BRF:15
BRH:9
end_of_record
TN:
SF:src/utils/fileUtils.js
FN:42,getConfig
FN:59,initBufferedWriteStream
FN:76,(anonymous_2)
FN:101,(anonymous_3)
FN:107,(anonymous_4)
FN:109,(anonymous_5)
FN:120,(anonymous_6)
FN:132,(anonymous_7)
FN:151,(anonymous_8)
FN:154,(anonymous_9)
FN:174,appendToFile
FN:175,(anonymous_11)
FN:176,(anonymous_12)
FN:189,writeJsonFile
FN:207,(anonymous_14)
FN:260,(anonymous_15)
FN:275,(anonymous_16)
FN:309,checkRotation
FN:339,rotateFile
FN:385,cleanupOldArchives
FN:390,(anonymous_20)
FN:391,(anonymous_21)
FN:396,(anonymous_22)
FN:417,getBufferedWriteStream
FN:456,appendToJsonLog
FN:461,(anonymous_25)
FN:492,readJsonFile
FN:502,safeReadJsonFile
FN:659,retryOperation
FN:666,(anonymous_29)
FN:680,updateJsonFile
FN:685,(anonymous_31)
FN:715,flushAllBuffers
FN:717,(anonymous_33)
FN:724,closeAllStreams
FN:726,(anonymous_35)
FN:734,getRotatedFilename
FN:744,rotateLogFile
FN:761,safeAppendJsonToFile
FN:766,(anonymous_39)
FN:767,(anonymous_40)
FN:767,(anonymous_41)
FNF:42
FNH:14
FNDA:9,getConfig
FNDA:9,initBufferedWriteStream
FNDA:0,(anonymous_2)
FNDA:0,(anonymous_3)
FNDA:9,(anonymous_4)
FNDA:0,(anonymous_5)
FNDA:0,(anonymous_6)
FNDA:0,(anonymous_7)
FNDA:0,(anonymous_8)
FNDA:0,(anonymous_9)
FNDA:0,appendToFile
FNDA:0,(anonymous_11)
FNDA:0,(anonymous_12)
FNDA:0,writeJsonFile
FNDA:0,(anonymous_14)
FNDA:0,(anonymous_15)
FNDA:0,(anonymous_16)
FNDA:0,checkRotation
FNDA:0,rotateFile
FNDA:0,cleanupOldArchives
FNDA:0,(anonymous_20)
FNDA:0,(anonymous_21)
FNDA:0,(anonymous_22)
FNDA:9,getBufferedWriteStream
FNDA:0,appendToJsonLog
FNDA:0,(anonymous_25)
FNDA:13,readJsonFile
FNDA:19,safeReadJsonFile
FNDA:15,retryOperation
FNDA:10,(anonymous_29)
FNDA:7,updateJsonFile
FNDA:7,(anonymous_31)
FNDA:0,flushAllBuffers
FNDA:0,(anonymous_33)
FNDA:0,closeAllStreams
FNDA:0,(anonymous_35)
FNDA:0,getRotatedFilename
FNDA:0,rotateLogFile
FNDA:8,safeAppendJsonToFile
FNDA:8,(anonymous_39)
FNDA:2,(anonymous_40)
FNDA:2,(anonymous_41)
DA:10,8
DA:11,8
DA:12,8
DA:13,8
DA:14,8
DA:17,8
DA:18,8
DA:19,8
DA:20,8
DA:21,8
DA:22,8
DA:25,8
DA:26,8
DA:29,8
DA:43,9
DA:46,9
DA:47,6
DA:50,9
DA:60,9
DA:61,0
DA:64,9
DA:65,9
DA:66,9
DA:67,9
DA:70,9
DA:71,9
DA:72,0
DA:76,9
DA:77,0
DA:80,0
DA:82,0
DA:83,0
DA:84,0
DA:86,0
DA:88,0
DA:89,0
DA:92,0
DA:96,0
DA:98,0
DA:100,0
DA:101,0
DA:102,0
DA:107,9
DA:108,9
DA:109,9
DA:110,0
DA:111,0
DA:113,9
DA:116,9
DA:119,9
DA:121,0
DA:122,0
DA:123,0
DA:126,0
DA:127,0
DA:130,0
DA:133,0
DA:135,0
DA:137,0
DA:138,0
DA:141,0
DA:142,0
DA:145,0
DA:147,0
DA:148,0
DA:152,0
DA:155,0
DA:156,0
DA:157,0
DA:159,0
DA:160,0
DA:164,9
DA:165,9
DA:175,0
DA:176,0
DA:177,0
DA:178,0
DA:191,0
DA:192,0
DA:194,0
DA:196,0
DA:198,0
DA:199,0
DA:201,0
DA:202,0
DA:203,0
DA:205,0
DA:207,0
DA:210,0
DA:211,0
DA:212,0
DA:213,0
DA:215,0
DA:222,0
DA:227,0
DA:228,0
DA:234,0
DA:235,0
DA:236,0
DA:239,0
DA:244,0
DA:246,0
DA:249,0
DA:250,0
DA:252,0
DA:256,0
DA:259,0
DA:260,0
DA:261,0
DA:262,0
DA:265,0
DA:266,0
DA:271,0
DA:272,0
DA:275,0
DA:276,0
DA:277,0
DA:278,0
DA:280,0
DA:284,0
DA:287,0
DA:289,0
DA:290,0
DA:293,0
DA:294,0
DA:295,0
DA:310,0
DA:311,0
DA:314,0
DA:315,0
DA:319,0
DA:320,0
DA:321,0
DA:325,0
DA:326,0
DA:328,0
DA:329,0
DA:340,0
DA:341,0
DA:342,0
DA:343,0
DA:344,0
DA:347,0
DA:348,0
DA:352,0
DA:353,0
DA:356,0
DA:359,0
DA:361,0
DA:362,0
DA:365,0
DA:368,0
DA:371,0
DA:373,0
DA:374,0
DA:386,0
DA:388,0
DA:389,0
DA:390,0
DA:391,0
DA:396,0
DA:399,0
DA:400,0
DA:401,0
DA:402,0
DA:403,0
DA:407,0
DA:418,9
DA:457,0
DA:459,0
DA:461,0
DA:462,0
DA:465,0
DA:468,0
DA:471,0
DA:474,0
DA:476,0
DA:477,0
DA:480,0
DA:481,0
DA:493,13
DA:503,19
DA:504,19
DA:505,5
DA:509,14
DA:512,6
DA:515,6
DA:516,0
DA:517,0
DA:521,6
DA:522,6
DA:524,4
DA:525,4
DA:527,4
DA:530,4
DA:531,1
DA:532,1
DA:536,4
DA:537,4
DA:538,4
DA:539,0
DA:544,4
DA:547,4
DA:550,4
DA:553,4
DA:554,4
DA:555,4
DA:556,4
DA:559,4
DA:560,1
DA:561,1
DA:563,4
DA:564,0
DA:565,0
DA:569,4
DA:570,4
DA:571,2
DA:574,2
DA:575,2
DA:576,2
DA:578,0
DA:581,2
DA:583,2
DA:586,2
DA:588,2
DA:589,2
DA:591,2
DA:594,2
DA:595,0
DA:596,2
DA:597,2
DA:598,0
DA:599,0
DA:602,2
DA:603,2
DA:604,2
DA:605,1
DA:608,1
DA:609,1
DA:611,1
DA:613,1
DA:617,0
DA:621,1
DA:624,0
DA:627,0
DA:628,0
DA:631,0
DA:632,0
DA:633,0
DA:635,0
DA:638,0
DA:642,1
DA:643,1
DA:647,6
DA:648,6
DA:660,15
DA:661,15
DA:662,15
DA:664,10
DA:665,10
DA:666,10
DA:668,0
DA:681,7
DA:683,7
DA:685,7
DA:687,7
DA:688,7
DA:691,7
DA:692,7
DA:693,4
DA:697,3
DA:700,1
DA:703,1
DA:706,0
DA:707,0
DA:716,0
DA:717,0
DA:725,0
DA:726,0
DA:735,0
DA:736,0
DA:745,0
DA:746,0
DA:747,0
DA:748,0
DA:750,0
DA:751,0
DA:762,8
DA:764,8
DA:766,8
DA:767,8
DA:768,4
DA:771,4
DA:772,4
DA:773,2
DA:774,2
DA:776,1
DA:781,4
DA:784,4
DA:785,4
DA:788,4
DA:791,4
DA:793,4
DA:794,4
DA:797,0
DA:798,0
DA:802,8
LF:307
LH:127
BRDA:46,0,0,6
BRDA:46,0,1,3
BRDA:60,1,0,0
BRDA:60,1,1,9
BRDA:71,2,0,0
BRDA:71,2,1,9
BRDA:76,3,0,0
BRDA:77,4,0,0
BRDA:77,4,1,0
BRDA:80,5,0,0
BRDA:80,5,1,0
BRDA:80,6,0,0
BRDA:80,6,1,0
BRDA:88,7,0,0
BRDA:88,7,1,0
BRDA:102,8,0,0
BRDA:102,8,1,0
BRDA:108,9,0,0
BRDA:108,9,1,9
BRDA:121,10,0,0
BRDA:121,10,1,0
BRDA:126,11,0,0
BRDA:126,11,1,0
BRDA:141,12,0,0
BRDA:141,12,1,0
BRDA:155,13,0,0
BRDA:155,13,1,0
BRDA:177,14,0,0
BRDA:177,14,1,0
BRDA:205,15,0,0
BRDA:205,15,1,0
BRDA:213,16,0,0
BRDA:213,16,1,0
BRDA:227,17,0,0
BRDA:227,17,1,0
BRDA:239,18,0,0
BRDA:239,18,1,0
BRDA:244,19,0,0
BRDA:244,19,1,0
BRDA:249,20,0,0
BRDA:249,20,1,0
BRDA:259,21,0,0
BRDA:259,21,1,0
BRDA:261,22,0,0
BRDA:261,22,1,0
BRDA:261,23,0,0
BRDA:261,23,1,0
BRDA:265,24,0,0
BRDA:265,24,1,0
BRDA:265,25,0,0
BRDA:265,25,1,0
BRDA:276,26,0,0
BRDA:276,26,1,0
BRDA:276,27,0,0
BRDA:276,27,1,0
BRDA:276,27,2,0
BRDA:293,28,0,0
BRDA:293,28,1,0
BRDA:314,29,0,0
BRDA:314,29,1,0
BRDA:314,30,0,0
BRDA:314,30,1,0
BRDA:320,31,0,0
BRDA:320,31,1,0
BRDA:347,32,0,0
BRDA:347,32,1,0
BRDA:359,33,0,0
BRDA:359,33,1,0
BRDA:361,34,0,0
BRDA:361,34,1,0
BRDA:399,35,0,0
BRDA:399,35,1,0
BRDA:492,36,0,0
BRDA:502,37,0,0
BRDA:504,38,0,5
BRDA:504,38,1,14
BRDA:515,39,0,0
BRDA:515,39,1,6
BRDA:530,40,0,1
BRDA:530,40,1,3
BRDA:538,41,0,0
BRDA:538,41,1,4
BRDA:553,42,0,4
BRDA:553,42,1,0
BRDA:554,43,0,4
BRDA:554,43,1,1
BRDA:555,44,0,4
BRDA:555,44,1,4
BRDA:556,45,0,4
BRDA:556,45,1,4
BRDA:559,46,0,1
BRDA:559,46,1,3
BRDA:563,47,0,0
BRDA:563,47,1,4
BRDA:594,48,0,0
BRDA:594,48,1,2
BRDA:594,49,0,2
BRDA:594,49,1,2
BRDA:595,50,0,0
BRDA:595,50,1,0
BRDA:596,51,0,2
BRDA:596,51,1,0
BRDA:598,52,0,0
BRDA:598,52,1,0
BRDA:602,53,0,2
BRDA:602,53,1,0
BRDA:621,54,0,0
BRDA:621,54,1,1
BRDA:621,55,0,1
BRDA:621,55,1,1
BRDA:621,55,2,1
BRDA:628,56,0,0
BRDA:628,56,1,0
BRDA:633,57,0,0
BRDA:633,57,1,0
BRDA:659,58,0,15
BRDA:659,59,0,15
BRDA:665,60,0,10
BRDA:665,60,1,0
BRDA:692,61,0,4
BRDA:692,61,1,3
BRDA:768,62,0,2
BRDA:768,62,1,2
BRDA:772,63,0,2
BRDA:772,63,1,2
BRF:125
BRH:39
end_of_record
TN:
SF:src/utils/index.js
FN:14,fetchLiveVideoId
FN:79,initializeYouTubeClient
FN:87,fetchLiveChatId
FN:111,readLiveChat
FN:166,getRecommendedPollingInterval
FN:183,resetYouTubeBackoff
FN:188,resetChatPagination
FN:197,spawnTrackedProcess
FN:200,(anonymous_8)
FN:204,(anonymous_9)
FN:209,moveFileToPlayed
FN:222,buildFallbackMetadata
FN:226,extractMetadata
FN:280,killAllTrackedProcesses
FN:289,(anonymous_14)
FN:301,(anonymous_15)
FN:307,(anonymous_16)
FN:319,(anonymous_17)
FN:328,fetchLastChatComments
FNF:19
FNH:16
FNDA:5,fetchLiveVideoId
FNDA:10,initializeYouTubeClient
FNDA:5,fetchLiveChatId
FNDA:9,readLiveChat
FNDA:0,getRecommendedPollingInterval
FNDA:7,resetYouTubeBackoff
FNDA:7,resetChatPagination
FNDA:2,spawnTrackedProcess
FNDA:1,(anonymous_8)
FNDA:0,(anonymous_9)
FNDA:2,moveFileToPlayed
FNDA:3,buildFallbackMetadata
FNDA:5,extractMetadata
FNDA:2,killAllTrackedProcesses
FNDA:2,(anonymous_14)
FNDA:1,(anonymous_15)
FNDA:2,(anonymous_16)
FNDA:1,(anonymous_17)
FNDA:0,fetchLastChatComments
DA:1,9
DA:2,9
DA:3,9
DA:4,9
DA:5,9
DA:6,9
DA:7,9
DA:15,5
DA:18,5
DA:19,1
DA:20,1
DA:21,1
DA:24,4
DA:30,4
DA:31,4
DA:37,3
DA:38,3
DA:39,1
DA:40,1
DA:42,2
DA:45,1
DA:46,1
DA:49,0
DA:54,3
DA:55,3
DA:64,2
DA:65,2
DA:66,1
DA:67,1
DA:69,1
DA:72,1
DA:75,2
DA:80,10
DA:81,0
DA:82,0
DA:84,10
DA:88,5
DA:89,5
DA:90,5
DA:91,1
DA:95,9
DA:96,9
DA:97,9
DA:98,9
DA:99,9
DA:100,9
DA:101,9
DA:112,9
DA:113,9
DA:114,2
DA:115,2
DA:117,7
DA:119,5
DA:120,5
DA:122,5
DA:123,1
DA:125,1
DA:126,1
DA:127,1
DA:129,1
DA:130,1
DA:133,1
DA:134,1
DA:140,1
DA:141,1
DA:143,1
DA:144,1
DA:145,1
DA:148,0
DA:149,0
DA:150,0
DA:151,0
DA:159,1
DA:162,0
DA:167,0
DA:168,0
DA:169,0
DA:170,0
DA:172,0
DA:173,0
DA:174,0
DA:175,0
DA:177,0
DA:180,0
DA:184,7
DA:185,7
DA:189,7
DA:190,7
DA:191,7
DA:192,7
DA:193,7
DA:198,2
DA:199,2
DA:200,2
DA:201,1
DA:202,1
DA:204,2
DA:205,2
DA:210,2
DA:211,2
DA:212,0
DA:213,0
DA:215,2
DA:216,2
DA:217,0
DA:218,0
DA:223,3
DA:228,5
DA:229,1
DA:230,1
DA:234,4
DA:235,4
DA:236,1
DA:237,1
DA:241,3
DA:242,3
DA:243,1
DA:244,1
DA:248,2
DA:262,2
DA:263,1
DA:274,2
DA:281,2
DA:282,1
DA:283,1
DA:286,1
DA:289,1
DA:290,2
DA:291,2
DA:292,2
DA:293,2
DA:295,0
DA:301,1
DA:304,1
DA:305,1
DA:306,1
DA:307,1
DA:308,2
DA:309,2
DA:310,2
DA:311,2
DA:313,0
DA:319,1
DA:323,0
DA:325,0
DA:326,0
DA:330,9
LF:147
LH:120
BRDA:18,0,0,1
BRDA:18,0,1,4
BRDA:38,1,0,1
BRDA:38,1,1,2
BRDA:45,2,0,1
BRDA:45,2,1,0
BRDA:65,3,0,1
BRDA:65,3,1,1
BRDA:65,4,0,2
BRDA:65,4,1,1
BRDA:80,5,0,0
BRDA:80,5,1,10
BRDA:89,6,0,0
BRDA:89,6,1,5
BRDA:91,7,0,1
BRDA:91,7,1,0
BRDA:111,8,0,9
BRDA:113,9,0,2
BRDA:113,9,1,7
BRDA:113,10,0,9
BRDA:113,10,1,2
BRDA:115,11,0,2
BRDA:115,11,1,0
BRDA:117,12,0,2
BRDA:117,12,1,5
BRDA:117,13,0,7
BRDA:117,13,1,6
BRDA:120,14,0,0
BRDA:120,14,1,5
BRDA:123,15,0,0
BRDA:123,15,1,1
BRDA:127,16,0,0
BRDA:127,16,1,1
BRDA:130,17,0,1
BRDA:130,17,1,1
BRDA:133,18,0,1
BRDA:133,18,1,1
BRDA:141,19,0,1
BRDA:141,19,1,0
BRDA:143,20,0,1
BRDA:143,20,1,0
BRDA:149,21,0,0
BRDA:149,21,1,0
BRDA:150,22,0,0
BRDA:150,22,1,0
BRDA:166,23,0,0
BRDA:167,24,0,0
BRDA:167,24,1,0
BRDA:169,25,0,0
BRDA:169,25,1,0
BRDA:173,26,0,0
BRDA:173,26,1,0
BRDA:188,27,0,7
BRDA:193,28,0,7
BRDA:193,28,1,0
BRDA:197,29,0,2
BRDA:202,30,0,1
BRDA:202,30,1,0
BRDA:211,31,0,0
BRDA:211,31,1,2
BRDA:211,32,0,2
BRDA:211,32,1,1
BRDA:216,33,0,0
BRDA:216,33,1,2
BRDA:228,34,0,1
BRDA:228,34,1,4
BRDA:235,35,0,1
BRDA:235,35,1,3
BRDA:242,36,0,1
BRDA:242,36,1,2
BRDA:249,37,0,2
BRDA:249,37,1,0
BRDA:250,38,0,2
BRDA:250,38,1,1
BRDA:251,39,0,2
BRDA:251,39,1,1
BRDA:252,40,0,2
BRDA:252,40,1,1
BRDA:253,41,0,2
BRDA:253,41,1,1
BRDA:262,42,0,1
BRDA:262,42,1,1
BRDA:266,43,0,1
BRDA:266,43,1,1
BRDA:269,44,0,1
BRDA:269,44,1,1
BRDA:281,45,0,1
BRDA:281,45,1,1
BRDA:290,46,0,2
BRDA:290,46,1,0
BRDA:305,47,0,1
BRDA:305,47,1,0
BRDA:308,48,0,2
BRDA:308,48,1,0
BRDA:328,49,0,0
BRF:95
BRH:65
end_of_record
TN:
SF:src/utils/sentimentAnalyzer.js
FN:51,analyzeSentiment
FN:68,(anonymous_1)
FN:78,(anonymous_2)
FN:88,(anonymous_3)
FN:96,(anonymous_4)
FN:105,(anonymous_5)
FN:125,(anonymous_6)
FN:128,(anonymous_7)
FN:170,(anonymous_8)
FN:206,generateSummary
FN:232,(anonymous_10)
FN:266,analyzeSentimentWithLLM
FN:281,(anonymous_12)
FN:366,analyzeSentimentMain
FN:386,(anonymous_14)
FNF:15
FNH:0
FNDA:0,analyzeSentiment
FNDA:0,(anonymous_1)
FNDA:0,(anonymous_2)
FNDA:0,(anonymous_3)
FNDA:0,(anonymous_4)
FNDA:0,(anonymous_5)
FNDA:0,(anonymous_6)
FNDA:0,(anonymous_7)
FNDA:0,(anonymous_8)
FNDA:0,generateSummary
FNDA:0,(anonymous_10)
FNDA:0,analyzeSentimentWithLLM
FNDA:0,(anonymous_12)
FNDA:0,analyzeSentimentMain
FNDA:0,(anonymous_14)
DA:11,7
DA:12,7
DA:15,7
DA:22,7
DA:29,7
DA:36,7
DA:52,0
DA:53,0
DA:61,0
DA:62,0
DA:63,0
DA:64,0
DA:67,0
DA:68,0
DA:69,0
DA:78,0
DA:79,0
DA:80,0
DA:83,0
DA:84,0
DA:85,0
DA:88,0
DA:89,0
DA:90,0
DA:91,0
DA:96,0
DA:97,0
DA:98,0
DA:99,0
DA:104,0
DA:105,0
DA:106,0
DA:107,0
DA:113,0
DA:114,0
DA:115,0
DA:116,0
DA:118,0
DA:122,0
DA:125,0
DA:126,0
DA:128,0
DA:129,0
DA:130,0
DA:134,0
DA:135,0
DA:137,0
DA:138,0
DA:139,0
DA:140,0
DA:142,0
DA:149,0
DA:150,0
DA:153,0
DA:154,0
DA:155,0
DA:156,0
DA:157,0
DA:158,0
DA:159,0
DA:160,0
DA:162,0
DA:166,0
DA:169,0
DA:170,0
DA:171,0
DA:172,0
DA:185,0
DA:207,0
DA:208,0
DA:210,0
DA:213,0
DA:214,0
DA:216,0
DA:217,0
DA:218,0
DA:219,0
DA:220,0
DA:221,0
DA:222,0
DA:223,0
DA:224,0
DA:225,0
DA:227,0
DA:231,0
DA:232,0
DA:234,0
DA:235,0
DA:236,0
DA:238,0
DA:239,0
DA:240,0
DA:241,0
DA:247,0
DA:248,0
DA:249,0
DA:250,0
DA:251,0
DA:253,0
DA:254,0
DA:258,0
DA:267,0
DA:268,0
DA:276,0
DA:278,0
DA:281,0
DA:282,0
DA:292,0
DA:305,0
DA:322,0
DA:325,0
DA:326,0
DA:327,0
DA:328,0
DA:329,0
DA:333,0
DA:334,0
DA:335,0
DA:336,0
DA:337,0
DA:340,0
DA:353,0
DA:356,0
DA:357,0
DA:368,0
DA:370,0
DA:371,0
DA:372,0
DA:374,0
DA:375,0
DA:379,0
DA:385,7
DA:386,7
DA:387,0
DA:390,7
LF:135
LH:9
BRDA:52,0,0,0
BRDA:52,0,1,0
BRDA:52,1,0,0
BRDA:52,1,1,0
BRDA:52,1,2,0
BRDA:79,2,0,0
BRDA:79,2,1,0
BRDA:79,2,2,0
BRDA:80,3,0,0
BRDA:80,3,1,0
BRDA:89,4,0,0
BRDA:89,4,1,0
BRDA:97,5,0,0
BRDA:97,5,1,0
BRDA:104,6,0,0
BRDA:104,6,1,0
BRDA:104,7,0,0
BRDA:104,7,1,0
BRDA:106,8,0,0
BRDA:106,8,1,0
BRDA:113,9,0,0
BRDA:113,9,1,0
BRDA:115,10,0,0
BRDA:115,10,1,0
BRDA:129,11,0,0
BRDA:129,11,1,0
BRDA:134,12,0,0
BRDA:134,12,1,0
BRDA:137,13,0,0
BRDA:137,13,1,0
BRDA:139,14,0,0
BRDA:139,14,1,0
BRDA:150,15,0,0
BRDA:150,15,1,0
BRDA:153,16,0,0
BRDA:153,16,1,0
BRDA:155,17,0,0
BRDA:155,17,1,0
BRDA:157,18,0,0
BRDA:157,18,1,0
BRDA:159,19,0,0
BRDA:159,19,1,0
BRDA:171,20,0,0
BRDA:171,20,1,0
BRDA:173,21,0,0
BRDA:173,21,1,0
BRDA:174,22,0,0
BRDA:174,22,1,0
BRDA:208,23,0,0
BRDA:208,23,1,0
BRDA:216,24,0,0
BRDA:216,24,1,0
BRDA:218,25,0,0
BRDA:218,25,1,0
BRDA:220,26,0,0
BRDA:220,26,1,0
BRDA:220,27,0,0
BRDA:220,27,1,0
BRDA:222,28,0,0
BRDA:222,28,1,0
BRDA:224,29,0,0
BRDA:224,29,1,0
BRDA:234,30,0,0
BRDA:234,30,1,0
BRDA:238,31,0,0
BRDA:238,31,1,0
BRDA:240,32,0,0
BRDA:240,32,1,0
BRDA:247,33,0,0
BRDA:247,33,1,0
BRDA:248,34,0,0
BRDA:248,34,1,0
BRDA:250,35,0,0
BRDA:250,35,1,0
BRDA:267,36,0,0
BRDA:267,36,1,0
BRDA:267,37,0,0
BRDA:267,37,1,0
BRDA:267,37,2,0
BRDA:283,38,0,0
BRDA:283,38,1,0
BRDA:284,39,0,0
BRDA:284,39,1,0
BRDA:285,40,0,0
BRDA:285,40,1,0
BRDA:286,41,0,0
BRDA:286,41,1,0
BRDA:286,41,2,0
BRDA:287,42,0,0
BRDA:287,42,1,0
BRDA:326,43,0,0
BRDA:326,43,1,0
BRDA:327,44,0,0
BRDA:327,44,1,0
BRDA:328,45,0,0
BRDA:328,45,1,0
BRDA:329,46,0,0
BRDA:329,46,1,0
BRDA:334,47,0,0
BRDA:334,47,1,0
BRDA:335,48,0,0
BRDA:335,48,1,0
BRDA:336,49,0,0
BRDA:336,49,1,0
BRDA:337,50,0,0
BRDA:337,50,1,0
BRDA:370,51,0,0
BRDA:370,51,1,0
BRF:108
BRH:0
end_of_record
TN:
SF:src/utils/ttsHelper.js
FN:9,getTTSClient
FN:37,generateTTS
FN:40,(anonymous_2)
FN:96,(anonymous_3)
FN:97,(anonymous_4)
FNF:5
FNH:0
FNDA:0,getTTSClient
FNDA:0,generateTTS
FNDA:0,(anonymous_2)
FNDA:0,(anonymous_3)
FNDA:0,(anonymous_4)
DA:1,4
DA:2,4
DA:3,4
DA:4,4
DA:5,4
DA:8,4
DA:10,0
DA:11,0
DA:13,0
DA:16,4
DA:17,4
DA:18,4
DA:21,4
DA:22,4
DA:25,4
DA:38,0
DA:40,0
DA:43,0
DA:44,0
DA:45,0
DA:48,0
DA:49,0
DA:50,0
DA:51,0
DA:55,0
DA:56,0
DA:57,0
DA:59,0
DA:60,0
DA:62,0
DA:63,0
DA:65,0
DA:66,0
DA:69,0
DA:73,0
DA:76,0
DA:77,0
DA:78,0
DA:79,0
DA:80,0
DA:81,0
DA:86,0
DA:93,0
DA:96,0
DA:97,0
DA:101,0
DA:107,0
DA:108,0
DA:109,0
DA:110,0
DA:112,0
DA:113,0
DA:116,0
DA:120,0
DA:121,0
DA:123,0
DA:125,0
DA:127,0
DA:133,0
DA:134,0
DA:135,0
DA:136,0
DA:137,0
DA:139,0
DA:140,0
DA:145,4
LF:66
LH:13
BRDA:10,0,0,0
BRDA:10,0,1,0
BRDA:43,1,0,0
BRDA:43,1,1,0
BRDA:48,2,0,0
BRDA:48,2,1,0
BRDA:56,3,0,0
BRDA:56,3,1,0
BRDA:60,4,0,0
BRDA:60,4,1,0
BRDA:76,5,0,0
BRDA:76,5,1,0
BRDA:76,6,0,0
BRDA:76,6,1,0
BRDA:78,7,0,0
BRDA:78,7,1,0
BRDA:80,8,0,0
BRDA:80,8,1,0
BRDA:110,9,0,0
BRDA:110,9,1,0
BRDA:123,10,0,0
BRDA:123,10,1,0
BRF:22
BRH:0
end_of_record
